{"/mnt/c/Users/36202/OneDrive/Desktop/LendSmart/code/backend/src/compliance/auditLogger.js": {"path":"/mnt/c/Users/36202/OneDrive/Desktop/LendSmart/code/backend/src/compliance/auditLogger.js","statementMap":{"0":{"start":{"line":1,"column":16},"end":{"line":1,"column":34}},"1":{"start":{"line":2,"column":24},"end":{"line":2,"column":60}},"2":{"start":{"line":3,"column":17},"end":{"line":3,"column":36}},"3":{"start":{"line":4,"column":15},"end":{"line":4,"column":32}},"4":{"start":{"line":5,"column":33},"end":{"line":5,"column":73}},"5":{"start":{"line":9,"column":0},"end":{"line":25,"column":1}},"6":{"start":{"line":10,"column":2},"end":{"line":10,"column":43}},"7":{"start":{"line":12,"column":2},"end":{"line":14,"column":4}},"8":{"start":{"line":16,"column":22},"end":{"line":16,"column":31}},"9":{"start":{"line":17,"column":2},"end":{"line":24,"column":4}},"10":{"start":{"line":18,"column":24},"end":{"line":18,"column":52}},"11":{"start":{"line":20,"column":6},"end":{"line":20,"column":34}},"12":{"start":{"line":21,"column":6},"end":{"line":21,"column":60}},"13":{"start":{"line":21,"column":23},"end":{"line":21,"column":46}},"14":{"start":{"line":23,"column":24},"end":{"line":23,"column":47}},"15":{"start":{"line":30,"column":23},"end":{"line":133,"column":1}},"16":{"start":{"line":37,"column":8},"end":{"line":37,"column":72}},"17":{"start":{"line":136,"column":0},"end":{"line":136,"column":53}},"18":{"start":{"line":137,"column":0},"end":{"line":137,"column":51}},"19":{"start":{"line":138,"column":0},"end":{"line":138,"column":47}},"20":{"start":{"line":139,"column":0},"end":{"line":139,"column":63}},"21":{"start":{"line":142,"column":0},"end":{"line":142,"column":70}},"22":{"start":{"line":144,"column":17},"end":{"line":144,"column":59}},"23":{"start":{"line":152,"column":4},"end":{"line":152,"column":52}},"24":{"start":{"line":153,"column":4},"end":{"line":153,"column":23}},"25":{"start":{"line":154,"column":4},"end":{"line":154,"column":31}},"26":{"start":{"line":162,"column":24},"end":{"line":176,"column":5}},"27":{"start":{"line":169,"column":8},"end":{"line":174,"column":11}},"28":{"start":{"line":179,"column":27},"end":{"line":187,"column":6}},"29":{"start":{"line":190,"column":30},"end":{"line":198,"column":6}},"30":{"start":{"line":201,"column":31},"end":{"line":209,"column":6}},"31":{"start":{"line":211,"column":4},"end":{"line":215,"column":7}},"32":{"start":{"line":218,"column":4},"end":{"line":227,"column":5}},"33":{"start":{"line":219,"column":6},"end":{"line":226,"column":8}},"34":{"start":{"line":234,"column":4},"end":{"line":234,"column":25}},"35":{"start":{"line":235,"column":4},"end":{"line":235,"column":26}},"36":{"start":{"line":244,"column":4},"end":{"line":257,"column":5}},"37":{"start":{"line":246,"column":6},"end":{"line":246,"column":64}},"38":{"start":{"line":247,"column":6},"end":{"line":247,"column":75}},"39":{"start":{"line":250,"column":23},"end":{"line":250,"column":46}},"40":{"start":{"line":251,"column":6},"end":{"line":251,"column":28}},"41":{"start":{"line":253,"column":6},"end":{"line":253,"column":22}},"42":{"start":{"line":255,"column":6},"end":{"line":255,"column":67}},"43":{"start":{"line":256,"column":6},"end":{"line":256,"column":18}},"44":{"start":{"line":266,"column":23},"end":{"line":286,"column":5}},"45":{"start":{"line":288,"column":4},"end":{"line":288,"column":39}},"46":{"start":{"line":297,"column":29},"end":{"line":302,"column":5}},"47":{"start":{"line":304,"column":19},"end":{"line":304,"column":73}},"48":{"start":{"line":305,"column":4},"end":{"line":305,"column":41}},"49":{"start":{"line":314,"column":23},"end":{"line":318,"column":6}},"50":{"start":{"line":320,"column":4},"end":{"line":320,"column":62}},"51":{"start":{"line":321,"column":4},"end":{"line":321,"column":42}},"52":{"start":{"line":324,"column":24},"end":{"line":339,"column":5}},"53":{"start":{"line":341,"column":4},"end":{"line":341,"column":51}},"54":{"start":{"line":350,"column":23},"end":{"line":354,"column":6}},"55":{"start":{"line":356,"column":4},"end":{"line":356,"column":59}},"56":{"start":{"line":357,"column":4},"end":{"line":357,"column":42}},"57":{"start":{"line":360,"column":24},"end":{"line":379,"column":5}},"58":{"start":{"line":381,"column":4},"end":{"line":381,"column":51}},"59":{"start":{"line":390,"column":23},"end":{"line":395,"column":6}},"60":{"start":{"line":397,"column":4},"end":{"line":397,"column":57}},"61":{"start":{"line":398,"column":4},"end":{"line":398,"column":42}},"62":{"start":{"line":399,"column":4},"end":{"line":399,"column":45}},"63":{"start":{"line":402,"column":24},"end":{"line":419,"column":5}},"64":{"start":{"line":421,"column":4},"end":{"line":421,"column":51}},"65":{"start":{"line":430,"column":30},"end":{"line":436,"column":5}},"66":{"start":{"line":438,"column":4},"end":{"line":438,"column":45}},"67":{"start":{"line":446,"column":23},"end":{"line":451,"column":6}},"68":{"start":{"line":453,"column":4},"end":{"line":453,"column":63}},"69":{"start":{"line":454,"column":4},"end":{"line":454,"column":42}},"70":{"start":{"line":455,"column":4},"end":{"line":455,"column":48}},"71":{"start":{"line":463,"column":23},"end":{"line":467,"column":6}},"72":{"start":{"line":469,"column":4},"end":{"line":469,"column":52}},"73":{"start":{"line":470,"column":4},"end":{"line":470,"column":42}},"74":{"start":{"line":478,"column":23},"end":{"line":487,"column":5}},"75":{"start":{"line":489,"column":4},"end":{"line":489,"column":58}},"76":{"start":{"line":490,"column":4},"end":{"line":490,"column":42}},"77":{"start":{"line":492,"column":4},"end":{"line":494,"column":5}},"78":{"start":{"line":493,"column":6},"end":{"line":493,"column":49}},"79":{"start":{"line":502,"column":23},"end":{"line":506,"column":6}},"80":{"start":{"line":508,"column":4},"end":{"line":508,"column":59}},"81":{"start":{"line":509,"column":4},"end":{"line":509,"column":42}},"82":{"start":{"line":517,"column":23},"end":{"line":522,"column":6}},"83":{"start":{"line":524,"column":4},"end":{"line":524,"column":60}},"84":{"start":{"line":525,"column":4},"end":{"line":525,"column":42}},"85":{"start":{"line":526,"column":4},"end":{"line":526,"column":45}},"86":{"start":{"line":534,"column":23},"end":{"line":538,"column":6}},"87":{"start":{"line":540,"column":4},"end":{"line":540,"column":54}},"88":{"start":{"line":541,"column":4},"end":{"line":541,"column":42}},"89":{"start":{"line":549,"column":23},"end":{"line":553,"column":6}},"90":{"start":{"line":556,"column":4},"end":{"line":559,"column":5}},"91":{"start":{"line":557,"column":6},"end":{"line":557,"column":54}},"92":{"start":{"line":558,"column":6},"end":{"line":558,"column":44}},"93":{"start":{"line":570,"column":22},"end":{"line":570,"column":46}},"94":{"start":{"line":571,"column":20},"end":{"line":571,"column":39}},"95":{"start":{"line":574,"column":21},"end":{"line":584,"column":5}},"96":{"start":{"line":587,"column":4},"end":{"line":589,"column":5}},"97":{"start":{"line":588,"column":6},"end":{"line":588,"column":65}},"98":{"start":{"line":592,"column":4},"end":{"line":592,"column":71}},"99":{"start":{"line":593,"column":4},"end":{"line":593,"column":45}},"100":{"start":{"line":595,"column":4},"end":{"line":595,"column":22}},"101":{"start":{"line":604,"column":28},"end":{"line":614,"column":5}},"102":{"start":{"line":616,"column":22},"end":{"line":616,"column":39}},"103":{"start":{"line":618,"column":4},"end":{"line":625,"column":5}},"104":{"start":{"line":619,"column":6},"end":{"line":624,"column":7}},"105":{"start":{"line":620,"column":8},"end":{"line":623,"column":10}},"106":{"start":{"line":627,"column":4},"end":{"line":627,"column":21}},"107":{"start":{"line":637,"column":45},"end":{"line":637,"column":55}},"108":{"start":{"line":638,"column":23},"end":{"line":641,"column":5}},"109":{"start":{"line":644,"column":17},"end":{"line":647,"column":5}},"110":{"start":{"line":648,"column":4},"end":{"line":648,"column":28}},"111":{"start":{"line":649,"column":4},"end":{"line":649,"column":30}},"112":{"start":{"line":657,"column":4},"end":{"line":669,"column":5}},"113":{"start":{"line":658,"column":22},"end":{"line":658,"column":56}},"114":{"start":{"line":659,"column":23},"end":{"line":664,"column":7}},"115":{"start":{"line":666,"column":6},"end":{"line":666,"column":78}},"116":{"start":{"line":668,"column":6},"end":{"line":668,"column":58}},"117":{"start":{"line":678,"column":4},"end":{"line":692,"column":5}},"118":{"start":{"line":679,"column":22},"end":{"line":679,"column":45}},"119":{"start":{"line":680,"column":25},"end":{"line":680,"column":55}},"120":{"start":{"line":682,"column":6},"end":{"line":684,"column":7}},"121":{"start":{"line":683,"column":8},"end":{"line":683,"column":21}},"122":{"start":{"line":688,"column":6},"end":{"line":688,"column":18}},"123":{"start":{"line":690,"column":6},"end":{"line":690,"column":64}},"124":{"start":{"line":691,"column":6},"end":{"line":691,"column":19}},"125":{"start":{"line":707,"column":8},"end":{"line":707,"column":16}},"126":{"start":{"line":711,"column":4},"end":{"line":726,"column":6}},"127":{"start":{"line":735,"column":4},"end":{"line":739,"column":7}},"128":{"start":{"line":748,"column":4},"end":{"line":752,"column":7}},"129":{"start":{"line":761,"column":4},"end":{"line":765,"column":7}},"130":{"start":{"line":774,"column":23},"end":{"line":789,"column":5}},"131":{"start":{"line":791,"column":4},"end":{"line":791,"column":54}},"132":{"start":{"line":792,"column":4},"end":{"line":792,"column":42}},"133":{"start":{"line":806,"column":8},"end":{"line":806,"column":22}},"134":{"start":{"line":809,"column":4},"end":{"line":816,"column":6}},"135":{"start":{"line":825,"column":24},"end":{"line":829,"column":5}},"136":{"start":{"line":831,"column":4},"end":{"line":831,"column":59}},"137":{"start":{"line":832,"column":4},"end":{"line":832,"column":23}},"138":{"start":{"line":837,"column":18},"end":{"line":837,"column":22}},"139":{"start":{"line":844,"column":2},"end":{"line":846,"column":3}},"140":{"start":{"line":845,"column":4},"end":{"line":845,"column":36}},"141":{"start":{"line":847,"column":2},"end":{"line":847,"column":21}},"142":{"start":{"line":856,"column":17},"end":{"line":856,"column":33}},"143":{"start":{"line":858,"column":2},"end":{"line":905,"column":4}},"144":{"start":{"line":859,"column":22},"end":{"line":859,"column":32}},"145":{"start":{"line":862,"column":25},"end":{"line":862,"column":33}},"146":{"start":{"line":863,"column":23},"end":{"line":863,"column":27}},"147":{"start":{"line":865,"column":4},"end":{"line":868,"column":6}},"148":{"start":{"line":866,"column":6},"end":{"line":866,"column":26}},"149":{"start":{"line":867,"column":6},"end":{"line":867,"column":43}},"150":{"start":{"line":871,"column":4},"end":{"line":871,"column":11}},"151":{"start":{"line":874,"column":4},"end":{"line":904,"column":7}},"152":{"start":{"line":875,"column":23},"end":{"line":875,"column":45}},"153":{"start":{"line":877,"column":24},"end":{"line":888,"column":7}},"154":{"start":{"line":891,"column":6},"end":{"line":896,"column":7}},"155":{"start":{"line":892,"column":30},"end":{"line":892,"column":45}},"156":{"start":{"line":893,"column":8},"end":{"line":893,"column":38}},"157":{"start":{"line":894,"column":8},"end":{"line":894,"column":45}},"158":{"start":{"line":895,"column":8},"end":{"line":895,"column":46}},"159":{"start":{"line":899,"column":6},"end":{"line":901,"column":7}},"160":{"start":{"line":900,"column":8},"end":{"line":900,"column":46}},"161":{"start":{"line":903,"column":6},"end":{"line":903,"column":43}},"162":{"start":{"line":909,"column":29},"end":{"line":909,"column":45}},"163":{"start":{"line":911,"column":0},"end":{"line":918,"column":2}},"164":{"start":{"line":917,"column":4},"end":{"line":917,"column":67}}},"fnMap":{"0":{"name":"(anonymous_0)","decl":{"start":{"line":18,"column":9},"end":{"line":18,"column":10}},"loc":{"start":{"line":18,"column":24},"end":{"line":18,"column":52}},"line":18},"1":{"name":"(anonymous_1)","decl":{"start":{"line":19,"column":11},"end":{"line":19,"column":12}},"loc":{"start":{"line":19,"column":38},"end":{"line":22,"column":5}},"line":19},"2":{"name":"(anonymous_2)","decl":{"start":{"line":21,"column":17},"end":{"line":21,"column":18}},"loc":{"start":{"line":21,"column":23},"end":{"line":21,"column":46}},"line":21},"3":{"name":"(anonymous_3)","decl":{"start":{"line":23,"column":9},"end":{"line":23,"column":10}},"loc":{"start":{"line":23,"column":24},"end":{"line":23,"column":47}},"line":23},"4":{"name":"(anonymous_4)","decl":{"start":{"line":36,"column":15},"end":{"line":36,"column":16}},"loc":{"start":{"line":37,"column":8},"end":{"line":37,"column":72}},"line":37},"5":{"name":"(anonymous_5)","decl":{"start":{"line":151,"column":2},"end":{"line":151,"column":3}},"loc":{"start":{"line":151,"column":16},"end":{"line":155,"column":3}},"line":151},"6":{"name":"(anonymous_6)","decl":{"start":{"line":160,"column":2},"end":{"line":160,"column":3}},"loc":{"start":{"line":160,"column":16},"end":{"line":228,"column":3}},"line":160},"7":{"name":"(anonymous_7)","decl":{"start":{"line":168,"column":28},"end":{"line":168,"column":29}},"loc":{"start":{"line":168,"column":38},"end":{"line":175,"column":7}},"line":168},"8":{"name":"(anonymous_8)","decl":{"start":{"line":233,"column":2},"end":{"line":233,"column":3}},"loc":{"start":{"line":233,"column":24},"end":{"line":236,"column":3}},"line":233},"9":{"name":"(anonymous_9)","decl":{"start":{"line":243,"column":2},"end":{"line":243,"column":3}},"loc":{"start":{"line":243,"column":42},"end":{"line":258,"column":3}},"line":243},"10":{"name":"(anonymous_10)","decl":{"start":{"line":265,"column":2},"end":{"line":265,"column":3}},"loc":{"start":{"line":265,"column":23},"end":{"line":289,"column":3}},"line":265},"11":{"name":"(anonymous_11)","decl":{"start":{"line":296,"column":2},"end":{"line":296,"column":3}},"loc":{"start":{"line":296,"column":30},"end":{"line":306,"column":3}},"line":296},"12":{"name":"(anonymous_12)","decl":{"start":{"line":312,"column":2},"end":{"line":312,"column":3}},"loc":{"start":{"line":312,"column":28},"end":{"line":342,"column":3}},"line":312},"13":{"name":"(anonymous_13)","decl":{"start":{"line":348,"column":2},"end":{"line":348,"column":3}},"loc":{"start":{"line":348,"column":28},"end":{"line":382,"column":3}},"line":348},"14":{"name":"(anonymous_14)","decl":{"start":{"line":388,"column":2},"end":{"line":388,"column":3}},"loc":{"start":{"line":388,"column":32},"end":{"line":422,"column":3}},"line":388},"15":{"name":"(anonymous_15)","decl":{"start":{"line":429,"column":2},"end":{"line":429,"column":3}},"loc":{"start":{"line":429,"column":31},"end":{"line":439,"column":3}},"line":429},"16":{"name":"(anonymous_16)","decl":{"start":{"line":445,"column":2},"end":{"line":445,"column":3}},"loc":{"start":{"line":445,"column":45},"end":{"line":456,"column":3}},"line":445},"17":{"name":"(anonymous_17)","decl":{"start":{"line":462,"column":2},"end":{"line":462,"column":3}},"loc":{"start":{"line":462,"column":32},"end":{"line":471,"column":3}},"line":462},"18":{"name":"(anonymous_18)","decl":{"start":{"line":477,"column":2},"end":{"line":477,"column":3}},"loc":{"start":{"line":477,"column":44},"end":{"line":495,"column":3}},"line":477},"19":{"name":"(anonymous_19)","decl":{"start":{"line":501,"column":2},"end":{"line":501,"column":3}},"loc":{"start":{"line":501,"column":34},"end":{"line":510,"column":3}},"line":501},"20":{"name":"(anonymous_20)","decl":{"start":{"line":516,"column":2},"end":{"line":516,"column":3}},"loc":{"start":{"line":516,"column":38},"end":{"line":527,"column":3}},"line":516},"21":{"name":"(anonymous_21)","decl":{"start":{"line":533,"column":2},"end":{"line":533,"column":3}},"loc":{"start":{"line":533,"column":36},"end":{"line":542,"column":3}},"line":533},"22":{"name":"(anonymous_22)","decl":{"start":{"line":548,"column":2},"end":{"line":548,"column":3}},"loc":{"start":{"line":548,"column":32},"end":{"line":560,"column":3}},"line":548},"23":{"name":"(anonymous_23)","decl":{"start":{"line":569,"column":2},"end":{"line":569,"column":3}},"loc":{"start":{"line":569,"column":61},"end":{"line":596,"column":3}},"line":569},"24":{"name":"(anonymous_24)","decl":{"start":{"line":603,"column":2},"end":{"line":603,"column":3}},"loc":{"start":{"line":603,"column":43},"end":{"line":628,"column":3}},"line":603},"25":{"name":"(anonymous_25)","decl":{"start":{"line":635,"column":2},"end":{"line":635,"column":3}},"loc":{"start":{"line":635,"column":37},"end":{"line":650,"column":3}},"line":635},"26":{"name":"(anonymous_26)","decl":{"start":{"line":656,"column":2},"end":{"line":656,"column":3}},"loc":{"start":{"line":656,"column":35},"end":{"line":670,"column":3}},"line":656},"27":{"name":"(anonymous_27)","decl":{"start":{"line":677,"column":2},"end":{"line":677,"column":3}},"loc":{"start":{"line":677,"column":38},"end":{"line":693,"column":3}},"line":677},"28":{"name":"(anonymous_28)","decl":{"start":{"line":700,"column":2},"end":{"line":700,"column":3}},"loc":{"start":{"line":700,"column":43},"end":{"line":727,"column":3}},"line":700},"29":{"name":"(anonymous_29)","decl":{"start":{"line":733,"column":2},"end":{"line":733,"column":3}},"loc":{"start":{"line":733,"column":41},"end":{"line":740,"column":3}},"line":733},"30":{"name":"(anonymous_30)","decl":{"start":{"line":746,"column":2},"end":{"line":746,"column":3}},"loc":{"start":{"line":746,"column":40},"end":{"line":753,"column":3}},"line":746},"31":{"name":"(anonymous_31)","decl":{"start":{"line":759,"column":2},"end":{"line":759,"column":3}},"loc":{"start":{"line":759,"column":38},"end":{"line":766,"column":3}},"line":759},"32":{"name":"(anonymous_32)","decl":{"start":{"line":773,"column":2},"end":{"line":773,"column":3}},"loc":{"start":{"line":773,"column":41},"end":{"line":793,"column":3}},"line":773},"33":{"name":"(anonymous_33)","decl":{"start":{"line":800,"column":2},"end":{"line":800,"column":3}},"loc":{"start":{"line":800,"column":40},"end":{"line":817,"column":3}},"line":800},"34":{"name":"(anonymous_34)","decl":{"start":{"line":823,"column":2},"end":{"line":823,"column":3}},"loc":{"start":{"line":823,"column":38},"end":{"line":833,"column":3}},"line":823},"35":{"name":"getAuditLogger","decl":{"start":{"line":843,"column":9},"end":{"line":843,"column":23}},"loc":{"start":{"line":843,"column":26},"end":{"line":848,"column":1}},"line":843},"36":{"name":"auditMiddleware","decl":{"start":{"line":855,"column":9},"end":{"line":855,"column":24}},"loc":{"start":{"line":855,"column":39},"end":{"line":906,"column":1}},"line":855},"37":{"name":"(anonymous_37)","decl":{"start":{"line":858,"column":9},"end":{"line":858,"column":10}},"loc":{"start":{"line":858,"column":35},"end":{"line":905,"column":3}},"line":858},"38":{"name":"(anonymous_38)","decl":{"start":{"line":865,"column":15},"end":{"line":865,"column":16}},"loc":{"start":{"line":865,"column":31},"end":{"line":868,"column":5}},"line":865},"39":{"name":"(anonymous_39)","decl":{"start":{"line":874,"column":21},"end":{"line":874,"column":22}},"loc":{"start":{"line":874,"column":33},"end":{"line":904,"column":5}},"line":874},"40":{"name":"(anonymous_40)","decl":{"start":{"line":916,"column":18},"end":{"line":916,"column":19}},"loc":{"start":{"line":917,"column":4},"end":{"line":917,"column":67}},"line":917}},"branchMap":{"0":{"loc":{"start":{"line":18,"column":24},"end":{"line":18,"column":52}},"type":"binary-expr","locations":[{"start":{"line":18,"column":24},"end":{"line":18,"column":44}},{"start":{"line":18,"column":48},"end":{"line":18,"column":52}}],"line":18},"1":{"loc":{"start":{"line":218,"column":4},"end":{"line":227,"column":5}},"type":"if","locations":[{"start":{"line":218,"column":4},"end":{"line":227,"column":5}},{"start":{},"end":{}}],"line":218},"2":{"loc":{"start":{"line":288,"column":11},"end":{"line":288,"column":38}},"type":"binary-expr","locations":[{"start":{"line":288,"column":11},"end":{"line":288,"column":29}},{"start":{"line":288,"column":33},"end":{"line":288,"column":38}}],"line":288},"3":{"loc":{"start":{"line":304,"column":19},"end":{"line":304,"column":73}},"type":"binary-expr","locations":[{"start":{"line":304,"column":19},"end":{"line":304,"column":46}},{"start":{"line":304,"column":50},"end":{"line":304,"column":73}}],"line":304},"4":{"loc":{"start":{"line":316,"column":16},"end":{"line":316,"column":47}},"type":"cond-expr","locations":[{"start":{"line":316,"column":32},"end":{"line":316,"column":38}},{"start":{"line":316,"column":41},"end":{"line":316,"column":47}}],"line":316},"5":{"loc":{"start":{"line":326,"column":14},"end":{"line":326,"column":42}},"type":"binary-expr","locations":[{"start":{"line":326,"column":14},"end":{"line":326,"column":26}},{"start":{"line":326,"column":30},"end":{"line":326,"column":42}}],"line":326},"6":{"loc":{"start":{"line":362,"column":14},"end":{"line":362,"column":43}},"type":"binary-expr","locations":[{"start":{"line":362,"column":14},"end":{"line":362,"column":26}},{"start":{"line":362,"column":30},"end":{"line":362,"column":43}}],"line":362},"7":{"loc":{"start":{"line":368,"column":15},"end":{"line":368,"column":36}},"type":"binary-expr","locations":[{"start":{"line":368,"column":15},"end":{"line":368,"column":28}},{"start":{"line":368,"column":32},"end":{"line":368,"column":36}}],"line":368},"8":{"loc":{"start":{"line":404,"column":14},"end":{"line":404,"column":49}},"type":"binary-expr","locations":[{"start":{"line":404,"column":14},"end":{"line":404,"column":26}},{"start":{"line":404,"column":30},"end":{"line":404,"column":49}}],"line":404},"9":{"loc":{"start":{"line":408,"column":15},"end":{"line":408,"column":37}},"type":"binary-expr","locations":[{"start":{"line":408,"column":15},"end":{"line":408,"column":28}},{"start":{"line":408,"column":32},"end":{"line":408,"column":37}}],"line":408},"10":{"loc":{"start":{"line":438,"column":11},"end":{"line":438,"column":44}},"type":"binary-expr","locations":[{"start":{"line":438,"column":11},"end":{"line":438,"column":38}},{"start":{"line":438,"column":42},"end":{"line":438,"column":44}}],"line":438},"11":{"loc":{"start":{"line":483,"column":18},"end":{"line":483,"column":74}},"type":"cond-expr","locations":[{"start":{"line":483,"column":58},"end":{"line":483,"column":65}},{"start":{"line":483,"column":68},"end":{"line":483,"column":74}}],"line":483},"12":{"loc":{"start":{"line":492,"column":4},"end":{"line":494,"column":5}},"type":"if","locations":[{"start":{"line":492,"column":4},"end":{"line":494,"column":5}},{"start":{},"end":{}}],"line":492},"13":{"loc":{"start":{"line":556,"column":4},"end":{"line":559,"column":5}},"type":"if","locations":[{"start":{"line":556,"column":4},"end":{"line":559,"column":5}},{"start":{},"end":{}}],"line":556},"14":{"loc":{"start":{"line":556,"column":8},"end":{"line":556,"column":54}},"type":"binary-expr","locations":[{"start":{"line":556,"column":8},"end":{"line":556,"column":27}},{"start":{"line":556,"column":31},"end":{"line":556,"column":54}}],"line":556},"15":{"loc":{"start":{"line":569,"column":47},"end":{"line":569,"column":59}},"type":"default-arg","locations":[{"start":{"line":569,"column":57},"end":{"line":569,"column":59}}],"line":569},"16":{"loc":{"start":{"line":578,"column":16},"end":{"line":578,"column":45}},"type":"binary-expr","locations":[{"start":{"line":578,"column":16},"end":{"line":578,"column":32}},{"start":{"line":578,"column":36},"end":{"line":578,"column":45}}],"line":578},"17":{"loc":{"start":{"line":579,"column":16},"end":{"line":579,"column":42}},"type":"binary-expr","locations":[{"start":{"line":579,"column":16},"end":{"line":579,"column":32}},{"start":{"line":579,"column":36},"end":{"line":579,"column":42}}],"line":579},"18":{"loc":{"start":{"line":580,"column":17},"end":{"line":580,"column":46}},"type":"binary-expr","locations":[{"start":{"line":580,"column":17},"end":{"line":580,"column":34}},{"start":{"line":580,"column":38},"end":{"line":580,"column":46}}],"line":580},"19":{"loc":{"start":{"line":587,"column":4},"end":{"line":589,"column":5}},"type":"if","locations":[{"start":{"line":587,"column":4},"end":{"line":589,"column":5}},{"start":{},"end":{}}],"line":587},"20":{"loc":{"start":{"line":619,"column":6},"end":{"line":624,"column":7}},"type":"if","locations":[{"start":{"line":619,"column":6},"end":{"line":624,"column":7}},{"start":{},"end":{}}],"line":619},"21":{"loc":{"start":{"line":619,"column":10},"end":{"line":619,"column":69}},"type":"binary-expr","locations":[{"start":{"line":619,"column":10},"end":{"line":619,"column":40}},{"start":{"line":619,"column":44},"end":{"line":619,"column":69}}],"line":619},"22":{"loc":{"start":{"line":646,"column":6},"end":{"line":646,"column":54}},"type":"binary-expr","locations":[{"start":{"line":646,"column":6},"end":{"line":646,"column":37}},{"start":{"line":646,"column":41},"end":{"line":646,"column":54}}],"line":646},"23":{"loc":{"start":{"line":682,"column":6},"end":{"line":684,"column":7}},"type":"if","locations":[{"start":{"line":682,"column":6},"end":{"line":684,"column":7}},{"start":{},"end":{}}],"line":682},"24":{"loc":{"start":{"line":704,"column":6},"end":{"line":704,"column":21}},"type":"default-arg","locations":[{"start":{"line":704,"column":19},"end":{"line":704,"column":21}}],"line":704},"25":{"loc":{"start":{"line":705,"column":6},"end":{"line":705,"column":21}},"type":"default-arg","locations":[{"start":{"line":705,"column":19},"end":{"line":705,"column":21}}],"line":705},"26":{"loc":{"start":{"line":706,"column":6},"end":{"line":706,"column":19}},"type":"default-arg","locations":[{"start":{"line":706,"column":15},"end":{"line":706,"column":19}}],"line":706},"27":{"loc":{"start":{"line":773,"column":30},"end":{"line":773,"column":39}},"type":"default-arg","locations":[{"start":{"line":773,"column":37},"end":{"line":773,"column":39}}],"line":773},"28":{"loc":{"start":{"line":804,"column":6},"end":{"line":804,"column":21}},"type":"default-arg","locations":[{"start":{"line":804,"column":15},"end":{"line":804,"column":21}}],"line":804},"29":{"loc":{"start":{"line":805,"column":6},"end":{"line":805,"column":30}},"type":"default-arg","locations":[{"start":{"line":805,"column":25},"end":{"line":805,"column":30}}],"line":805},"30":{"loc":{"start":{"line":844,"column":2},"end":{"line":846,"column":3}},"type":"if","locations":[{"start":{"line":844,"column":2},"end":{"line":846,"column":3}},{"start":{},"end":{}}],"line":844},"31":{"loc":{"start":{"line":855,"column":25},"end":{"line":855,"column":37}},"type":"default-arg","locations":[{"start":{"line":855,"column":35},"end":{"line":855,"column":37}}],"line":855},"32":{"loc":{"start":{"line":886,"column":19},"end":{"line":886,"column":45}},"type":"binary-expr","locations":[{"start":{"line":886,"column":19},"end":{"line":886,"column":36}},{"start":{"line":886,"column":40},"end":{"line":886,"column":45}}],"line":886},"33":{"loc":{"start":{"line":891,"column":6},"end":{"line":896,"column":7}},"type":"if","locations":[{"start":{"line":891,"column":6},"end":{"line":896,"column":7}},{"start":{},"end":{}}],"line":891},"34":{"loc":{"start":{"line":891,"column":10},"end":{"line":891,"column":44}},"type":"binary-expr","locations":[{"start":{"line":891,"column":10},"end":{"line":891,"column":32}},{"start":{"line":891,"column":36},"end":{"line":891,"column":44}}],"line":891},"35":{"loc":{"start":{"line":899,"column":6},"end":{"line":901,"column":7}},"type":"if","locations":[{"start":{"line":899,"column":6},"end":{"line":901,"column":7}},{"start":{},"end":{}}],"line":899},"36":{"loc":{"start":{"line":899,"column":10},"end":{"line":899,"column":58}},"type":"binary-expr","locations":[{"start":{"line":899,"column":10},"end":{"line":899,"column":31}},{"start":{"line":899,"column":35},"end":{"line":899,"column":58}}],"line":899}},"s":{"0":7,"1":7,"2":7,"3":7,"4":7,"5":7,"6":7,"7":0,"8":0,"9":0,"10":0,"11":0,"12":0,"13":0,"14":0,"15":7,"16":45,"17":7,"18":7,"19":7,"20":7,"21":7,"22":7,"23":7,"24":7,"25":7,"26":7,"27":154,"28":7,"29":7,"30":7,"31":7,"32":7,"33":0,"34":7,"35":7,"36":45,"37":45,"38":45,"39":45,"40":45,"41":45,"42":0,"43":0,"44":45,"45":45,"46":45,"47":45,"48":45,"49":45,"50":45,"51":45,"52":45,"53":45,"54":0,"55":0,"56":0,"57":0,"58":0,"59":0,"60":0,"61":0,"62":0,"63":0,"64":0,"65":0,"66":0,"67":0,"68":0,"69":0,"70":0,"71":0,"72":0,"73":0,"74":0,"75":0,"76":0,"77":0,"78":0,"79":23,"80":23,"81":23,"82":0,"83":0,"84":0,"85":0,"86":6,"87":6,"88":6,"89":0,"90":0,"91":0,"92":0,"93":74,"94":74,"95":74,"96":74,"97":0,"98":74,"99":74,"100":74,"101":0,"102":0,"103":0,"104":0,"105":0,"106":0,"107":74,"108":74,"109":74,"110":74,"111":74,"112":74,"113":74,"114":74,"115":74,"116":0,"117":0,"118":0,"119":0,"120":0,"121":0,"122":0,"123":0,"124":0,"125":0,"126":0,"127":0,"128":0,"129":0,"130":0,"131":0,"132":0,"133":0,"134":0,"135":0,"136":0,"137":0,"138":7,"139":50,"140":7,"141":50,"142":0,"143":0,"144":0,"145":0,"146":0,"147":0,"148":0,"149":0,"150":0,"151":0,"152":0,"153":0,"154":0,"155":0,"156":0,"157":0,"158":0,"159":0,"160":0,"161":0,"162":7,"163":7,"164":1},"f":{"0":0,"1":0,"2":0,"3":0,"4":45,"5":7,"6":7,"7":154,"8":7,"9":45,"10":45,"11":45,"12":45,"13":0,"14":0,"15":0,"16":0,"17":0,"18":0,"19":23,"20":0,"21":6,"22":0,"23":74,"24":0,"25":74,"26":74,"27":0,"28":0,"29":0,"30":0,"31":0,"32":0,"33":0,"34":0,"35":50,"36":0,"37":0,"38":0,"39":0,"40":1},"b":{"0":[0,0],"1":[0,7],"2":[45,39],"3":[45,0],"4":[28,17],"5":[45,0],"6":[0,0],"7":[0,0],"8":[0,0],"9":[0,0],"10":[0,0],"11":[0,0],"12":[0,0],"13":[0,0],"14":[0,0],"15":[0],"16":[74,0],"17":[74,0],"18":[74,0],"19":[0,74],"20":[0,0],"21":[0,0],"22":[74,74],"23":[0,0],"24":[0],"25":[0],"26":[0],"27":[0],"28":[0],"29":[0],"30":[7,43],"31":[0],"32":[0,0],"33":[0,0],"34":[0,0],"35":[0,0],"36":[0,0]},"_coverageSchema":"1a1c01bbd47fc00a2c39e90264f33305004495a9","hash":"577a918d7c40ede4b11c99d1df85c154f7ef96d5"}
,"/mnt/c/Users/36202/OneDrive/Desktop/LendSmart/code/backend/src/compliance/gdprCompliance.js": {"path":"/mnt/c/Users/36202/OneDrive/Desktop/LendSmart/code/backend/src/compliance/gdprCompliance.js","statementMap":{"0":{"start":{"line":1,"column":15},"end":{"line":1,"column":32}},"1":{"start":{"line":2,"column":33},"end":{"line":2,"column":73}},"2":{"start":{"line":3,"column":27},"end":{"line":3,"column":51}},"3":{"start":{"line":4,"column":13},"end":{"line":4,"column":38}},"4":{"start":{"line":5,"column":13},"end":{"line":5,"column":38}},"5":{"start":{"line":6,"column":19},"end":{"line":6,"column":45}},"6":{"start":{"line":10,"column":0},"end":{"line":31,"column":1}},"7":{"start":{"line":11,"column":2},"end":{"line":11,"column":43}},"8":{"start":{"line":13,"column":16},"end":{"line":13,"column":25}},"9":{"start":{"line":14,"column":2},"end":{"line":30,"column":4}},"10":{"start":{"line":15,"column":22},"end":{"line":15,"column":42}},"11":{"start":{"line":17,"column":6},"end":{"line":17,"column":22}},"12":{"start":{"line":18,"column":6},"end":{"line":18,"column":52}},"13":{"start":{"line":18,"column":23},"end":{"line":18,"column":38}},"14":{"start":{"line":19,"column":6},"end":{"line":19,"column":18}},"15":{"start":{"line":22,"column":6},"end":{"line":22,"column":22}},"16":{"start":{"line":23,"column":6},"end":{"line":23,"column":52}},"17":{"start":{"line":23,"column":23},"end":{"line":23,"column":38}},"18":{"start":{"line":24,"column":6},"end":{"line":24,"column":18}},"19":{"start":{"line":27,"column":6},"end":{"line":27,"column":22}},"20":{"start":{"line":28,"column":6},"end":{"line":28,"column":15}},"21":{"start":{"line":39,"column":4},"end":{"line":39,"column":52}},"22":{"start":{"line":40,"column":4},"end":{"line":40,"column":40}},"23":{"start":{"line":41,"column":4},"end":{"line":41,"column":63}},"24":{"start":{"line":42,"column":4},"end":{"line":42,"column":49}},"25":{"start":{"line":50,"column":4},"end":{"line":76,"column":6}},"26":{"start":{"line":84,"column":4},"end":{"line":116,"column":6}},"27":{"start":{"line":128,"column":4},"end":{"line":183,"column":5}},"28":{"start":{"line":129,"column":28},"end":{"line":137,"column":7}},"29":{"start":{"line":140,"column":30},"end":{"line":143,"column":7}},"30":{"start":{"line":145,"column":25},"end":{"line":145,"column":71}},"31":{"start":{"line":146,"column":6},"end":{"line":146,"column":76}},"32":{"start":{"line":149,"column":32},"end":{"line":149,"column":59}},"33":{"start":{"line":150,"column":6},"end":{"line":154,"column":8}},"34":{"start":{"line":157,"column":6},"end":{"line":164,"column":9}},"35":{"start":{"line":166,"column":6},"end":{"line":170,"column":9}},"36":{"start":{"line":172,"column":6},"end":{"line":176,"column":8}},"37":{"start":{"line":178,"column":6},"end":{"line":181,"column":9}},"38":{"start":{"line":182,"column":6},"end":{"line":182,"column":50}},"39":{"start":{"line":192,"column":4},"end":{"line":218,"column":5}},"40":{"start":{"line":193,"column":25},"end":{"line":193,"column":52}},"41":{"start":{"line":194,"column":26},"end":{"line":194,"column":59}},"42":{"start":{"line":196,"column":6},"end":{"line":202,"column":7}},"43":{"start":{"line":197,"column":8},"end":{"line":201,"column":10}},"44":{"start":{"line":204,"column":23},"end":{"line":204,"column":46}},"45":{"start":{"line":206,"column":6},"end":{"line":211,"column":8}},"46":{"start":{"line":213,"column":6},"end":{"line":216,"column":9}},"47":{"start":{"line":217,"column":6},"end":{"line":217,"column":59}},"48":{"start":{"line":230,"column":4},"end":{"line":261,"column":5}},"49":{"start":{"line":232,"column":29},"end":{"line":232,"column":64}},"50":{"start":{"line":235,"column":21},"end":{"line":240,"column":7}},"51":{"start":{"line":243,"column":6},"end":{"line":252,"column":7}},"52":{"start":{"line":244,"column":34},"end":{"line":247,"column":9}},"53":{"start":{"line":249,"column":8},"end":{"line":251,"column":9}},"54":{"start":{"line":250,"column":10},"end":{"line":250,"column":72}},"55":{"start":{"line":254,"column":6},"end":{"line":254,"column":20}},"56":{"start":{"line":256,"column":6},"end":{"line":259,"column":9}},"57":{"start":{"line":260,"column":6},"end":{"line":260,"column":50}},"58":{"start":{"line":271,"column":22},"end":{"line":271,"column":24}},"59":{"start":{"line":273,"column":4},"end":{"line":278,"column":5}},"60":{"start":{"line":274,"column":23},"end":{"line":274,"column":47}},"61":{"start":{"line":275,"column":6},"end":{"line":277,"column":7}},"62":{"start":{"line":276,"column":8},"end":{"line":276,"column":36}},"63":{"start":{"line":280,"column":4},"end":{"line":280,"column":21}},"64":{"start":{"line":289,"column":4},"end":{"line":322,"column":5}},"65":{"start":{"line":290,"column":6},"end":{"line":302,"column":7}},"66":{"start":{"line":291,"column":8},"end":{"line":301,"column":9}},"67":{"start":{"line":293,"column":12},"end":{"line":293,"column":51}},"68":{"start":{"line":294,"column":12},"end":{"line":294,"column":18}},"69":{"start":{"line":296,"column":12},"end":{"line":296,"column":54}},"70":{"start":{"line":297,"column":12},"end":{"line":297,"column":18}},"71":{"start":{"line":299,"column":12},"end":{"line":299,"column":54}},"72":{"start":{"line":300,"column":12},"end":{"line":300,"column":18}},"73":{"start":{"line":305,"column":6},"end":{"line":310,"column":9}},"74":{"start":{"line":312,"column":6},"end":{"line":315,"column":9}},"75":{"start":{"line":317,"column":6},"end":{"line":321,"column":9}},"76":{"start":{"line":332,"column":4},"end":{"line":400,"column":5}},"77":{"start":{"line":334,"column":28},"end":{"line":334,"column":63}},"78":{"start":{"line":335,"column":6},"end":{"line":337,"column":7}},"79":{"start":{"line":336,"column":8},"end":{"line":336,"column":65}},"80":{"start":{"line":340,"column":23},"end":{"line":340,"column":57}},"81":{"start":{"line":343,"column":28},"end":{"line":343,"column":64}},"82":{"start":{"line":346,"column":28},"end":{"line":346,"column":78}},"83":{"start":{"line":349,"column":27},"end":{"line":356,"column":7}},"84":{"start":{"line":359,"column":24},"end":{"line":359,"column":72}},"85":{"start":{"line":360,"column":6},"end":{"line":364,"column":8}},"86":{"start":{"line":367,"column":6},"end":{"line":374,"column":9}},"87":{"start":{"line":376,"column":6},"end":{"line":381,"column":9}},"88":{"start":{"line":383,"column":6},"end":{"line":392,"column":8}},"89":{"start":{"line":394,"column":6},"end":{"line":398,"column":9}},"90":{"start":{"line":399,"column":6},"end":{"line":399,"column":52}},"91":{"start":{"line":410,"column":4},"end":{"line":486,"column":5}},"92":{"start":{"line":415,"column":10},"end":{"line":415,"column":17}},"93":{"start":{"line":418,"column":26},"end":{"line":421,"column":8}},"94":{"start":{"line":423,"column":6},"end":{"line":425,"column":7}},"95":{"start":{"line":424,"column":8},"end":{"line":424,"column":74}},"96":{"start":{"line":427,"column":29},"end":{"line":435,"column":7}},"97":{"start":{"line":438,"column":6},"end":{"line":445,"column":7}},"98":{"start":{"line":439,"column":8},"end":{"line":439,"column":74}},"99":{"start":{"line":441,"column":8},"end":{"line":444,"column":10}},"100":{"start":{"line":448,"column":26},"end":{"line":448,"column":80}},"101":{"start":{"line":449,"column":6},"end":{"line":453,"column":8}},"102":{"start":{"line":456,"column":6},"end":{"line":464,"column":9}},"103":{"start":{"line":466,"column":6},"end":{"line":471,"column":9}},"104":{"start":{"line":473,"column":6},"end":{"line":479,"column":8}},"105":{"start":{"line":481,"column":6},"end":{"line":484,"column":9}},"106":{"start":{"line":485,"column":6},"end":{"line":485,"column":52}},"107":{"start":{"line":495,"column":21},"end":{"line":495,"column":23}},"108":{"start":{"line":498,"column":17},"end":{"line":498,"column":44}},"109":{"start":{"line":499,"column":4},"end":{"line":501,"column":5}},"110":{"start":{"line":500,"column":6},"end":{"line":500,"column":41}},"111":{"start":{"line":504,"column":18},"end":{"line":506,"column":6}},"112":{"start":{"line":507,"column":4},"end":{"line":507,"column":58}},"113":{"start":{"line":507,"column":41},"end":{"line":507,"column":56}},"114":{"start":{"line":510,"column":24},"end":{"line":510,"column":69}},"115":{"start":{"line":511,"column":4},"end":{"line":511,"column":27}},"116":{"start":{"line":512,"column":4},"end":{"line":525,"column":5}},"117":{"start":{"line":513,"column":31},"end":{"line":513,"column":57}},"118":{"start":{"line":514,"column":6},"end":{"line":524,"column":7}},"119":{"start":{"line":515,"column":8},"end":{"line":523,"column":9}},"120":{"start":{"line":516,"column":35},"end":{"line":519,"column":11}},"121":{"start":{"line":520,"column":10},"end":{"line":520,"column":63}},"122":{"start":{"line":528,"column":24},"end":{"line":528,"column":69}},"123":{"start":{"line":529,"column":4},"end":{"line":529,"column":27}},"124":{"start":{"line":530,"column":4},"end":{"line":535,"column":5}},"125":{"start":{"line":531,"column":26},"end":{"line":531,"column":52}},"126":{"start":{"line":532,"column":6},"end":{"line":534,"column":7}},"127":{"start":{"line":533,"column":8},"end":{"line":533,"column":56}},"128":{"start":{"line":537,"column":4},"end":{"line":537,"column":20}},"129":{"start":{"line":546,"column":22},"end":{"line":546,"column":37}},"130":{"start":{"line":549,"column":4},"end":{"line":555,"column":5}},"131":{"start":{"line":550,"column":30},"end":{"line":550,"column":79}},"132":{"start":{"line":551,"column":6},"end":{"line":554,"column":8}},"133":{"start":{"line":557,"column":4},"end":{"line":557,"column":21}},"134":{"start":{"line":567,"column":4},"end":{"line":576,"column":5}},"135":{"start":{"line":569,"column":8},"end":{"line":569,"column":45}},"136":{"start":{"line":571,"column":8},"end":{"line":571,"column":39}},"137":{"start":{"line":573,"column":8},"end":{"line":573,"column":39}},"138":{"start":{"line":575,"column":8},"end":{"line":575,"column":20}},"139":{"start":{"line":587,"column":21},"end":{"line":587,"column":23}},"140":{"start":{"line":589,"column":4},"end":{"line":609,"column":5}},"141":{"start":{"line":590,"column":6},"end":{"line":590,"column":52}},"142":{"start":{"line":592,"column":6},"end":{"line":608,"column":7}},"143":{"start":{"line":593,"column":8},"end":{"line":603,"column":9}},"144":{"start":{"line":594,"column":26},"end":{"line":594,"column":53}},"145":{"start":{"line":595,"column":10},"end":{"line":595,"column":43}},"146":{"start":{"line":597,"column":10},"end":{"line":602,"column":11}},"147":{"start":{"line":598,"column":27},"end":{"line":600,"column":13}},"148":{"start":{"line":599,"column":14},"end":{"line":599,"column":48}},"149":{"start":{"line":601,"column":12},"end":{"line":601,"column":44}},"150":{"start":{"line":604,"column":13},"end":{"line":608,"column":7}},"151":{"start":{"line":605,"column":8},"end":{"line":607,"column":9}},"152":{"start":{"line":606,"column":10},"end":{"line":606,"column":59}},"153":{"start":{"line":611,"column":4},"end":{"line":611,"column":31}},"154":{"start":{"line":621,"column":14},"end":{"line":621,"column":68}},"155":{"start":{"line":623,"column":4},"end":{"line":627,"column":5}},"156":{"start":{"line":624,"column":6},"end":{"line":624,"column":32}},"157":{"start":{"line":625,"column":6},"end":{"line":625,"column":46}},"158":{"start":{"line":626,"column":6},"end":{"line":626,"column":33}},"159":{"start":{"line":629,"column":4},"end":{"line":629,"column":25}},"160":{"start":{"line":630,"column":4},"end":{"line":630,"column":15}},"161":{"start":{"line":640,"column":19},"end":{"line":640,"column":37}},"162":{"start":{"line":641,"column":14},"end":{"line":641,"column":16}},"163":{"start":{"line":643,"column":4},"end":{"line":663,"column":5}},"164":{"start":{"line":644,"column":6},"end":{"line":648,"column":7}},"165":{"start":{"line":645,"column":8},"end":{"line":645,"column":35}},"166":{"start":{"line":646,"column":8},"end":{"line":646,"column":50}},"167":{"start":{"line":647,"column":8},"end":{"line":647,"column":36}},"168":{"start":{"line":649,"column":11},"end":{"line":663,"column":5}},"169":{"start":{"line":650,"column":6},"end":{"line":660,"column":7}},"170":{"start":{"line":651,"column":8},"end":{"line":651,"column":35}},"171":{"start":{"line":652,"column":8},"end":{"line":658,"column":9}},"172":{"start":{"line":653,"column":10},"end":{"line":653,"column":22}},"173":{"start":{"line":654,"column":10},"end":{"line":654,"column":53}},"174":{"start":{"line":655,"column":10},"end":{"line":655,"column":29}},"175":{"start":{"line":657,"column":10},"end":{"line":657,"column":47}},"176":{"start":{"line":659,"column":8},"end":{"line":659,"column":29}},"177":{"start":{"line":662,"column":6},"end":{"line":662,"column":57}},"178":{"start":{"line":665,"column":4},"end":{"line":665,"column":15}},"179":{"start":{"line":674,"column":4},"end":{"line":679,"column":30}},"180":{"start":{"line":688,"column":16},"end":{"line":688,"column":17}},"181":{"start":{"line":690,"column":4},"end":{"line":696,"column":5}},"182":{"start":{"line":691,"column":6},"end":{"line":695,"column":7}},"183":{"start":{"line":692,"column":8},"end":{"line":692,"column":30}},"184":{"start":{"line":693,"column":13},"end":{"line":695,"column":7}},"185":{"start":{"line":694,"column":8},"end":{"line":694,"column":19}},"186":{"start":{"line":698,"column":4},"end":{"line":698,"column":17}},"187":{"start":{"line":707,"column":23},"end":{"line":707,"column":25}},"188":{"start":{"line":710,"column":17},"end":{"line":710,"column":44}},"189":{"start":{"line":711,"column":4},"end":{"line":722,"column":5}},"190":{"start":{"line":712,"column":6},"end":{"line":712,"column":85}},"191":{"start":{"line":713,"column":6},"end":{"line":713,"column":36}},"192":{"start":{"line":714,"column":6},"end":{"line":714,"column":29}},"193":{"start":{"line":715,"column":6},"end":{"line":715,"column":30}},"194":{"start":{"line":716,"column":6},"end":{"line":716,"column":26}},"195":{"start":{"line":717,"column":6},"end":{"line":717,"column":30}},"196":{"start":{"line":718,"column":6},"end":{"line":718,"column":28}},"197":{"start":{"line":720,"column":6},"end":{"line":720,"column":24}},"198":{"start":{"line":721,"column":6},"end":{"line":721,"column":32}},"199":{"start":{"line":725,"column":24},"end":{"line":725,"column":69}},"200":{"start":{"line":726,"column":4},"end":{"line":728,"column":5}},"201":{"start":{"line":727,"column":6},"end":{"line":727,"column":33}},"202":{"start":{"line":729,"column":4},"end":{"line":729,"column":45}},"203":{"start":{"line":732,"column":4},"end":{"line":732,"column":43}},"204":{"start":{"line":733,"column":4},"end":{"line":733,"column":32}},"205":{"start":{"line":735,"column":4},"end":{"line":735,"column":22}},"206":{"start":{"line":745,"column":20},"end":{"line":745,"column":22}},"207":{"start":{"line":747,"column":4},"end":{"line":763,"column":5}},"208":{"start":{"line":749,"column":6},"end":{"line":749,"column":43}},"209":{"start":{"line":750,"column":6},"end":{"line":750,"column":29}},"210":{"start":{"line":753,"column":27},"end":{"line":758,"column":8}},"211":{"start":{"line":759,"column":6},"end":{"line":759,"column":48}},"212":{"start":{"line":762,"column":6},"end":{"line":762,"column":50}},"213":{"start":{"line":766,"column":20},"end":{"line":766,"column":59}},"214":{"start":{"line":767,"column":4},"end":{"line":769,"column":5}},"215":{"start":{"line":768,"column":6},"end":{"line":768,"column":33}},"216":{"start":{"line":770,"column":4},"end":{"line":770,"column":39}},"217":{"start":{"line":772,"column":4},"end":{"line":772,"column":19}},"218":{"start":{"line":782,"column":4},"end":{"line":782,"column":54}},"219":{"start":{"line":792,"column":4},"end":{"line":792,"column":57}},"220":{"start":{"line":802,"column":4},"end":{"line":802,"column":58}},"221":{"start":{"line":807,"column":21},"end":{"line":807,"column":25}},"222":{"start":{"line":814,"column":2},"end":{"line":816,"column":3}},"223":{"start":{"line":815,"column":4},"end":{"line":815,"column":42}},"224":{"start":{"line":817,"column":2},"end":{"line":817,"column":24}},"225":{"start":{"line":820,"column":0},"end":{"line":823,"column":2}}},"fnMap":{"0":{"name":"(anonymous_0)","decl":{"start":{"line":15,"column":9},"end":{"line":15,"column":10}},"loc":{"start":{"line":15,"column":22},"end":{"line":15,"column":42}},"line":15},"1":{"name":"(anonymous_1)","decl":{"start":{"line":16,"column":11},"end":{"line":16,"column":12}},"loc":{"start":{"line":16,"column":32},"end":{"line":20,"column":5}},"line":16},"2":{"name":"(anonymous_2)","decl":{"start":{"line":18,"column":17},"end":{"line":18,"column":18}},"loc":{"start":{"line":18,"column":23},"end":{"line":18,"column":38}},"line":18},"3":{"name":"(anonymous_3)","decl":{"start":{"line":21,"column":11},"end":{"line":21,"column":12}},"loc":{"start":{"line":21,"column":32},"end":{"line":25,"column":5}},"line":21},"4":{"name":"(anonymous_4)","decl":{"start":{"line":23,"column":17},"end":{"line":23,"column":18}},"loc":{"start":{"line":23,"column":23},"end":{"line":23,"column":38}},"line":23},"5":{"name":"(anonymous_5)","decl":{"start":{"line":26,"column":9},"end":{"line":26,"column":10}},"loc":{"start":{"line":26,"column":22},"end":{"line":29,"column":5}},"line":26},"6":{"name":"(anonymous_6)","decl":{"start":{"line":38,"column":2},"end":{"line":38,"column":3}},"loc":{"start":{"line":38,"column":16},"end":{"line":43,"column":3}},"line":38},"7":{"name":"(anonymous_7)","decl":{"start":{"line":49,"column":2},"end":{"line":49,"column":3}},"loc":{"start":{"line":49,"column":27},"end":{"line":77,"column":3}},"line":49},"8":{"name":"(anonymous_8)","decl":{"start":{"line":83,"column":2},"end":{"line":83,"column":3}},"loc":{"start":{"line":83,"column":22},"end":{"line":117,"column":3}},"line":83},"9":{"name":"(anonymous_9)","decl":{"start":{"line":127,"column":2},"end":{"line":127,"column":3}},"loc":{"start":{"line":127,"column":55},"end":{"line":184,"column":3}},"line":127},"10":{"name":"(anonymous_10)","decl":{"start":{"line":191,"column":2},"end":{"line":191,"column":3}},"loc":{"start":{"line":191,"column":33},"end":{"line":219,"column":3}},"line":191},"11":{"name":"(anonymous_11)","decl":{"start":{"line":229,"column":2},"end":{"line":229,"column":3}},"loc":{"start":{"line":229,"column":58},"end":{"line":262,"column":3}},"line":229},"12":{"name":"(anonymous_12)","decl":{"start":{"line":270,"column":2},"end":{"line":270,"column":3}},"loc":{"start":{"line":270,"column":50},"end":{"line":281,"column":3}},"line":270},"13":{"name":"(anonymous_13)","decl":{"start":{"line":288,"column":2},"end":{"line":288,"column":3}},"loc":{"start":{"line":288,"column":59},"end":{"line":323,"column":3}},"line":288},"14":{"name":"(anonymous_14)","decl":{"start":{"line":331,"column":2},"end":{"line":331,"column":3}},"loc":{"start":{"line":331,"column":48},"end":{"line":401,"column":3}},"line":331},"15":{"name":"(anonymous_15)","decl":{"start":{"line":409,"column":2},"end":{"line":409,"column":3}},"loc":{"start":{"line":409,"column":45},"end":{"line":487,"column":3}},"line":409},"16":{"name":"(anonymous_16)","decl":{"start":{"line":494,"column":2},"end":{"line":494,"column":3}},"loc":{"start":{"line":494,"column":32},"end":{"line":538,"column":3}},"line":494},"17":{"name":"(anonymous_17)","decl":{"start":{"line":507,"column":31},"end":{"line":507,"column":32}},"loc":{"start":{"line":507,"column":41},"end":{"line":507,"column":56}},"line":507},"18":{"name":"(anonymous_18)","decl":{"start":{"line":545,"column":2},"end":{"line":545,"column":3}},"loc":{"start":{"line":545,"column":34},"end":{"line":558,"column":3}},"line":545},"19":{"name":"(anonymous_19)","decl":{"start":{"line":566,"column":2},"end":{"line":566,"column":3}},"loc":{"start":{"line":566,"column":39},"end":{"line":577,"column":3}},"line":566},"20":{"name":"(anonymous_20)","decl":{"start":{"line":584,"column":2},"end":{"line":584,"column":3}},"loc":{"start":{"line":584,"column":21},"end":{"line":612,"column":3}},"line":584},"21":{"name":"(anonymous_21)","decl":{"start":{"line":598,"column":39},"end":{"line":598,"column":40}},"loc":{"start":{"line":599,"column":14},"end":{"line":599,"column":48}},"line":599},"22":{"name":"(anonymous_22)","decl":{"start":{"line":619,"column":2},"end":{"line":619,"column":3}},"loc":{"start":{"line":619,"column":21},"end":{"line":631,"column":3}},"line":619},"23":{"name":"(anonymous_23)","decl":{"start":{"line":639,"column":2},"end":{"line":639,"column":3}},"loc":{"start":{"line":639,"column":31},"end":{"line":666,"column":3}},"line":639},"24":{"name":"(anonymous_24)","decl":{"start":{"line":673,"column":2},"end":{"line":673,"column":3}},"loc":{"start":{"line":673,"column":17},"end":{"line":680,"column":3}},"line":673},"25":{"name":"(anonymous_25)","decl":{"start":{"line":687,"column":2},"end":{"line":687,"column":3}},"loc":{"start":{"line":687,"column":25},"end":{"line":699,"column":3}},"line":687},"26":{"name":"(anonymous_26)","decl":{"start":{"line":706,"column":2},"end":{"line":706,"column":3}},"loc":{"start":{"line":706,"column":34},"end":{"line":736,"column":3}},"line":706},"27":{"name":"(anonymous_27)","decl":{"start":{"line":744,"column":2},"end":{"line":744,"column":3}},"loc":{"start":{"line":744,"column":61},"end":{"line":773,"column":3}},"line":744},"28":{"name":"(anonymous_28)","decl":{"start":{"line":779,"column":2},"end":{"line":779,"column":3}},"loc":{"start":{"line":779,"column":36},"end":{"line":783,"column":3}},"line":779},"29":{"name":"(anonymous_29)","decl":{"start":{"line":789,"column":2},"end":{"line":789,"column":3}},"loc":{"start":{"line":789,"column":39},"end":{"line":793,"column":3}},"line":789},"30":{"name":"(anonymous_30)","decl":{"start":{"line":799,"column":2},"end":{"line":799,"column":3}},"loc":{"start":{"line":799,"column":39},"end":{"line":803,"column":3}},"line":799},"31":{"name":"getGDPRCompliance","decl":{"start":{"line":813,"column":9},"end":{"line":813,"column":26}},"loc":{"start":{"line":813,"column":29},"end":{"line":818,"column":1}},"line":813}},"branchMap":{"0":{"loc":{"start":{"line":15,"column":22},"end":{"line":15,"column":42}},"type":"binary-expr","locations":[{"start":{"line":15,"column":22},"end":{"line":15,"column":34}},{"start":{"line":15,"column":38},"end":{"line":15,"column":42}}],"line":15},"1":{"loc":{"start":{"line":196,"column":6},"end":{"line":202,"column":7}},"type":"if","locations":[{"start":{"line":196,"column":6},"end":{"line":202,"column":7}},{"start":{},"end":{}}],"line":196},"2":{"loc":{"start":{"line":210,"column":21},"end":{"line":210,"column":47}},"type":"binary-expr","locations":[{"start":{"line":210,"column":21},"end":{"line":210,"column":39}},{"start":{"line":210,"column":43},"end":{"line":210,"column":47}}],"line":210},"3":{"loc":{"start":{"line":243,"column":6},"end":{"line":252,"column":7}},"type":"if","locations":[{"start":{"line":243,"column":6},"end":{"line":252,"column":7}},{"start":{},"end":{}}],"line":243},"4":{"loc":{"start":{"line":249,"column":8},"end":{"line":251,"column":9}},"type":"if","locations":[{"start":{"line":249,"column":8},"end":{"line":251,"column":9}},{"start":{},"end":{}}],"line":249},"5":{"loc":{"start":{"line":275,"column":6},"end":{"line":277,"column":7}},"type":"if","locations":[{"start":{"line":275,"column":6},"end":{"line":277,"column":7}},{"start":{},"end":{}}],"line":275},"6":{"loc":{"start":{"line":275,"column":10},"end":{"line":275,"column":49}},"type":"binary-expr","locations":[{"start":{"line":275,"column":10},"end":{"line":275,"column":27}},{"start":{"line":275,"column":31},"end":{"line":275,"column":49}}],"line":275},"7":{"loc":{"start":{"line":291,"column":8},"end":{"line":301,"column":9}},"type":"switch","locations":[{"start":{"line":292,"column":10},"end":{"line":294,"column":18}},{"start":{"line":295,"column":10},"end":{"line":297,"column":18}},{"start":{"line":298,"column":10},"end":{"line":300,"column":18}}],"line":291},"8":{"loc":{"start":{"line":331,"column":31},"end":{"line":331,"column":46}},"type":"default-arg","locations":[{"start":{"line":331,"column":40},"end":{"line":331,"column":46}}],"line":331},"9":{"loc":{"start":{"line":335,"column":6},"end":{"line":337,"column":7}},"type":"if","locations":[{"start":{"line":335,"column":6},"end":{"line":337,"column":7}},{"start":{},"end":{}}],"line":335},"10":{"loc":{"start":{"line":409,"column":31},"end":{"line":409,"column":43}},"type":"default-arg","locations":[{"start":{"line":409,"column":41},"end":{"line":409,"column":43}}],"line":409},"11":{"loc":{"start":{"line":412,"column":8},"end":{"line":412,"column":35}},"type":"default-arg","locations":[{"start":{"line":412,"column":30},"end":{"line":412,"column":35}}],"line":412},"12":{"loc":{"start":{"line":413,"column":8},"end":{"line":413,"column":31}},"type":"default-arg","locations":[{"start":{"line":413,"column":27},"end":{"line":413,"column":31}}],"line":413},"13":{"loc":{"start":{"line":414,"column":8},"end":{"line":414,"column":31}},"type":"default-arg","locations":[{"start":{"line":414,"column":17},"end":{"line":414,"column":31}}],"line":414},"14":{"loc":{"start":{"line":423,"column":6},"end":{"line":425,"column":7}},"type":"if","locations":[{"start":{"line":423,"column":6},"end":{"line":425,"column":7}},{"start":{},"end":{}}],"line":423},"15":{"loc":{"start":{"line":423,"column":10},"end":{"line":423,"column":55}},"type":"binary-expr","locations":[{"start":{"line":423,"column":10},"end":{"line":423,"column":32}},{"start":{"line":423,"column":36},"end":{"line":423,"column":55}}],"line":423},"16":{"loc":{"start":{"line":438,"column":6},"end":{"line":445,"column":7}},"type":"if","locations":[{"start":{"line":438,"column":6},"end":{"line":445,"column":7}},{"start":{"line":440,"column":13},"end":{"line":445,"column":7}}],"line":438},"17":{"loc":{"start":{"line":499,"column":4},"end":{"line":501,"column":5}},"type":"if","locations":[{"start":{"line":499,"column":4},"end":{"line":501,"column":5}},{"start":{},"end":{}}],"line":499},"18":{"loc":{"start":{"line":514,"column":6},"end":{"line":524,"column":7}},"type":"if","locations":[{"start":{"line":514,"column":6},"end":{"line":524,"column":7}},{"start":{},"end":{}}],"line":514},"19":{"loc":{"start":{"line":532,"column":6},"end":{"line":534,"column":7}},"type":"if","locations":[{"start":{"line":532,"column":6},"end":{"line":534,"column":7}},{"start":{},"end":{}}],"line":532},"20":{"loc":{"start":{"line":549,"column":4},"end":{"line":555,"column":5}},"type":"if","locations":[{"start":{"line":549,"column":4},"end":{"line":555,"column":5}},{"start":{},"end":{}}],"line":549},"21":{"loc":{"start":{"line":567,"column":4},"end":{"line":576,"column":5}},"type":"switch","locations":[{"start":{"line":568,"column":6},"end":{"line":569,"column":45}},{"start":{"line":570,"column":6},"end":{"line":571,"column":39}},{"start":{"line":572,"column":6},"end":{"line":573,"column":39}},{"start":{"line":574,"column":6},"end":{"line":575,"column":20}}],"line":567},"22":{"loc":{"start":{"line":592,"column":6},"end":{"line":608,"column":7}},"type":"if","locations":[{"start":{"line":592,"column":6},"end":{"line":608,"column":7}},{"start":{"line":604,"column":13},"end":{"line":608,"column":7}}],"line":592},"23":{"loc":{"start":{"line":593,"column":8},"end":{"line":603,"column":9}},"type":"if","locations":[{"start":{"line":593,"column":8},"end":{"line":603,"column":9}},{"start":{},"end":{}}],"line":593},"24":{"loc":{"start":{"line":599,"column":29},"end":{"line":599,"column":47}},"type":"binary-expr","locations":[{"start":{"line":599,"column":29},"end":{"line":599,"column":41}},{"start":{"line":599,"column":45},"end":{"line":599,"column":47}}],"line":599},"25":{"loc":{"start":{"line":604,"column":13},"end":{"line":608,"column":7}},"type":"if","locations":[{"start":{"line":604,"column":13},"end":{"line":608,"column":7}},{"start":{},"end":{}}],"line":604},"26":{"loc":{"start":{"line":639,"column":19},"end":{"line":639,"column":29}},"type":"default-arg","locations":[{"start":{"line":639,"column":28},"end":{"line":639,"column":29}}],"line":639},"27":{"loc":{"start":{"line":643,"column":4},"end":{"line":663,"column":5}},"type":"if","locations":[{"start":{"line":643,"column":4},"end":{"line":663,"column":5}},{"start":{"line":649,"column":11},"end":{"line":663,"column":5}}],"line":643},"28":{"loc":{"start":{"line":649,"column":11},"end":{"line":663,"column":5}},"type":"if","locations":[{"start":{"line":649,"column":11},"end":{"line":663,"column":5}},{"start":{"line":661,"column":11},"end":{"line":663,"column":5}}],"line":649},"29":{"loc":{"start":{"line":649,"column":15},"end":{"line":649,"column":54}},"type":"binary-expr","locations":[{"start":{"line":649,"column":15},"end":{"line":649,"column":38}},{"start":{"line":649,"column":42},"end":{"line":649,"column":54}}],"line":649},"30":{"loc":{"start":{"line":652,"column":8},"end":{"line":658,"column":9}},"type":"if","locations":[{"start":{"line":652,"column":8},"end":{"line":658,"column":9}},{"start":{"line":656,"column":15},"end":{"line":658,"column":9}}],"line":652},"31":{"loc":{"start":{"line":691,"column":6},"end":{"line":695,"column":7}},"type":"if","locations":[{"start":{"line":691,"column":6},"end":{"line":695,"column":7}},{"start":{"line":693,"column":13},"end":{"line":695,"column":7}}],"line":691},"32":{"loc":{"start":{"line":693,"column":13},"end":{"line":695,"column":7}},"type":"if","locations":[{"start":{"line":693,"column":13},"end":{"line":695,"column":7}},{"start":{},"end":{}}],"line":693},"33":{"loc":{"start":{"line":693,"column":17},"end":{"line":693,"column":60}},"type":"binary-expr","locations":[{"start":{"line":693,"column":17},"end":{"line":693,"column":42}},{"start":{"line":693,"column":46},"end":{"line":693,"column":60}}],"line":693},"34":{"loc":{"start":{"line":711,"column":4},"end":{"line":722,"column":5}},"type":"if","locations":[{"start":{"line":711,"column":4},"end":{"line":722,"column":5}},{"start":{},"end":{}}],"line":711},"35":{"loc":{"start":{"line":744,"column":35},"end":{"line":744,"column":59}},"type":"default-arg","locations":[{"start":{"line":744,"column":54},"end":{"line":744,"column":59}}],"line":744},"36":{"loc":{"start":{"line":747,"column":4},"end":{"line":763,"column":5}},"type":"if","locations":[{"start":{"line":747,"column":4},"end":{"line":763,"column":5}},{"start":{"line":760,"column":11},"end":{"line":763,"column":5}}],"line":747},"37":{"loc":{"start":{"line":814,"column":2},"end":{"line":816,"column":3}},"type":"if","locations":[{"start":{"line":814,"column":2},"end":{"line":816,"column":3}},{"start":{},"end":{}}],"line":814}},"s":{"0":6,"1":6,"2":6,"3":6,"4":6,"5":6,"6":6,"7":6,"8":0,"9":0,"10":0,"11":0,"12":0,"13":0,"14":0,"15":0,"16":0,"17":0,"18":0,"19":0,"20":0,"21":6,"22":6,"23":6,"24":6,"25":6,"26":6,"27":11,"28":11,"29":11,"30":11,"31":11,"32":11,"33":11,"34":11,"35":11,"36":11,"37":0,"38":0,"39":3,"40":3,"41":3,"42":3,"43":3,"44":0,"45":0,"46":0,"47":0,"48":0,"49":0,"50":0,"51":0,"52":0,"53":0,"54":0,"55":0,"56":0,"57":0,"58":0,"59":0,"60":0,"61":0,"62":0,"63":0,"64":0,"65":0,"66":0,"67":0,"68":0,"69":0,"70":0,"71":0,"72":0,"73":0,"74":0,"75":0,"76":0,"77":0,"78":0,"79":0,"80":0,"81":0,"82":0,"83":0,"84":0,"85":0,"86":0,"87":0,"88":0,"89":0,"90":0,"91":0,"92":0,"93":0,"94":0,"95":0,"96":0,"97":0,"98":0,"99":0,"100":0,"101":0,"102":0,"103":0,"104":0,"105":0,"106":0,"107":0,"108":0,"109":0,"110":0,"111":0,"112":0,"113":0,"114":0,"115":0,"116":0,"117":0,"118":0,"119":0,"120":0,"121":0,"122":0,"123":0,"124":0,"125":0,"126":0,"127":0,"128":0,"129":0,"130":0,"131":0,"132":0,"133":0,"134":0,"135":0,"136":0,"137":0,"138":0,"139":0,"140":0,"141":0,"142":0,"143":0,"144":0,"145":0,"146":0,"147":0,"148":0,"149":0,"150":0,"151":0,"152":0,"153":0,"154":0,"155":0,"156":0,"157":0,"158":0,"159":0,"160":0,"161":0,"162":0,"163":0,"164":0,"165":0,"166":0,"167":0,"168":0,"169":0,"170":0,"171":0,"172":0,"173":0,"174":0,"175":0,"176":0,"177":0,"178":0,"179":0,"180":0,"181":0,"182":0,"183":0,"184":0,"185":0,"186":0,"187":0,"188":0,"189":0,"190":0,"191":0,"192":0,"193":0,"194":0,"195":0,"196":0,"197":0,"198":0,"199":0,"200":0,"201":0,"202":0,"203":0,"204":0,"205":0,"206":0,"207":0,"208":0,"209":0,"210":0,"211":0,"212":0,"213":0,"214":0,"215":0,"216":0,"217":0,"218":0,"219":0,"220":0,"221":6,"222":6,"223":6,"224":6,"225":6},"f":{"0":0,"1":0,"2":0,"3":0,"4":0,"5":0,"6":6,"7":6,"8":6,"9":11,"10":3,"11":0,"12":0,"13":0,"14":0,"15":0,"16":0,"17":0,"18":0,"19":0,"20":0,"21":0,"22":0,"23":0,"24":0,"25":0,"26":0,"27":0,"28":0,"29":0,"30":0,"31":6},"b":{"0":[0,0],"1":[3,0],"2":[0,0],"3":[0,0],"4":[0,0],"5":[0,0],"6":[0,0],"7":[0,0,0],"8":[0],"9":[0,0],"10":[0],"11":[0],"12":[0],"13":[0],"14":[0,0],"15":[0,0],"16":[0,0],"17":[0,0],"18":[0,0],"19":[0,0],"20":[0,0],"21":[0,0,0,0],"22":[0,0],"23":[0,0],"24":[0,0],"25":[0,0],"26":[0],"27":[0,0],"28":[0,0],"29":[0,0],"30":[0,0],"31":[0,0],"32":[0,0],"33":[0,0],"34":[0,0],"35":[0],"36":[0,0],"37":[6,0]},"_coverageSchema":"1a1c01bbd47fc00a2c39e90264f33305004495a9","hash":"54a8ba9062bf496a4c566dd2136f8f524f90e376"}
,"/mnt/c/Users/36202/OneDrive/Desktop/LendSmart/code/backend/src/controllers/adminController.js": {"path":"/mnt/c/Users/36202/OneDrive/Desktop/LendSmart/code/backend/src/controllers/adminController.js","statementMap":{"0":{"start":{"line":1,"column":13},"end":{"line":1,"column":38}},"1":{"start":{"line":2,"column":13},"end":{"line":2,"column":38}},"2":{"start":{"line":3,"column":25},"end":{"line":3,"column":73}},"3":{"start":{"line":4,"column":19},"end":{"line":4,"column":45}},"4":{"start":{"line":5,"column":27},"end":{"line":5,"column":63}},"5":{"start":{"line":7,"column":20},"end":{"line":7,"column":36}},"6":{"start":{"line":14,"column":0},"end":{"line":72,"column":3}},"7":{"start":{"line":22,"column":6},"end":{"line":22,"column":15}},"8":{"start":{"line":25,"column":16},"end":{"line":25,"column":18}},"9":{"start":{"line":27,"column":2},"end":{"line":29,"column":3}},"10":{"start":{"line":28,"column":4},"end":{"line":28,"column":33}},"11":{"start":{"line":31,"column":2},"end":{"line":33,"column":3}},"12":{"start":{"line":32,"column":4},"end":{"line":32,"column":22}},"13":{"start":{"line":35,"column":2},"end":{"line":42,"column":3}},"14":{"start":{"line":36,"column":4},"end":{"line":41,"column":6}},"15":{"start":{"line":45,"column":16},"end":{"line":50,"column":11}},"16":{"start":{"line":53,"column":16},"end":{"line":53,"column":48}},"17":{"start":{"line":56,"column":2},"end":{"line":62,"column":5}},"18":{"start":{"line":64,"column":2},"end":{"line":71,"column":5}},"19":{"start":{"line":79,"column":0},"end":{"line":103,"column":3}},"20":{"start":{"line":80,"column":15},"end":{"line":80,"column":69}},"21":{"start":{"line":82,"column":2},"end":{"line":87,"column":3}},"22":{"start":{"line":83,"column":4},"end":{"line":86,"column":7}},"23":{"start":{"line":90,"column":2},"end":{"line":97,"column":5}},"24":{"start":{"line":99,"column":2},"end":{"line":102,"column":5}},"25":{"start":{"line":110,"column":0},"end":{"line":149,"column":3}},"26":{"start":{"line":111,"column":29},"end":{"line":111,"column":37}},"27":{"start":{"line":113,"column":15},"end":{"line":113,"column":49}},"28":{"start":{"line":115,"column":2},"end":{"line":120,"column":3}},"29":{"start":{"line":116,"column":4},"end":{"line":119,"column":7}},"30":{"start":{"line":122,"column":20},"end":{"line":122,"column":31}},"31":{"start":{"line":123,"column":2},"end":{"line":123,"column":23}},"32":{"start":{"line":125,"column":2},"end":{"line":127,"column":3}},"33":{"start":{"line":126,"column":4},"end":{"line":126,"column":31}},"34":{"start":{"line":129,"column":2},"end":{"line":129,"column":20}},"35":{"start":{"line":132,"column":2},"end":{"line":142,"column":5}},"36":{"start":{"line":144,"column":2},"end":{"line":148,"column":5}},"37":{"start":{"line":156,"column":0},"end":{"line":182,"column":3}},"38":{"start":{"line":157,"column":15},"end":{"line":157,"column":49}},"39":{"start":{"line":159,"column":2},"end":{"line":164,"column":3}},"40":{"start":{"line":160,"column":4},"end":{"line":163,"column":7}},"41":{"start":{"line":166,"column":2},"end":{"line":166,"column":25}},"42":{"start":{"line":169,"column":2},"end":{"line":176,"column":5}},"43":{"start":{"line":178,"column":2},"end":{"line":181,"column":5}},"44":{"start":{"line":189,"column":0},"end":{"line":242,"column":3}},"45":{"start":{"line":197,"column":6},"end":{"line":197,"column":15}},"46":{"start":{"line":200,"column":16},"end":{"line":200,"column":18}},"47":{"start":{"line":202,"column":2},"end":{"line":204,"column":3}},"48":{"start":{"line":203,"column":4},"end":{"line":203,"column":33}},"49":{"start":{"line":206,"column":2},"end":{"line":208,"column":3}},"50":{"start":{"line":207,"column":4},"end":{"line":207,"column":68}},"51":{"start":{"line":210,"column":2},"end":{"line":212,"column":3}},"52":{"start":{"line":211,"column":4},"end":{"line":211,"column":68}},"53":{"start":{"line":215,"column":16},"end":{"line":220,"column":11}},"54":{"start":{"line":223,"column":16},"end":{"line":223,"column":48}},"55":{"start":{"line":226,"column":2},"end":{"line":232,"column":5}},"56":{"start":{"line":234,"column":2},"end":{"line":241,"column":5}},"57":{"start":{"line":249,"column":0},"end":{"line":275,"column":3}},"58":{"start":{"line":250,"column":15},"end":{"line":252,"column":60}},"59":{"start":{"line":254,"column":2},"end":{"line":259,"column":3}},"60":{"start":{"line":255,"column":4},"end":{"line":258,"column":7}},"61":{"start":{"line":262,"column":2},"end":{"line":269,"column":5}},"62":{"start":{"line":271,"column":2},"end":{"line":274,"column":5}},"63":{"start":{"line":282,"column":0},"end":{"line":327,"column":3}},"64":{"start":{"line":283,"column":29},"end":{"line":283,"column":37}},"65":{"start":{"line":285,"column":15},"end":{"line":285,"column":49}},"66":{"start":{"line":287,"column":2},"end":{"line":292,"column":3}},"67":{"start":{"line":288,"column":4},"end":{"line":291,"column":7}},"68":{"start":{"line":294,"column":20},"end":{"line":294,"column":31}},"69":{"start":{"line":295,"column":2},"end":{"line":295,"column":23}},"70":{"start":{"line":297,"column":2},"end":{"line":305,"column":3}},"71":{"start":{"line":299,"column":4},"end":{"line":304,"column":7}},"72":{"start":{"line":307,"column":2},"end":{"line":307,"column":20}},"73":{"start":{"line":310,"column":2},"end":{"line":320,"column":5}},"74":{"start":{"line":322,"column":2},"end":{"line":326,"column":5}},"75":{"start":{"line":334,"column":0},"end":{"line":398,"column":3}},"76":{"start":{"line":335,"column":33},"end":{"line":335,"column":42}},"77":{"start":{"line":338,"column":21},"end":{"line":338,"column":23}},"78":{"start":{"line":339,"column":2},"end":{"line":341,"column":3}},"79":{"start":{"line":340,"column":4},"end":{"line":340,"column":42}},"80":{"start":{"line":342,"column":2},"end":{"line":344,"column":3}},"81":{"start":{"line":343,"column":4},"end":{"line":343,"column":40}},"82":{"start":{"line":347,"column":21},"end":{"line":347,"column":48}},"83":{"start":{"line":348,"column":22},"end":{"line":348,"column":76}},"84":{"start":{"line":350,"column":4},"end":{"line":350,"column":71}},"85":{"start":{"line":351,"column":19},"end":{"line":351,"column":59}},"86":{"start":{"line":354,"column":21},"end":{"line":354,"column":48}},"87":{"start":{"line":355,"column":22},"end":{"line":355,"column":76}},"88":{"start":{"line":356,"column":25},"end":{"line":356,"column":72}},"89":{"start":{"line":359,"column":26},"end":{"line":367,"column":4}},"90":{"start":{"line":369,"column":20},"end":{"line":383,"column":3}},"91":{"start":{"line":386,"column":2},"end":{"line":392,"column":5}},"92":{"start":{"line":394,"column":2},"end":{"line":397,"column":5}},"93":{"start":{"line":405,"column":0},"end":{"line":419,"column":3}},"94":{"start":{"line":406,"column":18},"end":{"line":413,"column":3}},"95":{"start":{"line":415,"column":2},"end":{"line":418,"column":5}},"96":{"start":{"line":426,"column":0},"end":{"line":454,"column":3}},"97":{"start":{"line":427,"column":50},"end":{"line":427,"column":58}},"98":{"start":{"line":430,"column":23},"end":{"line":435,"column":4}},"99":{"start":{"line":438,"column":2},"end":{"line":447,"column":5}},"100":{"start":{"line":449,"column":2},"end":{"line":453,"column":5}}},"fnMap":{"0":{"name":"(anonymous_0)","decl":{"start":{"line":14,"column":35},"end":{"line":14,"column":36}},"loc":{"start":{"line":14,"column":55},"end":{"line":72,"column":1}},"line":14},"1":{"name":"(anonymous_1)","decl":{"start":{"line":79,"column":35},"end":{"line":79,"column":36}},"loc":{"start":{"line":79,"column":55},"end":{"line":103,"column":1}},"line":79},"2":{"name":"(anonymous_2)","decl":{"start":{"line":110,"column":40},"end":{"line":110,"column":41}},"loc":{"start":{"line":110,"column":60},"end":{"line":149,"column":1}},"line":110},"3":{"name":"(anonymous_3)","decl":{"start":{"line":156,"column":34},"end":{"line":156,"column":35}},"loc":{"start":{"line":156,"column":54},"end":{"line":182,"column":1}},"line":156},"4":{"name":"(anonymous_4)","decl":{"start":{"line":189,"column":35},"end":{"line":189,"column":36}},"loc":{"start":{"line":189,"column":55},"end":{"line":242,"column":1}},"line":189},"5":{"name":"(anonymous_5)","decl":{"start":{"line":249,"column":35},"end":{"line":249,"column":36}},"loc":{"start":{"line":249,"column":55},"end":{"line":275,"column":1}},"line":249},"6":{"name":"(anonymous_6)","decl":{"start":{"line":282,"column":40},"end":{"line":282,"column":41}},"loc":{"start":{"line":282,"column":60},"end":{"line":327,"column":1}},"line":282},"7":{"name":"(anonymous_7)","decl":{"start":{"line":334,"column":42},"end":{"line":334,"column":43}},"loc":{"start":{"line":334,"column":62},"end":{"line":398,"column":1}},"line":334},"8":{"name":"(anonymous_8)","decl":{"start":{"line":405,"column":40},"end":{"line":405,"column":41}},"loc":{"start":{"line":405,"column":60},"end":{"line":419,"column":1}},"line":405},"9":{"name":"(anonymous_9)","decl":{"start":{"line":426,"column":39},"end":{"line":426,"column":40}},"loc":{"start":{"line":426,"column":59},"end":{"line":454,"column":1}},"line":426}},"branchMap":{"0":{"loc":{"start":{"line":16,"column":4},"end":{"line":16,"column":12}},"type":"default-arg","locations":[{"start":{"line":16,"column":11},"end":{"line":16,"column":12}}],"line":16},"1":{"loc":{"start":{"line":17,"column":4},"end":{"line":17,"column":14}},"type":"default-arg","locations":[{"start":{"line":17,"column":12},"end":{"line":17,"column":14}}],"line":17},"2":{"loc":{"start":{"line":18,"column":4},"end":{"line":18,"column":23}},"type":"default-arg","locations":[{"start":{"line":18,"column":11},"end":{"line":18,"column":23}}],"line":18},"3":{"loc":{"start":{"line":27,"column":2},"end":{"line":29,"column":3}},"type":"if","locations":[{"start":{"line":27,"column":2},"end":{"line":29,"column":3}},{"start":{},"end":{}}],"line":27},"4":{"loc":{"start":{"line":31,"column":2},"end":{"line":33,"column":3}},"type":"if","locations":[{"start":{"line":31,"column":2},"end":{"line":33,"column":3}},{"start":{},"end":{}}],"line":31},"5":{"loc":{"start":{"line":35,"column":2},"end":{"line":42,"column":3}},"type":"if","locations":[{"start":{"line":35,"column":2},"end":{"line":42,"column":3}},{"start":{},"end":{}}],"line":35},"6":{"loc":{"start":{"line":82,"column":2},"end":{"line":87,"column":3}},"type":"if","locations":[{"start":{"line":82,"column":2},"end":{"line":87,"column":3}},{"start":{},"end":{}}],"line":82},"7":{"loc":{"start":{"line":115,"column":2},"end":{"line":120,"column":3}},"type":"if","locations":[{"start":{"line":115,"column":2},"end":{"line":120,"column":3}},{"start":{},"end":{}}],"line":115},"8":{"loc":{"start":{"line":125,"column":2},"end":{"line":127,"column":3}},"type":"if","locations":[{"start":{"line":125,"column":2},"end":{"line":127,"column":3}},{"start":{},"end":{}}],"line":125},"9":{"loc":{"start":{"line":159,"column":2},"end":{"line":164,"column":3}},"type":"if","locations":[{"start":{"line":159,"column":2},"end":{"line":164,"column":3}},{"start":{},"end":{}}],"line":159},"10":{"loc":{"start":{"line":191,"column":4},"end":{"line":191,"column":12}},"type":"default-arg","locations":[{"start":{"line":191,"column":11},"end":{"line":191,"column":12}}],"line":191},"11":{"loc":{"start":{"line":192,"column":4},"end":{"line":192,"column":14}},"type":"default-arg","locations":[{"start":{"line":192,"column":12},"end":{"line":192,"column":14}}],"line":192},"12":{"loc":{"start":{"line":193,"column":4},"end":{"line":193,"column":23}},"type":"default-arg","locations":[{"start":{"line":193,"column":11},"end":{"line":193,"column":23}}],"line":193},"13":{"loc":{"start":{"line":202,"column":2},"end":{"line":204,"column":3}},"type":"if","locations":[{"start":{"line":202,"column":2},"end":{"line":204,"column":3}},{"start":{},"end":{}}],"line":202},"14":{"loc":{"start":{"line":206,"column":2},"end":{"line":208,"column":3}},"type":"if","locations":[{"start":{"line":206,"column":2},"end":{"line":208,"column":3}},{"start":{},"end":{}}],"line":206},"15":{"loc":{"start":{"line":210,"column":2},"end":{"line":212,"column":3}},"type":"if","locations":[{"start":{"line":210,"column":2},"end":{"line":212,"column":3}},{"start":{},"end":{}}],"line":210},"16":{"loc":{"start":{"line":254,"column":2},"end":{"line":259,"column":3}},"type":"if","locations":[{"start":{"line":254,"column":2},"end":{"line":259,"column":3}},{"start":{},"end":{}}],"line":254},"17":{"loc":{"start":{"line":287,"column":2},"end":{"line":292,"column":3}},"type":"if","locations":[{"start":{"line":287,"column":2},"end":{"line":292,"column":3}},{"start":{},"end":{}}],"line":287},"18":{"loc":{"start":{"line":297,"column":2},"end":{"line":305,"column":3}},"type":"if","locations":[{"start":{"line":297,"column":2},"end":{"line":305,"column":3}},{"start":{},"end":{}}],"line":297},"19":{"loc":{"start":{"line":339,"column":2},"end":{"line":341,"column":3}},"type":"if","locations":[{"start":{"line":339,"column":2},"end":{"line":341,"column":3}},{"start":{},"end":{}}],"line":339},"20":{"loc":{"start":{"line":342,"column":2},"end":{"line":344,"column":3}},"type":"if","locations":[{"start":{"line":342,"column":2},"end":{"line":344,"column":3}},{"start":{},"end":{}}],"line":342},"21":{"loc":{"start":{"line":350,"column":4},"end":{"line":350,"column":71}},"type":"cond-expr","locations":[{"start":{"line":350,"column":41},"end":{"line":350,"column":66}},{"start":{"line":350,"column":69},"end":{"line":350,"column":71}}],"line":350},"22":{"loc":{"start":{"line":379,"column":19},"end":{"line":379,"column":55}},"type":"binary-expr","locations":[{"start":{"line":379,"column":19},"end":{"line":379,"column":50}},{"start":{"line":379,"column":54},"end":{"line":379,"column":55}}],"line":379},"23":{"loc":{"start":{"line":380,"column":21},"end":{"line":380,"column":59}},"type":"binary-expr","locations":[{"start":{"line":380,"column":21},"end":{"line":380,"column":54}},{"start":{"line":380,"column":58},"end":{"line":380,"column":59}}],"line":380},"24":{"loc":{"start":{"line":427,"column":30},"end":{"line":427,"column":45}},"type":"default-arg","locations":[{"start":{"line":427,"column":39},"end":{"line":427,"column":45}}],"line":427}},"s":{"0":6,"1":6,"2":6,"3":6,"4":6,"5":6,"6":6,"7":3,"8":3,"9":3,"10":0,"11":3,"12":0,"13":3,"14":0,"15":3,"16":3,"17":3,"18":3,"19":6,"20":0,"21":0,"22":0,"23":0,"24":0,"25":6,"26":0,"27":0,"28":0,"29":0,"30":0,"31":0,"32":0,"33":0,"34":0,"35":0,"36":0,"37":6,"38":0,"39":0,"40":0,"41":0,"42":0,"43":0,"44":6,"45":1,"46":1,"47":1,"48":0,"49":1,"50":0,"51":1,"52":0,"53":1,"54":1,"55":1,"56":1,"57":6,"58":0,"59":0,"60":0,"61":0,"62":0,"63":6,"64":0,"65":0,"66":0,"67":0,"68":0,"69":0,"70":0,"71":0,"72":0,"73":0,"74":0,"75":6,"76":1,"77":1,"78":1,"79":0,"80":1,"81":0,"82":1,"83":1,"84":1,"85":1,"86":1,"87":1,"88":1,"89":1,"90":1,"91":1,"92":1,"93":6,"94":0,"95":0,"96":6,"97":0,"98":0,"99":0,"100":0},"f":{"0":3,"1":0,"2":0,"3":0,"4":1,"5":0,"6":0,"7":1,"8":0,"9":0},"b":{"0":[3],"1":[3],"2":[3],"3":[0,3],"4":[0,3],"5":[0,3],"6":[0,0],"7":[0,0],"8":[0,0],"9":[0,0],"10":[1],"11":[1],"12":[1],"13":[0,1],"14":[0,1],"15":[0,1],"16":[0,0],"17":[0,0],"18":[0,0],"19":[0,1],"20":[0,1],"21":[0,1],"22":[1,1],"23":[1,1],"24":[0]},"_coverageSchema":"1a1c01bbd47fc00a2c39e90264f33305004495a9","hash":"cc681b0d686a865dbf5cde9723e24438eae8ae15"}
,"/mnt/c/Users/36202/OneDrive/Desktop/LendSmart/code/backend/src/controllers/authController.js": {"path":"/mnt/c/Users/36202/OneDrive/Desktop/LendSmart/code/backend/src/controllers/authController.js","statementMap":{"0":{"start":{"line":1,"column":15},"end":{"line":1,"column":32}},"1":{"start":{"line":2,"column":13},"end":{"line":2,"column":38}},"2":{"start":{"line":3,"column":20},"end":{"line":3,"column":54}},"3":{"start":{"line":4,"column":27},"end":{"line":4,"column":63}},"4":{"start":{"line":5,"column":30},"end":{"line":5,"column":69}},"5":{"start":{"line":6,"column":19},"end":{"line":6,"column":45}},"6":{"start":{"line":14,"column":4},"end":{"line":14,"column":40}},"7":{"start":{"line":15,"column":4},"end":{"line":15,"column":46}},"8":{"start":{"line":24,"column":4},"end":{"line":133,"column":5}},"9":{"start":{"line":36,"column":10},"end":{"line":36,"column":18}},"10":{"start":{"line":37,"column":17},"end":{"line":37,"column":23}},"11":{"start":{"line":38,"column":24},"end":{"line":38,"column":45}},"12":{"start":{"line":41,"column":6},"end":{"line":47,"column":7}},"13":{"start":{"line":42,"column":8},"end":{"line":46,"column":11}},"14":{"start":{"line":50,"column":31},"end":{"line":62,"column":7}},"15":{"start":{"line":64,"column":21},"end":{"line":64,"column":65}},"16":{"start":{"line":66,"column":6},"end":{"line":107,"column":7}},"17":{"start":{"line":68,"column":8},"end":{"line":73,"column":10}},"18":{"start":{"line":76,"column":8},"end":{"line":85,"column":11}},"19":{"start":{"line":88,"column":55},"end":{"line":88,"column":61}},"20":{"start":{"line":90,"column":8},"end":{"line":98,"column":11}},"21":{"start":{"line":103,"column":8},"end":{"line":106,"column":11}},"22":{"start":{"line":109,"column":6},"end":{"line":114,"column":9}},"23":{"start":{"line":117,"column":6},"end":{"line":126,"column":9}},"24":{"start":{"line":128,"column":6},"end":{"line":132,"column":9}},"25":{"start":{"line":142,"column":4},"end":{"line":223,"column":5}},"26":{"start":{"line":143,"column
[...]
}},"9":{"start":{"line":95,"column":4},"end":{"line":95,"column":65}},"10":{"start":{"line":104,"column":19},"end":{"line":121,"column":6}},"11":{"start":{"line":123,"column":4},"end":{"line":123,"column":58}},"12":{"start":{"line":132,"column":19},"end":{"line":206,"column":6}},"13":{"start":{"line":208,"column":4},"end":{"line":208,"column":69}},"14":{"start":{"line":217,"column":19},"end":{"line":240,"column":6}},"15":{"start":{"line":242,"column":4},"end":{"line":242,"column":65}},"16":{"start":{"line":251,"column":19},"end":{"line":286,"column":6}},"17":{"start":{"line":288,"column":4},"end":{"line":288,"column":60}},"18":{"start":{"line":297,"column":19},"end":{"line":335,"column":6}},"19":{"start":{"line":337,"column":4},"end":{"line":337,"column":67}},"20":{"start":{"line":346,"column":19},"end":{"line":370,"column":6}},"21":{"start":{"line":372,"column":4},"end":{"line":372,"column":65}},"22":{"start":{"line":383,"column":4},"end":{"line":454,"column":5}},"23":{"start":{"line":385,"column":28},"end":{"line":385,"column":52}},"24":{"start":{"line":388,"column":31},"end":{"line":392,"column":8}},"25":{"start":{"line":394,"column":6},"end":{"line":413,"column":7}},"26":{"start":{"line":395,"column":33},"end":{"line":399,"column":11}},"27":{"start":{"line":395,"column":64},"end":{"line":399,"column":9}},"28":{"start":{"line":402,"column":8},"end":{"line":406,"column":11}},"29":{"start":{"line":408,"column":8},"end":{"line":412,"column":10}},"30":{"start":{"line":416,"column":28},"end":{"line":416,"column":70}},"31":{"start":{"line":417,"column":6},"end":{"line":435,"column":7}},"32":{"start":{"line":419,"column":8},"end":{"line":425,"column":11}},"33":{"start":{"line":427,"column":8},"end":{"line":434,"column":10}},"34":{"start":{"line":429,"column":55},"end":{"line":432,"column":11}},"35":{"start":{"line":437,"column":6},"end":{"line":441,"column":8}},"36":{"start":{"line":443,"column":6},"end":{"line":447,"column":9}},"37":{"start":{"line":449,"column":6},"end":{"line":453,"column":8}},"38":{"start":{"line":463,"column":4},"end":{"line":465,"column":5}},"39":{"start":{"line":464,"column":6},"end":{"line":464,"column":18}},"40":{"start":{"line":467,"column":22},"end":{"line":467,"column":24}},"41":{"start":{"line":469,"column":4},"end":{"line":484,"column":5}},"42":{"start":{"line":470,"column":6},"end":{"line":483,"column":7}},"43":{"start":{"line":472,"column":8},"end":{"line":472,"column":74}},"44":{"start":{"line":475,"column":8},"end":{"line":478,"column":9}},"45":{"start":{"line":476,"column":10},"end":{"line":477,"column":71}},"46":{"start":{"line":479,"column":13},"end":{"line":483,"column":7}},"47":{"start":{"line":480,"column":8},"end":{"line":480,"column":51}},"48":{"start":{"line":482,"column":8},"end":{"line":482,"column":31}},"49":{"start":{"line":486,"column":4},"end":{"line":486,"column":21}},"50":{"start":{"line":496,"column":23},"end":{"line":496,"column":25}},"51":{"start":{"line":499,"column":24},"end":{"line":503,"column":5}},"52":{"start":{"line":506,"column":24},"end":{"line":511,"column":5}},"53":{"start":{"line":514,"column":26},"end":{"line":514,"column":77}},"54":{"start":{"line":516,"column":4},"end":{"line":516,"column":71}},"55":{"start":{"line":517,"column":4},"end":{"line":517,"column":69}},"56":{"start":{"line":518,"column":4},"end":{"line":518,"column":75}},"57":{"start":{"line":521,"column":21},"end":{"line":521,"column":48}},"58":{"start":{"line":522,"column":4},"end":{"line":529,"column":5}},"59":{"start":{"line":524,"column":6},"end":{"line":528,"column":9}},"60":{"start":{"line":532,"column":4},"end":{"line":534,"column":5}},"61":{"start":{"line":533,"column":6},"end":{"line":533,"column":55}},"62":{"start":{"line":536,"column":4},"end":{"line":539,"column":6}},"63":{"start":{"line":550,"column":23},"end":{"line":567,"column":5}},"64":{"start":{"line":551,"column":6},"end":{"line":566,"column":7}},"65":{"start":{"line":552,"column":8},"end":{"line":561,"column":9}},"66":{"start":{"line":553,"column":10},"end":{"line":560,"column":11}},"67":{"start":{"line":554,"column":12},"end":{"line":558,"column":15}},"68":{"start":{"line":559,"column":12},"end":{"line":559,"column":18}},"69":{"start":{"line":562,"column":13},"end":{"line":566,"column":7}},"70":{"start":{"line":563,"column":8},"end":{"line":565,"column":9}},"71":{"start":{"line":564,"column":10},"end":{"line":564,"column":53}},"72":{"start":{"line":569,"column":4},"end":{"line":571,"column":5}},"73":{"start":{"line":570,"column":6},"end":{"line":570,"column":29}},"74":{"start":{"line":581,"column":31},"end":{"line":588,"column":5}},"75":{"start":{"line":590,"column":4},"end":{"line":601,"column":5}},"76":{"start":{"line":591,"column":6},"end":{"line":600,"column":7}},"77":{"start":{"line":592,"column":8},"end":{"line":599,"column":9}},"78":{"start":{"line":593,"column":10},"end":{"line":597,"column":13}},"79":{"start":{"line":598,"column":10},"end":{"line":598,"column":16}},"80":{"start":{"line":603,"column":4},"end":{"line":615,"column":5}},"81":{"start":{"line":604,"column":23},"end":{"line":604,"column":59}},"82":{"start":{"line":605,"column":6},"end":{"line":614,"column":7}},"83":{"start":{"line":606,"column":8},"end":{"line":613,"column":9}},"84":{"start":{"line":607,"column":10},"end":{"line":611,"column":13}},"85":{"start":{"line":612,"column":10},"end":{"line":612,"column":16}},"86":{"start":{"line":624,"column":4},"end":{"line":626,"column":5}},"87":{"start":{"line":625,"column":6},"end":{"line":625,"column":18}},"88":{"start":{"line":628,"column":28},"end":{"line":637,"column":5}},"89":{"start":{"line":639,"column":21},"end":{"line":639,"column":32}},"90":{"start":{"line":641,"column":4},"end":{"line":645,"column":5}},"91":{"start":{"line":642,"column":6},"end":{"line":644,"column":7}},"92":{"start":{"line":643,"column":8},"end":{"line":643,"column":39}},"93":{"start":{"line":648,"column":4},"end":{"line":651,"column":5}},"94":{"start":{"line":649,"column":30},"end":{"line":649,"column":55}},"95":{"start":{"line":650,"column":6},"end":{"line":650,"column":63}},"96":{"start":{"line":653,"column":4},"end":{"line":655,"column":5}},"97":{"start":{"line":654,"column":6},"end":{"line":654,"column":79}},"98":{"start":{"line":657,"column":4},"end":{"line":657,"column":20}},"99":{"start":{"line":671,"column":8},"end":{"line":671,"column":15}},"100":{"start":{"line":673,"column":19},"end":{"line":673,"column":21}},"101":{"start":{"line":675,"column":4},"end":{"line":678,"column":5}},"102":{"start":{"line":676,"column":6},"end":{"line":676,"column":66}},"103":{"start":{"line":677,"column":6},"end":{"line":677,"column":40}},"104":{"start":{"line":681,"column":4},"end":{"line":686,"column":5}},"105":{"start":{"line":682,"column":6},"end":{"line":685,"column":9}},"106":{"start":{"line":689,"column":4},"end":{"line":694,"column":5}},"107":{"start":{"line":690,"column":6},"end":{"line":693,"column":9}},"108":{"start":{"line":697,"column":26},"end":{"line":699,"column":52}},"109":{"start":{"line":700,"column":4},"end":{"line":705,"column":5}},"110":{"start":{"line":701,"column":6},"end":{"line":704,"column":9}},"111":{"start":{"line":708,"column":31},"end":{"line":713,"column":5}},"112":{"start":{"line":715,"column":4},"end":{"line":723,"column":5}},"113":{"start":{"line":716,"column":6},"end":{"line":722,"column":7}},"114":{"start":{"line":717,"column":8},"end":{"line":720,"column":11}},"115":{"start":{"line":721,"column":8},"end":{"line":721,"column":14}},"116":{"start":{"line":725,"column":4},"end":{"line":728,"column":6}},"117":{"start":{"line":733,"column":23},"end":{"line":733,"column":43}},"118":{"start":{"line":735,"column":0},"end":{"line":735,"column":32}},"119":{"start":{"line":736,"column":0},"end":{"line":736,"column":47}},"120":{"start":{"line":737,"column":0},"end":{"line":737,"column":47}}},"fnMap":{"0":{"name":"(anonymous_0)","decl":{"start":{"line":12,"column":2},"end":{"line":12,"column":3}},"loc":{"start":{"line":12,"column":16},"end":{"line":32,"column":3}},"line":12},"1":{"name":"(anonymous_1)","decl":{"start":{"line":39,"column":2},"end":{"line":39,"column":3}},"loc":{"start":{"line":39,"column":29},"end":{"line":96,"column":3}},"line":39},"2":{"name":"(anonymous_2)","decl":{"start":{"line":103,"column":2},"end":{"line":103,"column":3}},"loc":{"start":{"line":103,"column":22},"end":{"line":124,"column":3}},"line":103},"3":{"name":"(anonymous_3)","decl":{"start":{"line":131,"column":2},"end":{"line":131,"column":3}},"loc":{"start":{"line":131,"column":32},"end":{"line":209,"column":3}},"line":131},"4":{"name":"(anonymous_4)","decl":{"start":{"line":216,"column":2},"end":{"line":216,"column":3}},"loc":{"start":{"line":216,"column":28},"end":{"line":243,"column":3}},"line":216},"5":{"name":"(anonymous_5)","decl":{"start":{"line":250,"column":2},"end":{"line":250,"column":3}},"loc":{"start":{"line":250,"column":24},"end":{"line":289,"column":3}},"line":250},"6":{"name":"(anonymous_6)","decl":{"start":{"line":296,"column":2},"end":{"line":296,"column":3}},"loc":{"start":{"line":296,"column":30},"end":{"line":338,"column":3}},"line":296},"7":{"name":"(anonymous_7)","decl":{"start":{"line":345,"column":2},"end":{"line":345,"column":3}},"loc":{"start":{"line":345,"column":28},"end":{"line":373,"column":3}},"line":345},"8":{"name":"(anonymous_8)","decl":{"start":{"line":382,"column":2},"end":{"line":382,"column":3}},"loc":{"start":{"line":382,"column":44},"end":{"line":455,"column":3}},"line":382},"9":{"name":"(anonymous_9)","decl":{"start":{"line":395,"column":51},"end":{"line":395,"column":52}},"loc":{"start":{"line":395,"column":64},"end":{"line":399,"column":9}},"line":395},"10":{"name":"(anonymous_10)","decl":{"start":{"line":429,"column":47},"end":{"line":429,"column":48}},"loc":{"start":{"line":429,"column":55},"end":{"line":432,"column":11}},"line":429},"11":{"name":"(anonymous_11)","decl":{"start":{"line":462,"column":2},"end":{"line":462,"column":3}},"loc":{"start":{"line":462,"column":22},"end":{"line":487,"column":3}},"line":462},"12":{"name":"(anonymous_12)","decl":{"start":{"line":495,"column":2},"end":{"line":495,"column":3}},"loc":{"start":{"line":495,"column":39},"end":{"line":540,"column":3}},"line":495},"13":{"name":"(anonymous_13)","decl":{"start":{"line":549,"column":2},"end":{"line":549,"column":3}},"loc":{"start":{"line":549,"column":59},"end":{"line":572,"column":3}},"line":549},"14":{"name":"(anonymous_14)","decl":{"start":{"line":550,"column":23},"end":{"line":550,"column":24}},"loc":{"start":{"line":550,"column":41},"end":{"line":567,"column":5}},"line":550},"15":{"name":"(anonymous_15)","decl":{"start":{"line":579,"column":2},"end":{"line":579,"column":3}},"loc":{"start":{"line":579,"column":46},"end":{"line":616,"column":3}},"line":579},"16":{"name":"(anonymous_16)","decl":{"start":{"line":623,"column":2},"end":{"line":623,"column":3}},"loc":{"start":{"line":623,"column":28},"end":{"line":658,"column":3}},"line":623},"17":{"name":"(anonymous_17)","decl":{"start":{"line":666,"column":2},"end":{"line":666,"column":3}},"loc":{"start":{"line":666,"column":41},"end":{"line":729,"column":3}},"line":666}},"branchMap":{"0":{"loc":{"start":{"line":394,"column":6},"end":{"line":413,"column":7}},"type":"if","locations":[{"start":{"line":394,"column":6},"end":{"line":413,"column":7}},{"start":{},"end":{}}],"line":394},"1":{"loc":{"start":{"line":417,"column":6},"end":{"line":435,"column":7}},"type":"if","locations":[{"start":{"line":417,"column":6},"end":{"line":435,"column":7}},{"start":{},"end":{}}],"line":417},"2":{"loc":{"start":{"line":463,"column":4},"end":{"line":465,"column":5}},"type":"if","locations":[{"start":{"line":463,"column":4},"end":{"line":465,"column":5}},{"start":{},"end":{}}],"line":463},"3":{"loc":{"start":{"line":463,"column":8},"end":{"line":463,"column":49}},"type":"binary-expr","locations":[{"start":{"line":463,"column":8},"end":{"line":463,"column":32}},{"start":{"line":463,"column":36},"end":{"line":463,"column":49}}],"line":463},"4":{"loc":{"start":{"line":470,"column":6},"end":{"line":483,"column":7}},"type":"if","locations":[{"start":{"line":470,"column":6},"end":{"line":483,"column":7}},{"start":{"line":479,"column":13},"end":{"line":483,"column":7}}],"line":470},"5":{"loc":{"start":{"line":475,"column":8},"end":{"line":478,"column":9}},"type":"if","locations":[{"start":{"line":475,"column":8},"end":{"line":478,"column":9}},{"start":{},"end":{}}],"line":475},"6":{"loc":{"start":{"line":477,"column":12},"end":{"line":477,"column":70}},"type":"binary-expr","locations":[{"start":{"line":477,"column":12},"end":{"line":477,"column":52}},{"start":{"line":477,"column":56},"end":{"line":477,"column":70}}],"line":477},"7":{"loc":{"start":{"line":479,"column":13},"end":{"line":483,"column":7}},"type":"if","locations":[{"start":{"line":479,"column":13},"end":{"line":483,"column":7}},{"start":{"line":481,"column":13},"end":{"line":483,"column":7}}],"line":479},"8":{"loc":{"start":{"line":479,"column":17},"end":{"line":479,"column":60}},"type":"binary-expr","locations":[{"start":{"line":479,"column":17},"end":{"line":479,"column":42}},{"start":{"line":479,"column":46},"end":{"line":479,"column":60}}],"line":479},"9":{"loc":{"start":{"line":522,"column":4},"end":{"line":529,"column":5}},"type":"if","locations":[{"start":{"line":522,"column":4},"end":{"line":529,"column":5}},{"start":{},"end":{}}],"line":522},"10":{"loc":{"start":{"line":532,"column":4},"end":{"line":534,"column":5}},"type":"if","locations":[{"start":{"line":532,"column":4},"end":{"line":534,"column":5}},{"start":{},"end":{}}],"line":532},"11":{"loc":{"start":{"line":532,"column":8},"end":{"line":532,"column":66}},"type":"binary-expr","locations":[{"start":{"line":532,"column":8},"end":{"line":532,"column":34}},{"start":{"line":532,"column":38},"end":{"line":532,"column":66}}],"line":532},"12":{"loc":{"start":{"line":551,"column":6},"end":{"line":566,"column":7}},"type":"if","locations":[{"start":{"line":551,"column":6},"end":{"line":566,"column":7}},{"start":{"line":562,"column":13},"end":{"line":566,"column":7}}],"line":551},"13":{"loc":{"start":{"line":553,"column":10},"end":{"line":560,"column":11}},"type":"if","locations":[{"start":{"line":553,"column":10},"end":{"line":560,"column":11}},{"start":{},"end":{}}],"line":553},"14":{"loc":{"start":{"line":562,"column":13},"end":{"line":566,"column":7}},"type":"if","locations":[{"start":{"line":562,"column":13},"end":{"line":566,"column":7}},{"start":{},"end":{}}],"line":562},"15":{"loc":{"start":{"line":562,"column":17},"end":{"line":562,"column":60}},"type":"binary-expr","locations":[{"start":{"line":562,"column":17},"end":{"line":562,"column":42}},{"start":{"line":562,"column":46},"end":{"line":562,"column":60}}],"line":562},"16":{"loc":{"start":{"line":590,"column":4},"end":{"line":601,"column":5}},"type":"if","locations":[{"start":{"line":590,"column":4},"end":{"line":601,"column":5}},{"start":{},"end":{}}],"line":590},"17":{"loc":{"start":{"line":592,"column":8},"end":{"line":599,"column":9}},"type":"if","locations":[{"start":{"line":592,"column":8},"end":{"line":599,"column":9}},{"start":{},"end":{}}],"line":592},"18":{"loc":{"start":{"line":603,"column":4},"end":{"line":615,"column":5}},"type":"if","locations":[{"start":{"line":603,"column":4},"end":{"line":615,"column":5}},{"start":{},"end":{}}],"line":603},"19":{"loc":{"start":{"line":603,"column":8},"end":{"line":603,"column":39}},"type":"binary-expr","locations":[{"start":{"line":603,"column":8},"end":{"line":603,"column":22}},{"start":{"line":603,"column":26},"end":{"line":603,"column":39}}],"line":603},"20":{"loc":{"start":{"line":606,"column":8},"end":{"line":613,"column":9}},"type":"if","locations":[{"start":{"line":606,"column":8},"end":{"line":613,"column":9}},{"start":{},"end":{}}],"line":606},"21":{"loc":{"start":{"line":624,"column":4},"end":{"line":626,"column":5}},"type":"if","locations":[{"start":{"line":624,"column":4},"end":{"line":626,"column":5}},{"start":{},"end":{}}],"line":624},"22":{"loc":{"start":{"line":624,"column":8},"end":{"line":624,"column":49}},"type":"binary-expr","locations":[{"start":{"line":624,"column":8},"end":{"line":624,"column":32}},{"start":{"line":624,"column":36},"end":{"line":624,"column":49}}],"line":624},"23":{"loc":{"start":{"line":642,"column":6},"end":{"line":644,"column":7}},"type":"if","locations":[{"start":{"line":642,"column":6},"end":{"line":644,"column":7}},{"start":{},"end":{}}],"line":642},"24":{"loc":{"start":{"line":648,"column":4},"end":{"line":651,"column":5}},"type":"if","locations":[{"start":{"line":648,"column":4},"end":{"line":651,"column":5}},{"start":{},"end":{}}],"line":648},"25":{"loc":{"start":{"line":653,"column":4},"end":{"line":655,"column":5}},"type":"if","locations":[{"start":{"line":653,"column":4},"end":{"line":655,"column":5}},{"start":{},"end":{}}],"line":653},"26":{"loc":{"start":{"line":666,"column":27},"end":{"line":666,"column":39}},"type":"default-arg","locations":[{"start":{"line":666,"column":37},"end":{"line":666,"column":39}}],"line":666},"27":{"loc":{"start":{"line":668,"column":6},"end":{"line":668,"column":32}},"type":"default-arg","locations":[{"start":{"line":668,"column":16},"end":{"line":668,"column":32}}],"line":668},"28":{"loc":{"start":{"line":669,"column":6},"end":{"line":669,"column":67}},"type":"default-arg","locations":[{"start":{"line":669,"column":21},"end":{"line":669,"column":67}}],"line":669},"29":{"loc":{"start":{"line":670,"column":6},"end":{"line":670,"column":59}},"type":"default-arg","locations":[{"start":{"line":670,"column":26},"end":{"line":670,"column":59}}],"line":670},"30":{"loc":{"start":{"line":675,"column":4},"end":{"line":678,"column":5}},"type":"if","locations":[{"start":{"line":675,"column":4},"end":{"line":678,"column":5}},{"start":{},"end":{}}],"line":675},"31":{"loc":{"start":{"line":681,"column":4},"end":{"line":686,"column":5}},"type":"if","locations":[{"start":{"line":681,"column":4},"end":{"line":686,"column":5}},{"start":{},"end":{}}],"line":681},"32":{"loc":{"start":{"line":689,"column":4},"end":{"line":694,"column":5}},"type":"if","locations":[{"start":{"line":689,"column":4},"end":{"line":694,"column":5}},{"start":{},"end":{}}],"line":689},"33":{"loc":{"start":{"line":700,"column":4},"end":{"line":705,"column":5}},"type":"if","locations":[{"start":{"line":700,"column":4},"end":{"line":705,"column":5}},{"start":{},"end":{}}],"line":700},"34":{"loc":{"start":{"line":716,"column":6},"end":{"line":722,"column":7}},"type":"if","locations":[{"start":{"line":716,"column":6},"end":{"line":722,"column":7}},{"start":{},"end":{}}],"line":716}},"s":{"0":0,"1":0,"2":0,"3":0,"4":0,"5":0,"6":0,"7":0,"8":0,"9":0,"10":0,"11":0,"12":0,"13":0,"14":0,"15":0,"16":0,"17":0,"18":0,"19":0,"20":0,"21":0,"22":0,"23":0,"24":0,"25":0,"26":0,"27":0,"28":0,"29":0,"30":0,"31":0,"32":0,"33":0,"34":0,"35":0,"36":0,"37":0,"38":0,"39":0,"40":0,"41":0,"42":0,"43":0,"44":0,"45":0,"46":0,"47":0,"48":0,"49":0,"50":0,"51":0,"52":0,"53":0,"54":0,"55":0,"56":0,"57":0,"58":0,"59":0,"60":0,"61":0,"62":0,"63":0,"64":0,"65":0,"66":0,"67":0,"68":0,"69":0,"70":0,"71":0,"72":0,"73":0,"74":0,"75":0,"76":0,"77":0,"78":0,"79":0,"80":0,"81":0,"82":0,"83":0,"84":0,"85":0,"86":0,"87":0,"88":0,"89":0,"90":0,"91":0,"92":0,"93":0,"94":0,"95":0,"96":0,"97":0,"98":0,"99":0,"100":0,"101":0,"102":0,"103":0,"104":0,"105":0,"106":0,"107":0,"108":0,"109":0,"110":0,"111":0,"112":0,"113":0,"114":0,"115":0,"116":0,"117":0,"118":0,"119":0,"120":0},"f":{"0":0,"1":0,"2":0,"3":0,"4":0,"5":0,"6":0,"7":0,"8":0,"9":0,"10":0,"11":0,"12":0,"13":0,"14":0,"15":0,"16":0,"17":0},"b":{"0":[0,0],"1":[0,0],"2":[0,0],"3":[0,0],"4":[0,0],"5":[0,0],"6":[0,0],"7":[0,0],"8":[0,0],"9":[0,0],"10":[0,0],"11":[0,0],"12":[0,0],"13":[0,0],"14":[0,0],"15":[0,0],"16":[0,0],"17":[0,0],"18":[0,0],"19":[0,0],"20":[0,0],"21":[0,0],"22":[0,0],"23":[0,0],"24":[0,0],"25":[0,0],"26":[0],"27":[0],"28":[0],"29":[0],"30":[0,0],"31":[0,0],"32":[0,0],"33":[0,0],"34":[0,0]}}
}
