TN:
SF:src/compliance/auditLogger.js
FN:18,(anonymous_0)
FN:19,(anonymous_1)
FN:21,(anonymous_2)
FN:23,(anonymous_3)
FN:36,(anonymous_4)
FN:151,(anonymous_5)
FN:160,(anonymous_6)
FN:168,(anonymous_7)
FN:233,(anonymous_8)
FN:243,(anonymous_9)
FN:265,(anonymous_10)
FN:296,(anonymous_11)
FN:312,(anonymous_12)
FN:348,(anonymous_13)
FN:388,(anonymous_14)
FN:429,(anonymous_15)
FN:445,(anonymous_16)
FN:462,(anonymous_17)
FN:477,(anonymous_18)
FN:501,(anonymous_19)
FN:516,(anonymous_20)
FN:533,(anonymous_21)
FN:548,(anonymous_22)
FN:569,(anonymous_23)
FN:603,(anonymous_24)
FN:635,(anonymous_25)
FN:656,(anonymous_26)
FN:677,(anonymous_27)
FN:700,(anonymous_28)
FN:733,(anonymous_29)
FN:746,(anonymous_30)
FN:759,(anonymous_31)
FN:773,(anonymous_32)
FN:800,(anonymous_33)
FN:823,(anonymous_34)
FN:843,getAuditLogger
FN:855,auditMiddleware
FN:858,(anonymous_37)
FN:865,(anonymous_38)
FN:874,(anonymous_39)
FN:916,(anonymous_40)
FNF:41
FNH:16
FNDA:0,(anonymous_0)
FNDA:0,(anonymous_1)
FNDA:0,(anonymous_2)
FNDA:0,(anonymous_3)
FNDA:45,(anonymous_4)
FNDA:7,(anonymous_5)
FNDA:7,(anonymous_6)
FNDA:154,(anonymous_7)
FNDA:7,(anonymous_8)
FNDA:45,(anonymous_9)
FNDA:45,(anonymous_10)
FNDA:45,(anonymous_11)
FNDA:45,(anonymous_12)
FNDA:0,(anonymous_13)
FNDA:0,(anonymous_14)
FNDA:0,(anonymous_15)
FNDA:0,(anonymous_16)
FNDA:0,(anonymous_17)
FNDA:0,(anonymous_18)
FNDA:23,(anonymous_19)
FNDA:0,(anonymous_20)
FNDA:6,(anonymous_21)
FNDA:0,(anonymous_22)
FNDA:74,(anonymous_23)
FNDA:0,(anonymous_24)
FNDA:74,(anonymous_25)
FNDA:74,(anonymous_26)
FNDA:0,(anonymous_27)
FNDA:0,(anonymous_28)
FNDA:0,(anonymous_29)
FNDA:0,(anonymous_30)
FNDA:0,(anonymous_31)
FNDA:0,(anonymous_32)
FNDA:0,(anonymous_33)
FNDA:0,(anonymous_34)
FNDA:50,getAuditLogger
FNDA:0,auditMiddleware
FNDA:0,(anonymous_37)
FNDA:0,(anonymous_38)
FNDA:0,(anonymous_39)
FNDA:1,(anonymous_40)
DA:1,7
DA:2,7
DA:3,7
DA:4,7
DA:5,7
DA:9,7
DA:10,7
DA:12,0
DA:16,0
DA:17,0
DA:18,0
DA:20,0
DA:21,0
DA:23,0
DA:30,7
DA:37,45
DA:136,7
DA:137,7
DA:138,7
DA:139,7
DA:142,7
DA:144,7
DA:152,7
DA:153,7
DA:154,7
DA:162,7
DA:169,154
DA:179,7
DA:190,7
DA:201,7
DA:211,7
DA:218,7
DA:219,0
DA:234,7
DA:235,7
DA:244,45
DA:246,45
DA:247,45
DA:250,45
DA:251,45
DA:253,45
DA:255,0
DA:256,0
DA:266,45
DA:288,45
DA:297,45
DA:304,45
DA:305,45
DA:314,45
DA:320,45
DA:321,45
DA:324,45
DA:341,45
DA:350,0
DA:356,0
DA:357,0
DA:360,0
DA:381,0
DA:390,0
DA:397,0
DA:398,0
DA:399,0
DA:402,0
DA:421,0
DA:430,0
DA:438,0
DA:446,0
DA:453,0
DA:454,0
DA:455,0
DA:463,0
DA:469,0
DA:470,0
DA:478,0
DA:489,0
DA:490,0
DA:492,0
DA:493,0
DA:502,23
DA:508,23
DA:509,23
DA:517,0
DA:524,0
DA:525,0
DA:526,0
DA:534,6
DA:540,6
DA:541,6
DA:549,0
DA:556,0
DA:557,0
DA:558,0
DA:570,74
DA:571,74
DA:574,74
DA:587,74
DA:588,0
DA:592,74
DA:593,74
DA:595,74
DA:604,0
DA:616,0
DA:618,0
DA:619,0
DA:620,0
DA:627,0
DA:637,74
DA:638,74
DA:644,74
DA:648,74
DA:649,74
DA:657,74
DA:658,74
DA:659,74
DA:666,74
DA:668,0
DA:678,0
DA:679,0
DA:680,0
DA:682,0
DA:683,0
DA:688,0
DA:690,0
DA:691,0
DA:707,0
DA:711,0
DA:735,0
DA:748,0
DA:761,0
DA:774,0
DA:791,0
DA:792,0
DA:806,0
DA:809,0
DA:825,0
DA:831,0
DA:832,0
DA:837,7
DA:844,50
DA:845,7
DA:847,50
DA:856,0
DA:858,0
DA:859,0
DA:862,0
DA:863,0
DA:865,0
DA:866,0
DA:867,0
DA:871,0
DA:874,0
DA:875,0
DA:877,0
DA:891,0
DA:892,0
DA:893,0
DA:894,0
DA:895,0
DA:899,0
DA:900,0
DA:903,0
DA:909,7
DA:911,7
DA:917,1
LF:164
LH:72
BRDA:18,0,0,0
BRDA:18,0,1,0
BRDA:218,1,0,0
BRDA:218,1,1,7
BRDA:288,2,0,45
BRDA:288,2,1,39
BRDA:304,3,0,45
BRDA:304,3,1,0
BRDA:316,4,0,28
BRDA:316,4,1,17
BRDA:326,5,0,45
BRDA:326,5,1,0
BRDA:362,6,0,0
BRDA:362,6,1,0
BRDA:368,7,0,0
BRDA:368,7,1,0
BRDA:404,8,0,0
BRDA:404,8,1,0
BRDA:408,9,0,0
BRDA:408,9,1,0
BRDA:438,10,0,0
BRDA:438,10,1,0
BRDA:483,11,0,0
BRDA:483,11,1,0
BRDA:492,12,0,0
BRDA:492,12,1,0
BRDA:556,13,0,0
BRDA:556,13,1,0
BRDA:556,14,0,0
BRDA:556,14,1,0
BRDA:569,15,0,0
BRDA:578,16,0,74
BRDA:578,16,1,0
BRDA:579,17,0,74
BRDA:579,17,1,0
BRDA:580,18,0,74
BRDA:580,18,1,0
BRDA:587,19,0,0
BRDA:587,19,1,74
BRDA:619,20,0,0
BRDA:619,20,1,0
BRDA:619,21,0,0
BRDA:619,21,1,0
BRDA:646,22,0,74
BRDA:646,22,1,74
BRDA:682,23,0,0
BRDA:682,23,1,0
BRDA:704,24,0,0
BRDA:705,25,0,0
BRDA:706,26,0,0
BRDA:773,27,0,0
BRDA:804,28,0,0
BRDA:805,29,0,0
BRDA:844,30,0,7
BRDA:844,30,1,43
BRDA:855,31,0,0
BRDA:886,32,0,0
BRDA:886,32,1,0
BRDA:891,33,0,0
BRDA:891,33,1,0
BRDA:891,34,0,0
BRDA:891,34,1,0
BRDA:899,35,0,0
BRDA:899,35,1,0
BRDA:899,36,0,0
BRDA:899,36,1,0
BRF:66
BRH:15
end_of_record
TN:
SF:src/compliance/gdprCompliance.js
FN:15,(anonymous_0)
FN:16,(anonymous_1)
FN:18,(anonymous_2)
FN:21,(anonymous_3)
FN:23,(anonymous_4)
FN:26,(anonymous_5)
FN:38,(anonymous_6)
FN:49,(anonymous_7)
FN:83,(anonymous_8)
FN:127,(anonymous_9)
FN:191,(anonymous_10)
FN:229,(anonymous_11)
FN:270,(anonymous_12)
FN:288,(anonymous_13)
FN:331,(anonymous_14)
FN:409,(anonymous_15)
FN:494,(anonymous_16)
FN:507,(anonymous_17)
FN:545,(anonymous_18)
FN:566,(anonymous_19)
FN:584,(anonymous_20)
FN:598,(anonymous_21)
FN:619,(anonymous_22)
FN:639,(anonymous_23)
FN:673,(anonymous_24)
FN:687,(anonymous_25)
FN:706,(anonymous_26)
FN:744,(anonymous_27)
FN:779,(anonymous_28)
FN:789,(anonymous_29)
FN:799,(anonymous_30)
FN:813,getGDPRCompliance
FNF:32
FNH:6
FNDA:0,(anonymous_0)
FNDA:0,(anonymous_1)
FNDA:0,(anonymous_2)
FNDA:0,(anonymous_3)
FNDA:0,(anonymous_4)
FNDA:0,(anonymous_5)
FNDA:6,(anonymous_6)
FNDA:6,(anonymous_7)
FNDA:6,(anonymous_8)
FNDA:11,(anonymous_9)
FNDA:3,(anonymous_10)
FNDA:0,(anonymous_11)
FNDA:0,(anonymous_12)
FNDA:0,(anonymous_13)
FNDA:0,(anonymous_14)
FNDA:0,(anonymous_15)
FNDA:0,(anonymous_16)
FNDA:0,(anonymous_17)
FNDA:0,(anonymous_18)
FNDA:0,(anonymous_19)
FNDA:0,(anonymous_20)
FNDA:0,(anonymous_21)
FNDA:0,(anonymous_22)
FNDA:0,(anonymous_23)
FNDA:0,(anonymous_24)
FNDA:0,(anonymous_25)
FNDA:0,(anonymous_26)
FNDA:0,(anonymous_27)
FNDA:0,(anonymous_28)
FNDA:0,(anonymous_29)
FNDA:0,(anonymous_30)
FNDA:6,getGDPRCompliance
DA:1,6
DA:2,6
DA:3,6
DA:4,6
DA:5,6
DA:6,6
DA:10,6
DA:11,6
DA:13,0
DA:14,0
DA:15,0
DA:17,0
DA:18,0
DA:19,0
DA:22,0
DA:23,0
DA:24,0
DA:27,0
DA:28,0
DA:39,6
DA:40,6
DA:41,6
DA:42,6
DA:50,6
DA:84,6
DA:128,11
DA:129,11
DA:140,11
DA:145,11
DA:146,11
DA:149,11
DA:150,11
DA:157,11
DA:166,11
DA:172,11
DA:178,0
DA:182,0
DA:192,3
DA:193,3
DA:194,3
DA:196,3
DA:197,3
DA:204,0
DA:206,0
DA:213,0
DA:217,0
DA:230,0
DA:232,0
DA:235,0
DA:243,0
DA:244,0
DA:249,0
DA:250,0
DA:254,0
DA:256,0
DA:260,0
DA:271,0
DA:273,0
DA:274,0
DA:275,0
DA:276,0
DA:280,0
DA:289,0
DA:290,0
DA:291,0
DA:293,0
DA:294,0
DA:296,0
DA:297,0
DA:299,0
DA:300,0
DA:305,0
DA:312,0
DA:317,0
DA:332,0
DA:334,0
DA:335,0
DA:336,0
DA:340,0
DA:343,0
DA:346,0
DA:349,0
DA:359,0
DA:360,0
DA:367,0
DA:376,0
DA:383,0
DA:394,0
DA:399,0
DA:410,0
DA:415,0
DA:418,0
DA:423,0
DA:424,0
DA:427,0
DA:438,0
DA:439,0
DA:441,0
DA:448,0
DA:449,0
DA:456,0
DA:466,0
DA:473,0
DA:481,0
DA:485,0
DA:495,0
DA:498,0
DA:499,0
DA:500,0
DA:504,0
DA:507,0
DA:510,0
DA:511,0
DA:512,0
DA:513,0
DA:514,0
DA:515,0
DA:516,0
DA:520,0
DA:528,0
DA:529,0
DA:530,0
DA:531,0
DA:532,0
DA:533,0
DA:537,0
DA:546,0
DA:549,0
DA:550,0
DA:551,0
DA:557,0
DA:567,0
DA:569,0
DA:571,0
DA:573,0
DA:575,0
DA:587,0
DA:589,0
DA:590,0
DA:592,0
DA:593,0
DA:594,0
DA:595,0
DA:597,0
DA:598,0
DA:599,0
DA:601,0
DA:604,0
DA:605,0
DA:606,0
DA:611,0
DA:621,0
DA:623,0
DA:624,0
DA:625,0
DA:626,0
DA:629,0
DA:630,0
DA:640,0
DA:641,0
DA:643,0
DA:644,0
DA:645,0
DA:646,0
DA:647,0
DA:649,0
DA:650,0
DA:651,0
DA:652,0
DA:653,0
DA:654,0
DA:655,0
DA:657,0
DA:659,0
DA:662,0
DA:665,0
DA:674,0
DA:688,0
DA:690,0
DA:691,0
DA:692,0
DA:693,0
DA:694,0
DA:698,0
DA:707,0
DA:710,0
DA:711,0
DA:712,0
DA:713,0
DA:714,0
DA:715,0
DA:716,0
DA:717,0
DA:718,0
DA:720,0
DA:721,0
DA:725,0
DA:726,0
DA:727,0
DA:729,0
DA:732,0
DA:733,0
DA:735,0
DA:745,0
DA:747,0
DA:749,0
DA:750,0
DA:753,0
DA:759,0
DA:762,0
DA:766,0
DA:767,0
DA:768,0
DA:770,0
DA:772,0
DA:782,0
DA:792,0
DA:802,0
DA:807,6
DA:814,6
DA:815,6
DA:817,6
DA:820,6
LF:223
LH:34
BRDA:15,0,0,0
BRDA:15,0,1,0
BRDA:196,1,0,3
BRDA:196,1,1,0
BRDA:210,2,0,0
BRDA:210,2,1,0
BRDA:243,3,0,0
BRDA:243,3,1,0
BRDA:249,4,0,0
BRDA:249,4,1,0
BRDA:275,5,0,0
BRDA:275,5,1,0
BRDA:275,6,0,0
BRDA:275,6,1,0
BRDA:291,7,0,0
BRDA:291,7,1,0
BRDA:291,7,2,0
BRDA:331,8,0,0
BRDA:335,9,0,0
BRDA:335,9,1,0
BRDA:409,10,0,0
BRDA:412,11,0,0
BRDA:413,12,0,0
BRDA:414,13,0,0
BRDA:423,14,0,0
BRDA:423,14,1,0
BRDA:423,15,0,0
BRDA:423,15,1,0
BRDA:438,16,0,0
BRDA:438,16,1,0
BRDA:499,17,0,0
BRDA:499,17,1,0
BRDA:514,18,0,0
BRDA:514,18,1,0
BRDA:532,19,0,0
BRDA:532,19,1,0
BRDA:549,20,0,0
BRDA:549,20,1,0
BRDA:567,21,0,0
BRDA:567,21,1,0
BRDA:567,21,2,0
BRDA:567,21,3,0
BRDA:592,22,0,0
BRDA:592,22,1,0
BRDA:593,23,0,0
BRDA:593,23,1,0
BRDA:599,24,0,0
BRDA:599,24,1,0
BRDA:604,25,0,0
BRDA:604,25,1,0
BRDA:639,26,0,0
BRDA:643,27,0,0
BRDA:643,27,1,0
BRDA:649,28,0,0
BRDA:649,28,1,0
BRDA:649,29,0,0
BRDA:649,29,1,0
BRDA:652,30,0,0
BRDA:652,30,1,0
BRDA:691,31,0,0
BRDA:691,31,1,0
BRDA:693,32,0,0
BRDA:693,32,1,0
BRDA:693,33,0,0
BRDA:693,33,1,0
BRDA:711,34,0,0
BRDA:711,34,1,0
BRDA:744,35,0,0
BRDA:747,36,0,0
BRDA:747,36,1,0
BRDA:814,37,0,6
BRDA:814,37,1,0
BRF:72
BRH:2
end_of_record
TN:
SF:src/controllers/adminController.js
FN:14,(anonymous_0)
FN:79,(anonymous_1)
FN:110,(anonymous_2)
FN:156,(anonymous_3)
FN:189,(anonymous_4)
FN:249,(anonymous_5)
FN:282,(anonymous_6)
FN:334,(anonymous_7)
FN:405,(anonymous_8)
FN:426,(anonymous_9)
FNF:10
FNH:3
FNDA:3,(anonymous_0)
FNDA:0,(anonymous_1)
FNDA:0,(anonymous_2)
FNDA:0,(anonymous_3)
FNDA:1,(anonymous_4)
FNDA:0,(anonymous_5)
FNDA:0,(anonymous_6)
FNDA:1,(anonymous_7)
FNDA:0,(anonymous_8)
FNDA:0,(anonymous_9)
DA:1,6
DA:2,6
DA:3,6
DA:4,6
DA:5,6
DA:7,6
DA:14,6
DA:22,3
DA:25,3
DA:27,3
DA:28,0
DA:31,3
DA:32,0
DA:35,3
DA:36,0
DA:45,3
DA:53,3
DA:56,3
DA:64,3
DA:79,6
DA:80,0
DA:82,0
DA:83,0
DA:90,0
DA:99,0
DA:110,6
DA:111,0
DA:113,0
DA:115,0
DA:116,0
DA:122,0
DA:123,0
DA:125,0
DA:126,0
DA:129,0
DA:132,0
DA:144,0
DA:156,6
DA:157,0
DA:159,0
DA:160,0
DA:166,0
DA:169,0
DA:178,0
DA:189,6
DA:197,1
DA:200,1
DA:202,1
DA:203,0
DA:206,1
DA:207,0
DA:210,1
DA:211,0
DA:215,1
DA:223,1
DA:226,1
DA:234,1
DA:249,6
DA:250,0
DA:254,0
DA:255,0
DA:262,0
DA:271,0
DA:282,6
DA:283,0
DA:285,0
DA:287,0
DA:288,0
DA:294,0
DA:295,0
DA:297,0
DA:299,0
DA:307,0
DA:310,0
DA:322,0
DA:334,6
DA:335,1
DA:338,1
DA:339,1
DA:340,0
DA:342,1
DA:343,0
DA:347,1
DA:348,1
DA:350,1
DA:351,1
DA:354,1
DA:355,1
DA:356,1
DA:359,1
DA:369,1
DA:386,1
DA:394,1
DA:405,6
DA:406,0
DA:415,0
DA:426,6
DA:427,0
DA:430,0
DA:438,0
DA:449,0
LF:101
LH:49
BRDA:16,0,0,3
BRDA:17,1,0,3
BRDA:18,2,0,3
BRDA:27,3,0,0
BRDA:27,3,1,3
BRDA:31,4,0,0
BRDA:31,4,1,3
BRDA:35,5,0,0
BRDA:35,5,1,3
BRDA:82,6,0,0
BRDA:82,6,1,0
BRDA:115,7,0,0
BRDA:115,7,1,0
BRDA:125,8,0,0
BRDA:125,8,1,0
BRDA:159,9,0,0
BRDA:159,9,1,0
BRDA:191,10,0,1
BRDA:192,11,0,1
BRDA:193,12,0,1
BRDA:202,13,0,0
BRDA:202,13,1,1
BRDA:206,14,0,0
BRDA:206,14,1,1
BRDA:210,15,0,0
BRDA:210,15,1,1
BRDA:254,16,0,0
BRDA:254,16,1,0
BRDA:287,17,0,0
BRDA:287,17,1,0
BRDA:297,18,0,0
BRDA:297,18,1,0
BRDA:339,19,0,0
BRDA:339,19,1,1
BRDA:342,20,0,0
BRDA:342,20,1,1
BRDA:350,21,0,0
BRDA:350,21,1,1
BRDA:379,22,0,1
BRDA:379,22,1,1
BRDA:380,23,0,1
BRDA:380,23,1,1
BRDA:427,24,0,0
BRF:43
BRH:19
end_of_record
TN:
SF:src/controllers/authController.js
FN:13,(anonymous_0)
FN:23,(anonymous_1)
FN:141,(anonymous_2)
FN:231,(anonymous_3)
FN:285,(anonymous_4)
FN:332,(anonymous_5)
FN:377,(anonymous_6)
FN:424,(anonymous_7)
FN:474,(anonymous_8)
FN:526,(anonymous_9)
FNF:10
FNH:7
FNDA:6,(anonymous_0)
FNDA:21,(anonymous_1)
FNDA:21,(anonymous_2)
FNDA:4,(anonymous_3)
FNDA:2,(anonymous_4)
FNDA:0,(anonymous_5)
FNDA:0,(anonymous_6)
FNDA:3,(anonymous_7)
FNDA:0,(anonymous_8)
FNDA:1,(anonymous_9)
DA:1,6
DA:2,6
DA:3,6
DA:4,6
DA:5,6
DA:6,6
DA:14,6
DA:15,6
DA:24,21
DA:36,21
DA:37,21
DA:38,21
DA:41,21
DA:42,3
DA:50,18
DA:64,18
DA:66,18
DA:68,11
DA:76,11
DA:88,11
DA:90,11
DA:103,7
DA:109,0
DA:117,0
DA:128,0
DA:142,21
DA:143,21
DA:144,21
DA:145,21
DA:147,21
DA:155,21
DA:157,21
DA:159,3
DA:172,3
DA:179,3
DA:188,18
DA:189,0
DA:196,18
DA:202,0
DA:209,0
DA:219,0
DA:232,4
DA:233,4
DA:234,4
DA:236,4
DA:237,2
DA:243,2
DA:245,0
DA:247,0
DA:254,0
DA:262,0
DA:268,2
DA:273,2
DA:286,2
DA:287,2
DA:288,2
DA:290,2
DA:291,0
DA:295,2
DA:298,2
DA:299,0
DA:309,2
DA:314,0
DA:320,0
DA:333,0
DA:334,0
DA:336,0
DA:339,0
DA:348,0
DA:359,0
DA:365,0
DA:378,0
DA:379,0
DA:380,0
DA:382,0
DA:384,0
DA:386,0
DA:395,0
DA:400,0
DA:406,0
DA:412,0
DA:425,3
DA:426,3
DA:428,3
DA:429,3
DA:430,0
DA:437,3
DA:440,3
DA:448,3
DA:456,0
DA:462,0
DA:475,0
DA:476,0
DA:477,0
DA:479,0
DA:480,0
DA:481,0
DA:482,0
DA:483,0
DA:484,0
DA:486,0
DA:491,0
DA:492,0
DA:497,0
DA:505,0
DA:511,0
DA:515,0
DA:527,1
DA:528,1
DA:529,1
DA:531,1
DA:532,0
DA:538,1
DA:539,1
DA:540,0
DA:545,1
DA:546,1
DA:547,1
DA:552,0
DA:553,0
DA:555,0
DA:564,0
DA:566,0
DA:570,0
DA:577,6
LF:125
LH:66
BRDA:41,0,0,3
BRDA:41,0,1,18
BRDA:41,1,0,21
BRDA:41,1,1,18
BRDA:41,1,2,18
BRDA:66,2,0,11
BRDA:66,2,1,7
BRDA:105,3,0,7
BRDA:105,3,1,0
BRDA:157,4,0,3
BRDA:157,4,1,18
BRDA:188,5,0,0
BRDA:188,5,1,18
BRDA:221,6,0,0
BRDA:221,6,1,0
BRDA:233,7,0,4
BRDA:233,7,1,4
BRDA:236,8,0,2
BRDA:236,8,1,2
BRDA:245,9,0,0
BRDA:245,9,1,0
BRDA:290,10,0,0
BRDA:290,10,1,2
BRDA:290,11,0,2
BRDA:290,11,1,0
BRDA:298,12,0,0
BRDA:298,12,1,2
BRDA:384,13,0,0
BRDA:384,13,1,0
BRDA:414,14,0,0
BRDA:414,14,1,0
BRDA:429,15,0,0
BRDA:429,15,1,3
BRDA:480,16,0,0
BRDA:480,16,1,0
BRDA:481,17,0,0
BRDA:481,17,1,0
BRDA:482,18,0,0
BRDA:482,18,1,0
BRDA:483,19,0,0
BRDA:483,19,1,0
BRDA:484,20,0,0
BRDA:484,20,1,0
BRDA:491,21,0,0
BRDA:491,21,1,0
BRDA:531,22,0,0
BRDA:531,22,1,1
BRDA:531,23,0,1
BRDA:531,23,1,1
BRDA:539,24,0,0
BRDA:539,24,1,1
BRDA:546,25,0,1
BRDA:546,25,1,0
BRF:53
BRH:24
end_of_record
TN:
SF:src/controllers/loanController.js
FN:15,(anonymous_0)
FN:25,(anonymous_1)
FN:184,(anonymous_2)
FN:227,(anonymous_3)
FN:285,(anonymous_4)
FN:461,(anonymous_5)
FN:625,(anonymous_6)
FN:657,(anonymous_7)
FN:707,(anonymous_8)
FN:779,(anonymous_9)
FN:791,(anonymous_10)
FN:811,(anonymous_11)
FN:830,(anonymous_12)
FN:845,(anonymous_13)
FN:861,(anonymous_14)
FN:891,(anonymous_15)
FN:910,(anonymous_16)
FN:931,(anonymous_17)
FNF:18
FNH:13
FNDA:6,(anonymous_0)
FNDA:3,(anonymous_1)
FNDA:5,(anonymous_2)
FNDA:5,(anonymous_3)
FNDA:2,(anonymous_4)
FNDA:0,(anonymous_5)
FNDA:2,(anonymous_6)
FNDA:2,(anonymous_7)
FNDA:5,(anonymous_8)
FNDA:0,(anonymous_9)
FNDA:9,(anonymous_10)
FNDA:5,(anonymous_11)
FNDA:0,(anonymous_12)
FNDA:0,(anonymous_13)
FNDA:0,(anonymous_14)
FNDA:2,(anonymous_15)
FNDA:2,(anonymous_16)
FNDA:2,(anonymous_17)
DA:1,6
DA:2,6
DA:3,6
DA:4,6
DA:5,6
DA:6,6
DA:7,6
DA:8,6
DA:16,6
DA:17,6
DA:26,3
DA:27,3
DA:37,3
DA:40,3
DA:41,3
DA:42,0
DA:49,3
DA:50,2
DA:58,1
DA:63,1
DA:64,1
DA:73,0
DA:81,0
DA:83,0
DA:93,0
DA:105,0
DA:122,0
DA:123,0
DA:126,0
DA:129,0
DA:142,0
DA:145,0
DA:147,0
DA:164,0
DA:171,0
DA:185,5
DA:196,5
DA:199,5
DA:201,5
DA:202,1
DA:203,5
DA:204,1
DA:205,5
DA:206,0
DA:207,5
DA:208,5
DA:211,5
DA:212,5
DA:215,5
DA:216,5
DA:222,5
DA:223,5
DA:226,5
DA:227,5
DA:231,5
DA:240,5
DA:267,0
DA:273,0
DA:286,2
DA:287,2
DA:288,2
DA:289,2
DA:292,2
DA:293,2
DA:294,0
DA:301,2
DA:302,0
DA:310,2
DA:311,1
DA:318,1
DA:319,1
DA:328,0
DA:329,0
DA:330,0
DA:337,0
DA:338,0
DA:345,0
DA:354,0
DA:355,0
DA:363,0
DA:364,0
DA:365,0
DA:366,0
DA:367,0
DA:374,0
DA:377,0
DA:378,0
DA:388,0
DA:393,0
DA:395,0
DA:403,0
DA:415,0
DA:420,0
DA:422,0
DA:441,0
DA:448,0
DA:462,0
DA:463,0
DA:464,0
DA:465,0
DA:468,0
DA:469,0
DA:470,0
DA:477,0
DA:478,0
DA:485,0
DA:486,0
DA:494,0
DA:500,0
DA:509,0
DA:510,0
DA:518,0
DA:519,0
DA:522,0
DA:531,0
DA:534,0
DA:535,0
DA:536,0
DA:538,0
DA:541,0
DA:544,0
DA:545,0
DA:546,0
DA:553,0
DA:560,0
DA:574,0
DA:579,0
DA:585,0
DA:605,0
DA:612,0
DA:626,2
DA:627,2
DA:628,2
DA:631,2
DA:633,2
DA:634,0
DA:635,2
DA:636,0
DA:638,2
DA:641,2
DA:642,0
DA:646,2
DA:647,2
DA:653,2
DA:656,2
DA:657,2
DA:661,2
DA:664,2
DA:673,2
DA:689,0
DA:695,0
DA:708,5
DA:709,5
DA:710,5
DA:712,5
DA:717,4
DA:718,2
DA:726,2
DA:728,0
DA:733,0
DA:734,0
DA:742,2
DA:745,2
DA:753,2
DA:758,1
DA:765,1
DA:780,0
DA:793,9
DA:798,9
DA:799,9
DA:800,9
DA:801,9
DA:803,9
DA:812,5
DA:815,5
DA:816,5
DA:822,5
DA:833,0
DA:847,0
DA:863,0
DA:864,0
DA:865,0
DA:867,0
DA:868,0
DA:870,0
DA:871,0
DA:875,0
DA:877,0
DA:893,2
DA:911,2
DA:914,2
DA:919,2
DA:920,2
DA:923,2
DA:933,2
DA:937,6
LF:196
LH:97
BRDA:41,0,0,0
BRDA:41,0,1,3
BRDA:49,1,0,2
BRDA:49,1,1,1
BRDA:63,2,0,1
BRDA:63,2,1,0
BRDA:81,3,0,0
BRDA:81,3,1,0
BRDA:108,4,0,0
BRDA:108,4,1,0
BRDA:187,5,0,3
BRDA:188,6,0,3
BRDA:194,7,0,5
BRDA:195,8,0,5
BRDA:201,9,0,1
BRDA:201,9,1,4
BRDA:203,10,0,1
BRDA:203,10,1,4
BRDA:205,11,0,0
BRDA:205,11,1,5
BRDA:207,12,0,0
BRDA:207,12,1,5
BRDA:208,13,0,0
BRDA:208,13,1,5
BRDA:212,14,0,5
BRDA:212,14,1,0
BRDA:288,15,0,2
BRDA:288,15,1,0
BRDA:293,16,0,0
BRDA:293,16,1,2
BRDA:301,17,0,0
BRDA:301,17,1,2
BRDA:310,18,0,1
BRDA:310,18,1,1
BRDA:318,19,0,1
BRDA:318,19,1,0
BRDA:329,20,0,0
BRDA:329,20,1,0
BRDA:337,21,0,0
BRDA:337,21,1,0
BRDA:354,22,0,0
BRDA:354,22,1,0
BRDA:432,23,0,0
BRDA:432,23,1,0
BRDA:464,24,0,0
BRDA:464,24,1,0
BRDA:469,25,0,0
BRDA:469,25,1,0
BRDA:477,26,0,0
BRDA:477,26,1,0
BRDA:485,27,0,0
BRDA:485,27,1,0
BRDA:509,28,0,0
BRDA:509,28,1,0
BRDA:518,29,0,0
BRDA:518,29,1,0
BRDA:531,30,0,0
BRDA:531,30,1,0
BRDA:534,31,0,0
BRDA:534,31,1,0
BRDA:545,32,0,0
BRDA:545,32,1,0
BRDA:588,33,0,0
BRDA:588,33,1,0
BRDA:628,34,0,2
BRDA:628,35,0,2
BRDA:628,36,0,2
BRDA:633,37,0,0
BRDA:633,37,1,2
BRDA:635,38,0,0
BRDA:635,38,1,2
BRDA:641,39,0,0
BRDA:641,39,1,2
BRDA:708,40,0,5
BRDA:708,40,1,0
BRDA:717,41,0,2
BRDA:717,41,1,2
BRDA:726,42,0,0
BRDA:726,42,1,2
BRDA:728,43,0,0
BRDA:728,43,1,0
BRDA:728,43,2,0
BRDA:728,43,3,0
BRDA:733,44,0,0
BRDA:733,44,1,0
BRDA:793,45,0,9
BRDA:793,45,1,0
BRDA:793,46,0,9
BRDA:793,46,1,9
BRDA:815,47,0,5
BRDA:815,47,1,0
BRDA:865,48,0,0
BRDA:865,48,1,0
BRDA:870,49,0,0
BRDA:870,49,1,0
BRDA:914,50,0,2
BRDA:914,50,1,0
BRDA:915,51,0,2
BRDA:915,51,1,2
BRDA:920,52,0,2
BRDA:920,52,1,0
BRF:101
BRH:40
end_of_record
TN:
SF:src/controllers/userController.js
FN:8,(anonymous_0)
FN:29,(anonymous_1)
FN:56,(anonymous_2)
FN:135,(anonymous_3)
FN:150,(anonymous_4)
FN:197,(anonymous_5)
FN:224,(anonymous_6)
FN:255,(anonymous_7)
FNF:8
FNH:1
FNDA:2,(anonymous_0)
FNDA:0,(anonymous_1)
FNDA:0,(anonymous_2)
FNDA:0,(anonymous_3)
FNDA:0,(anonymous_4)
FNDA:0,(anonymous_5)
FNDA:0,(anonymous_6)
FNDA:0,(anonymous_7)
DA:1,6
DA:8,6
DA:9,2
DA:10,2
DA:14,2
DA:20,0
DA:29,6
DA:30,0
DA:31,0
DA:35,0
DA:36,0
DA:42,0
DA:47,0
DA:56,6
DA:57,0
DA:69,0
DA:71,0
DA:81,0
DA:88,0
DA:89,0
DA:90,0
DA:96,0
DA:97,0
DA:98,0
DA:99,0
DA:106,0
DA:119,0
DA:121,0
DA:126,0
DA:135,6
DA:136,0
DA:137,0
DA:149,0
DA:150,0
DA:151,0
DA:152,0
DA:156,0
DA:157,0
DA:162,0
DA:163,0
DA:168,0
DA:171,0
DA:176,0
DA:177,0
DA:183,0
DA:188,0
DA:197,6
DA:198,0
DA:199,0
DA:201,0
DA:202,0
DA:208,0
DA:210,0
DA:215,0
DA:224,6
DA:225,0
DA:226,0
DA:227,0
DA:229,0
DA:230,0
DA:236,0
DA:240,0
DA:246,0
DA:255,6
DA:256,0
DA:257,0
DA:258,0
DA:262,0
DA:263,0
DA:269,0
DA:274,0
LF:71
LH:11
BRDA:35,0,0,0
BRDA:35,0,1,0
BRDA:71,1,0,0
BRDA:71,1,1,0
BRDA:72,2,0,0
BRDA:72,2,1,0
BRDA:72,2,2,0
BRDA:72,2,3,0
BRDA:72,2,4,0
BRDA:72,2,5,0
BRDA:72,2,6,0
BRDA:72,2,7,0
BRDA:89,3,0,0
BRDA:89,3,1,0
BRDA:96,4,0,0
BRDA:96,4,1,0
BRDA:98,5,0,0
BRDA:98,5,1,0
BRDA:114,6,0,0
BRDA:114,6,1,0
BRDA:151,7,0,0
BRDA:151,7,1,0
BRDA:156,8,0,0
BRDA:156,8,1,0
BRDA:162,9,0,0
BRDA:162,9,1,0
BRDA:176,10,0,0
BRDA:176,10,1,0
BRDA:201,11,0,0
BRDA:201,11,1,0
BRDA:229,12,0,0
BRDA:229,12,1,0
BRDA:262,13,0,0
BRDA:262,13,1,0
BRF:34
BRH:0
end_of_record
TN:
SF:src/gateway/apiGateway.js
FN:17,(anonymous_0)
FN:63,(anonymous_1)
FN:75,(anonymous_2)
FN:130,(anonymous_3)
FN:141,(anonymous_4)
FN:144,(anonymous_5)
FN:173,(anonymous_6)
FN:252,(anonymous_7)
FN:279,(anonymous_8)
FN:281,(anonymous_9)
FN:288,(anonymous_10)
FN:295,(anonymous_11)
FN:304,(anonymous_12)
FN:306,(anonymous_13)
FN:325,(anonymous_14)
FN:340,(anonymous_15)
FN:395,(anonymous_16)
FN:404,(anonymous_17)
FN:429,(anonymous_18)
FN:442,(anonymous_19)
FN:470,(anonymous_20)
FN:483,(anonymous_21)
FN:484,(anonymous_22)
FN:533,(anonymous_23)
FN:554,(anonymous_24)
FN:573,(anonymous_25)
FN:575,(anonymous_26)
FN:604,(anonymous_27)
FN:606,(anonymous_28)
FN:618,(anonymous_29)
FN:654,(anonymous_30)
FN:656,(anonymous_31)
FN:657,(anonymous_32)
FN:672,(anonymous_33)
FN:688,(anonymous_34)
FN:707,(anonymous_35)
FN:722,(anonymous_36)
FN:730,(anonymous_37)
FN:734,(anonymous_38)
FN:746,(anonymous_39)
FN:765,(anonymous_40)
FN:772,(anonymous_41)
FN:773,(anonymous_42)
FN:775,(anonymous_43)
FN:784,(anonymous_44)
FNF:45
FNH:0
FNDA:0,(anonymous_0)
FNDA:0,(anonymous_1)
FNDA:0,(anonymous_2)
FNDA:0,(anonymous_3)
FNDA:0,(anonymous_4)
FNDA:0,(anonymous_5)
FNDA:0,(anonymous_6)
FNDA:0,(anonymous_7)
FNDA:0,(anonymous_8)
FNDA:0,(anonymous_9)
FNDA:0,(anonymous_10)
FNDA:0,(anonymous_11)
FNDA:0,(anonymous_12)
FNDA:0,(anonymous_13)
FNDA:0,(anonymous_14)
FNDA:0,(anonymous_15)
FNDA:0,(anonymous_16)
FNDA:0,(anonymous_17)
FNDA:0,(anonymous_18)
FNDA:0,(anonymous_19)
FNDA:0,(anonymous_20)
FNDA:0,(anonymous_21)
FNDA:0,(anonymous_22)
FNDA:0,(anonymous_23)
FNDA:0,(anonymous_24)
FNDA:0,(anonymous_25)
FNDA:0,(anonymous_26)
FNDA:0,(anonymous_27)
FNDA:0,(anonymous_28)
FNDA:0,(anonymous_29)
FNDA:0,(anonymous_30)
FNDA:0,(anonymous_31)
FNDA:0,(anonymous_32)
FNDA:0,(anonymous_33)
FNDA:0,(anonymous_34)
FNDA:0,(anonymous_35)
FNDA:0,(anonymous_36)
FNDA:0,(anonymous_37)
FNDA:0,(anonymous_38)
FNDA:0,(anonymous_39)
FNDA:0,(anonymous_40)
FNDA:0,(anonymous_41)
FNDA:0,(anonymous_42)
FNDA:0,(anonymous_43)
FNDA:0,(anonymous_44)
DA:1,0
DA:2,0
DA:3,0
DA:4,0
DA:5,0
DA:6,0
DA:7,0
DA:8,0
DA:9,0
DA:18,0
DA:19,0
DA:20,0
DA:21,0
DA:24,0
DA:35,0
DA:57,0
DA:64,0
DA:65,0
DA:66,0
DA:67,0
DA:68,0
DA:77,0
DA:80,0
DA:99,0
DA:123,0
DA:126,0
DA:127,0
DA:130,0
DA:131,0
DA:132,0
DA:134,0
DA:135,0
DA:137,0
DA:141,0
DA:142,0
DA:144,0
DA:145,0
DA:147,0
DA:160,0
DA:164,0
DA:166,0
DA:175,0
DA:182,0
DA:190,0
DA:198,0
DA:206,0
DA:215,0
DA:224,0
DA:233,0
DA:241,0
DA:253,0
DA:265,0
DA:266,0
DA:268,0
DA:281,0
DA:282,0
DA:283,0
DA:284,0
DA:288,0
DA:289,0
DA:290,0
DA:291,0
DA:295,0
DA:296,0
DA:297,0
DA:301,0
DA:305,0
DA:306,0
DA:315,0
DA:320,0
DA:321,0
DA:325,0
DA:326,0
DA:333,0
DA:341,0
DA:344,0
DA:347,0
DA:348,0
DA:350,0
DA:354,0
DA:355,0
DA:358,0
DA:362,0
DA:372,0
DA:375,0
DA:379,0
DA:382,0
DA:384,0
DA:396,0
DA:406,0
DA:407,0
DA:408,0
DA:411,0
DA:412,0
DA:413,0
DA:414,0
DA:420,0
DA:431,0
DA:432,0
DA:434,0
DA:443,0
DA:451,0
DA:454,0
DA:455,0
DA:471,0
DA:484,0
DA:485,0
DA:487,0
DA:488,0
DA:491,0
DA:493,0
DA:496,0
DA:500,0
DA:501,0
DA:502,0
DA:503,0
DA:505,0
DA:506,0
DA:515,0
DA:516,0
DA:517,0
DA:518,0
DA:520,0
DA:524,0
DA:534,0
DA:536,0
DA:537,0
DA:538,0
DA:540,0
DA:541,0
DA:542,0
DA:555,0
DA:557,0
DA:558,0
DA:559,0
DA:560,0
DA:561,0
DA:575,0
DA:576,0
DA:584,0
DA:585,0
DA:592,0
DA:606,0
DA:607,0
DA:611,0
DA:619,0
DA:620,0
DA:621,0
DA:626,0
DA:627,0
DA:633,0
DA:634,0
DA:636,0
DA:639,0
DA:645,0
DA:655,0
DA:656,0
DA:657,0
DA:659,0
DA:673,0
DA:675,0
DA:676,0
DA:677,0
DA:679,0
DA:687,0
DA:688,0
DA:691,0
DA:708,0
DA:709,0
DA:711,0
DA:723,0
DA:730,0
DA:734,0
DA:747,0
DA:754,0
DA:766,0
DA:773,0
DA:774,0
DA:775,0
DA:776,0
DA:781,0
DA:784,0
DA:785,0
DA:786,0
DA:789,0
DA:790,0
DA:796,0
LF:187
LH:0
BRDA:25,0,0,0
BRDA:25,0,1,0
BRDA:26,1,0,0
BRDA:26,1,1,0
BRDA:27,2,0,0
BRDA:27,2,1,0
BRDA:29,3,0,0
BRDA:29,3,1,0
BRDA:31,4,0,0
BRDA:31,4,1,0
BRDA:102,5,0,0
BRDA:102,5,1,0
BRDA:103,6,0,0
BRDA:103,6,1,0
BRDA:131,7,0,0
BRDA:131,7,1,0
BRDA:132,8,0,0
BRDA:132,8,1,0
BRDA:176,9,0,0
BRDA:176,9,1,0
BRDA:183,10,0,0
BRDA:183,10,1,0
BRDA:191,11,0,0
BRDA:191,11,1,0
BRDA:199,12,0,0
BRDA:199,12,1,0
BRDA:207,13,0,0
BRDA:207,13,1,0
BRDA:216,14,0,0
BRDA:216,14,1,0
BRDA:225,15,0,0
BRDA:225,15,1,0
BRDA:234,16,0,0
BRDA:234,16,1,0
BRDA:256,17,0,0
BRDA:256,17,1,0
BRDA:257,18,0,0
BRDA:257,18,1,0
BRDA:258,19,0,0
BRDA:258,19,1,0
BRDA:259,20,0,0
BRDA:259,20,1,0
BRDA:260,21,0,0
BRDA:260,21,1,0
BRDA:261,22,0,0
BRDA:261,22,1,0
BRDA:283,23,0,0
BRDA:283,23,1,0
BRDA:290,24,0,0
BRDA:290,24,1,0
BRDA:347,25,0,0
BRDA:347,25,1,0
BRDA:354,26,0,0
BRDA:354,26,1,0
BRDA:358,27,0,0
BRDA:358,27,1,0
BRDA:359,28,0,0
BRDA:359,28,1,0
BRDA:411,29,0,0
BRDA:411,29,1,0
BRDA:454,30,0,0
BRDA:454,30,1,0
BRDA:487,31,0,0
BRDA:487,31,1,0
BRDA:493,32,0,0
BRDA:493,32,1,0
BRDA:493,32,2,0
BRDA:493,32,3,0
BRDA:496,33,0,0
BRDA:496,33,1,0
BRDA:515,34,0,0
BRDA:515,34,1,0
BRDA:536,35,0,0
BRDA:536,35,1,0
BRDA:540,36,0,0
BRDA:540,36,1,0
BRDA:557,37,0,0
BRDA:557,37,1,0
BRDA:558,38,0,0
BRDA:558,38,1,0
BRDA:560,39,0,0
BRDA:560,39,1,0
BRDA:584,40,0,0
BRDA:584,40,1,0
BRDA:628,41,0,0
BRDA:628,41,1,0
BRDA:630,42,0,0
BRDA:630,42,1,0
BRDA:633,43,0,0
BRDA:633,43,1,0
BRDA:660,44,0,0
BRDA:660,44,1,0
BRDA:680,45,0,0
BRDA:680,45,1,0
BRDA:681,46,0,0
BRDA:681,46,1,0
BRDA:682,47,0,0
BRDA:682,47,1,0
BRDA:683,48,0,0
BRDA:683,48,1,0
BRDA:692,49,0,0
BRDA:692,49,1,0
BRDA:697,50,0,0
BRDA:697,50,1,0
BRDA:712,51,0,0
BRDA:712,51,1,0
BRDA:713,52,0,0
BRDA:713,52,1,0
BRDA:714,53,0,0
BRDA:714,53,1,0
BRDA:779,54,0,0
BRDA:779,54,1,0
BRF:112
BRH:0
end_of_record
TN:
SF:src/middleware/auth.js
FN:7,(anonymous_0)
FN:98,(anonymous_1)
FN:99,(anonymous_2)
FNF:3
FNH:3
FNDA:41,(anonymous_0)
FNDA:12,(anonymous_1)
FNDA:13,(anonymous_2)
DA:1,6
DA:2,6
DA:7,6
DA:11,41
DA:15,29
DA:18,12
DA:19,0
DA:22,41
DA:23,12
DA:30,29
DA:31,29
DA:33,24
DA:37,24
DA:38,0
DA:46,24
DA:47,0
DA:55,24
DA:56,0
DA:64,24
DA:65,24
DA:69,24
DA:70,0
DA:78,24
DA:79,24
DA:82,5
DA:86,5
DA:98,6
DA:99,12
DA:100,13
DA:101,6
DA:107,7
LF:31
LH:26
BRDA:11,0,0,29
BRDA:11,0,1,12
BRDA:12,1,0,41
BRDA:12,1,1,29
BRDA:18,2,0,0
BRDA:18,2,1,12
BRDA:18,3,0,12
BRDA:18,3,1,12
BRDA:22,4,0,12
BRDA:22,4,1,29
BRDA:37,5,0,0
BRDA:37,5,1,24
BRDA:46,6,0,0
BRDA:46,6,1,24
BRDA:46,7,0,24
BRDA:46,7,1,24
BRDA:55,8,0,0
BRDA:55,8,1,24
BRDA:64,9,0,24
BRDA:64,9,1,0
BRDA:69,10,0,0
BRDA:69,10,1,24
BRDA:82,11,0,1
BRDA:82,11,1,4
BRDA:90,12,0,1
BRDA:90,12,1,4
BRDA:100,13,0,6
BRDA:100,13,1,7
BRDA:100,14,0,13
BRDA:100,14,1,13
BRDA:100,14,2,13
BRF:31
BRH:25
end_of_record
TN:
SF:src/middleware/errorHandler.js
FN:9,(anonymous_0)
FN:93,(anonymous_1)
FN:120,(anonymous_2)
FN:170,(anonymous_3)
FN:228,(anonymous_4)
FN:249,(anonymous_5)
FN:265,(anonymous_6)
FN:300,(anonymous_7)
FN:324,(anonymous_8)
FN:351,(anonymous_9)
FN:381,(anonymous_10)
FN:395,(anonymous_11)
FN:407,(anonymous_12)
FN:408,(anonymous_13)
FNF:14
FNH:0
FNDA:0,(anonymous_0)
FNDA:0,(anonymous_1)
FNDA:0,(anonymous_2)
FNDA:0,(anonymous_3)
FNDA:0,(anonymous_4)
FNDA:0,(anonymous_5)
FNDA:0,(anonymous_6)
FNDA:0,(anonymous_7)
FNDA:0,(anonymous_8)
FNDA:0,(anonymous_9)
FNDA:0,(anonymous_10)
FNDA:0,(anonymous_11)
FNDA:0,(anonymous_12)
FNDA:0,(anonymous_13)
DA:1,0
DA:2,0
DA:10,0
DA:13,0
DA:95,0
DA:96,0
DA:100,0
DA:103,0
DA:106,0
DA:107,0
DA:111,0
DA:121,0
DA:122,0
DA:123,0
DA:124,0
DA:125,0
DA:128,0
DA:129,0
DA:130,0
DA:131,0
DA:132,0
DA:133,0
DA:136,0
DA:137,0
DA:138,0
DA:139,0
DA:140,0
DA:143,0
DA:144,0
DA:145,0
DA:146,0
DA:149,0
DA:150,0
DA:151,0
DA:152,0
DA:153,0
DA:156,0
DA:157,0
DA:158,0
DA:159,0
DA:160,0
DA:161,0
DA:162,0
DA:163,0
DA:166,0
DA:167,0
DA:168,0
DA:169,0
DA:170,0
DA:176,0
DA:177,0
DA:178,0
DA:179,0
DA:180,0
DA:181,0
DA:182,0
DA:183,0
DA:186,0
DA:187,0
DA:188,0
DA:189,0
DA:192,0
DA:193,0
DA:194,0
DA:196,0
DA:197,0
DA:198,0
DA:199,0
DA:200,0
DA:201,0
DA:205,0
DA:209,0
DA:212,0
DA:229,0
DA:231,0
DA:232,0
DA:233,0
DA:241,0
DA:250,0
DA:251,0
DA:253,0
DA:266,0
DA:280,0
DA:281,0
DA:282,0
DA:286,0
DA:287,0
DA:288,0
DA:289,0
DA:291,0
DA:301,0
DA:311,0
DA:325,0
DA:326,0
DA:339,0
DA:352,0
DA:363,0
DA:364,0
DA:368,0
DA:369,0
DA:372,0
DA:382,0
DA:383,0
DA:384,0
DA:385,0
DA:396,0
DA:397,0
DA:398,0
DA:399,0
DA:408,0
DA:409,0
DA:415,0
DA:418,0
LF:113
LH:0
BRDA:95,0,0,0
BRDA:95,0,1,0
BRDA:106,1,0,0
BRDA:106,1,1,0
BRDA:128,2,0,0
BRDA:128,2,1,0
BRDA:128,3,0,0
BRDA:128,3,1,0
BRDA:132,4,0,0
BRDA:132,4,1,0
BRDA:136,5,0,0
BRDA:136,5,1,0
BRDA:143,6,0,0
BRDA:143,6,1,0
BRDA:149,7,0,0
BRDA:149,7,1,0
BRDA:156,8,0,0
BRDA:156,8,1,0
BRDA:160,9,0,0
BRDA:160,9,1,0
BRDA:166,10,0,0
BRDA:166,10,1,0
BRDA:176,11,0,0
BRDA:176,11,1,0
BRDA:180,12,0,0
BRDA:180,12,1,0
BRDA:186,13,0,0
BRDA:186,13,1,0
BRDA:192,14,0,0
BRDA:192,14,1,0
BRDA:192,15,0,0
BRDA:192,15,1,0
BRDA:193,16,0,0
BRDA:193,16,1,0
BRDA:194,17,0,0
BRDA:194,17,1,0
BRDA:196,18,0,0
BRDA:196,18,1,0
BRDA:197,19,0,0
BRDA:197,19,1,0
BRDA:198,20,0,0
BRDA:198,20,1,0
BRDA:199,21,0,0
BRDA:199,21,1,0
BRDA:200,22,0,0
BRDA:200,22,1,0
BRDA:201,23,0,0
BRDA:201,23,1,0
BRDA:206,24,0,0
BRDA:206,24,1,0
BRDA:209,25,0,0
BRDA:209,25,1,0
BRDA:219,26,0,0
BRDA:219,26,1,0
BRDA:280,27,0,0
BRDA:280,27,1,0
BRDA:286,28,0,0
BRDA:286,28,1,0
BRDA:288,29,0,0
BRDA:288,29,1,0
BRDA:312,30,0,0
BRDA:312,30,1,0
BRDA:312,30,2,0
BRDA:312,30,3,0
BRDA:312,30,4,0
BRDA:363,31,0,0
BRDA:363,31,1,0
BRDA:363,32,0,0
BRDA:363,32,1,0
BRDA:368,33,0,0
BRDA:368,33,1,0
BRDA:368,34,0,0
BRDA:368,34,1,0
BRDA:395,35,0,0
BRF:74
BRH:0
end_of_record
TN:
SF:src/middleware/rateLimiter.js
FN:11,(anonymous_0)
FN:34,(anonymous_1)
FN:48,(anonymous_2)
FN:52,(anonymous_3)
FN:61,(anonymous_4)
FN:75,(anonymous_5)
FN:76,(anonymous_6)
FN:86,(anonymous_7)
FN:100,(anonymous_8)
FN:101,(anonymous_9)
FN:111,(anonymous_10)
FN:126,(anonymous_11)
FN:127,(anonymous_12)
FN:136,(anonymous_13)
FN:150,(anonymous_14)
FN:151,(anonymous_15)
FN:160,(anonymous_16)
FN:174,(anonymous_17)
FN:175,(anonymous_18)
FN:184,(anonymous_19)
FN:191,(anonymous_20)
FN:192,(anonymous_21)
FN:201,(anonymous_22)
FN:204,(anonymous_23)
FN:217,(anonymous_24)
FN:230,(anonymous_25)
FN:244,(anonymous_26)
FN:245,(anonymous_27)
FN:256,(anonymous_28)
FN:275,(anonymous_29)
FN:289,(anonymous_30)
FN:290,(anonymous_31)
FN:316,(anonymous_32)
FN:343,(anonymous_33)
FN:345,(anonymous_34)
FN:356,(anonymous_35)
FN:374,(anonymous_36)
FN:390,(anonymous_37)
FN:414,(anonymous_38)
FN:439,(anonymous_39)
FNF:40
FNH:0
FNDA:0,(anonymous_0)
FNDA:0,(anonymous_1)
FNDA:0,(anonymous_2)
FNDA:0,(anonymous_3)
FNDA:0,(anonymous_4)
FNDA:0,(anonymous_5)
FNDA:0,(anonymous_6)
FNDA:0,(anonymous_7)
FNDA:0,(anonymous_8)
FNDA:0,(anonymous_9)
FNDA:0,(anonymous_10)
FNDA:0,(anonymous_11)
FNDA:0,(anonymous_12)
FNDA:0,(anonymous_13)
FNDA:0,(anonymous_14)
FNDA:0,(anonymous_15)
FNDA:0,(anonymous_16)
FNDA:0,(anonymous_17)
FNDA:0,(anonymous_18)
FNDA:0,(anonymous_19)
FNDA:0,(anonymous_20)
FNDA:0,(anonymous_21)
FNDA:0,(anonymous_22)
FNDA:0,(anonymous_23)
FNDA:0,(anonymous_24)
FNDA:0,(anonymous_25)
FNDA:0,(anonymous_26)
FNDA:0,(anonymous_27)
FNDA:0,(anonymous_28)
FNDA:0,(anonymous_29)
FNDA:0,(anonymous_30)
FNDA:0,(anonymous_31)
FNDA:0,(anonymous_32)
FNDA:0,(anonymous_33)
FNDA:0,(anonymous_34)
FNDA:0,(anonymous_35)
FNDA:0,(anonymous_36)
FNDA:0,(anonymous_37)
FNDA:0,(anonymous_38)
FNDA:0,(anonymous_39)
DA:1,0
DA:2,0
DA:3,0
DA:4,0
DA:12,0
DA:16,0
DA:17,0
DA:18,0
DA:19,0
DA:24,0
DA:25,0
DA:28,0
DA:35,0
DA:50,0
DA:53,0
DA:62,0
DA:75,0
DA:77,0
DA:78,0
DA:87,0
DA:100,0
DA:102,0
DA:103,0
DA:112,0
DA:126,0
DA:128,0
DA:137,0
DA:150,0
DA:152,0
DA:161,0
DA:174,0
DA:176,0
DA:185,0
DA:191,0
DA:193,0
DA:202,0
DA:206,0
DA:207,0
DA:211,0
DA:212,0
DA:215,0
DA:219,0
DA:220,0
DA:221,0
DA:231,0
DA:244,0
DA:246,0
DA:257,0
DA:272,0
DA:276,0
DA:277,0
DA:278,0
DA:290,0
DA:291,0
DA:294,0
DA:295,0
DA:299,0
DA:300,0
DA:301,0
DA:306,0
DA:317,0
DA:318,0
DA:321,0
DA:322,0
DA:323,0
DA:324,0
DA:325,0
DA:327,0
DA:329,0
DA:334,0
DA:344,0
DA:345,0
DA:357,0
DA:375,0
DA:391,0
DA:392,0
DA:402,0
DA:415,0
DA:416,0
DA:419,0
DA:420,0
DA:421,0
DA:426,0
DA:430,0
DA:440,0
DA:441,0
DA:444,0
DA:445,0
DA:446,0
DA:447,0
DA:449,0
DA:453,0
DA:459,0
DA:461,0
LF:94
LH:0
BRDA:50,0,0,0
BRDA:50,0,1,0
BRDA:126,1,0,0
BRDA:126,1,1,0
BRDA:150,2,0,0
BRDA:150,2,1,0
BRDA:174,3,0,0
BRDA:174,3,1,0
BRDA:191,4,0,0
BRDA:191,4,1,0
BRDA:206,5,0,0
BRDA:206,5,1,0
BRDA:211,6,0,0
BRDA:211,6,1,0
BRDA:219,7,0,0
BRDA:219,7,1,0
BRDA:220,8,0,0
BRDA:220,8,1,0
BRDA:244,9,0,0
BRDA:244,9,1,0
BRDA:276,10,0,0
BRDA:276,10,1,0
BRDA:277,11,0,0
BRDA:277,11,1,0
BRDA:289,12,0,0
BRDA:294,13,0,0
BRDA:294,13,1,0
BRDA:300,14,0,0
BRDA:300,14,1,0
BRDA:317,15,0,0
BRDA:317,15,1,0
BRDA:415,16,0,0
BRDA:415,16,1,0
BRDA:415,17,0,0
BRDA:415,17,1,0
BRDA:422,18,0,0
BRDA:422,18,1,0
BRDA:423,19,0,0
BRDA:423,19,1,0
BRDA:440,20,0,0
BRDA:440,20,1,0
BRDA:440,21,0,0
BRDA:440,21,1,0
BRF:43
BRH:0
end_of_record
TN:
SF:src/middleware/monitoring/errorHandler.js
FN:7,(anonymous_0)
FN:29,(anonymous_1)
FN:98,(anonymous_2)
FN:116,(anonymous_3)
FN:157,(anonymous_4)
FN:267,(anonymous_5)
FN:285,(anonymous_6)
FN:345,(anonymous_7)
FN:354,(anonymous_8)
FN:366,(anonymous_9)
FN:367,(anonymous_10)
FN:375,(anonymous_11)
FN:380,(anonymous_12)
FN:391,(anonymous_13)
FN:403,(anonymous_14)
FN:421,(anonymous_15)
FN:439,(anonymous_16)
FN:447,(anonymous_17)
FN:448,(anonymous_18)
FNF:19
FNH:10
FNDA:4,(anonymous_0)
FNDA:7,(anonymous_1)
FNDA:2,(anonymous_2)
FNDA:4,(anonymous_3)
FNDA:4,(anonymous_4)
FNDA:0,(anonymous_5)
FNDA:4,(anonymous_6)
FNDA:4,(anonymous_7)
FNDA:2,(anonymous_8)
FNDA:62,(anonymous_9)
FNDA:7,(anonymous_10)
FNDA:0,(anonymous_11)
FNDA:0,(anonymous_12)
FNDA:0,(anonymous_13)
FNDA:0,(anonymous_14)
FNDA:0,(anonymous_15)
FNDA:0,(anonymous_16)
FNDA:0,(anonymous_17)
FNDA:0,(anonymous_18)
DA:1,7
DA:2,7
DA:4,7
DA:13,4
DA:14,4
DA:15,4
DA:16,4
DA:17,4
DA:18,4
DA:19,4
DA:30,7
DA:100,2
DA:102,2
DA:103,2
DA:104,2
DA:105,2
DA:106,2
DA:107,2
DA:108,2
DA:110,2
DA:118,4
DA:121,4
DA:133,4
DA:136,4
DA:139,4
DA:159,4
DA:160,3
DA:169,1
DA:170,0
DA:179,1
DA:180,0
DA:189,1
DA:190,0
DA:191,0
DA:200,1
DA:201,0
DA:208,1
DA:209,0
DA:217,1
DA:222,0
DA:230,1
DA:231,0
DA:244,1
DA:245,0
DA:254,1
DA:268,0
DA:270,0
DA:271,0
DA:272,0
DA:279,0
DA:286,4
DA:305,4
DA:306,1
DA:309,1
DA:316,3
DA:317,3
DA:320,3
DA:328,0
DA:338,0
DA:346,4
DA:347,4
DA:348,4
DA:355,2
DA:360,2
DA:367,62
DA:368,7
DA:376,0
DA:379,0
DA:380,0
DA:381,0
DA:382,0
DA:383,0
DA:386,0
DA:387,0
DA:391,0
DA:392,0
DA:393,0
DA:396,0
DA:404,0
DA:409,0
DA:415,0
DA:422,0
DA:427,0
DA:433,0
DA:441,0
DA:444,0
DA:447,0
DA:448,0
DA:450,0
DA:455,7
DA:458,7
LF:91
LH:52
BRDA:9,0,0,1
BRDA:10,1,0,1
BRDA:11,2,0,4
BRDA:98,3,0,0
BRDA:98,4,0,2
BRDA:100,5,0,2
BRDA:100,5,1,0
BRDA:124,6,0,4
BRDA:124,6,1,0
BRDA:126,7,0,4
BRDA:126,7,1,0
BRDA:127,8,0,4
BRDA:127,8,1,4
BRDA:127,8,2,4
BRDA:128,9,0,4
BRDA:128,9,1,3
BRDA:144,10,0,4
BRDA:144,10,1,2
BRDA:146,11,0,4
BRDA:146,11,1,0
BRDA:159,12,0,3
BRDA:159,12,1,1
BRDA:159,13,0,4
BRDA:159,13,1,3
BRDA:161,14,0,3
BRDA:161,14,1,2
BRDA:161,14,2,0
BRDA:169,15,0,0
BRDA:169,15,1,1
BRDA:179,16,0,0
BRDA:179,16,1,1
BRDA:189,17,0,0
BRDA:189,17,1,1
BRDA:190,18,0,0
BRDA:190,18,1,0
BRDA:190,19,0,0
BRDA:190,19,1,0
BRDA:200,20,0,0
BRDA:200,20,1,1
BRDA:208,21,0,0
BRDA:208,21,1,1
BRDA:217,22,0,0
BRDA:217,22,1,1
BRDA:218,23,0,1
BRDA:218,23,1,0
BRDA:218,23,2,0
BRDA:230,24,0,0
BRDA:230,24,1,1
BRDA:236,25,0,0
BRDA:236,25,1,0
BRDA:244,26,0,0
BRDA:244,26,1,1
BRDA:258,27,0,0
BRDA:258,27,1,1
BRDA:300,28,0,4
BRDA:300,28,1,2
BRDA:301,29,0,4
BRDA:301,29,1,0
BRDA:305,30,0,1
BRDA:305,30,1,3
BRDA:316,31,0,3
BRDA:316,31,1,0
BRDA:320,32,0,0
BRDA:320,32,1,3
BRDA:356,33,0,2
BRDA:356,33,1,0
BRDA:379,34,0,0
BRDA:379,34,1,0
BRDA:381,35,0,0
BRDA:381,35,1,0
BRDA:423,36,0,0
BRDA:423,36,1,0
BRDA:428,37,0,0
BRDA:428,37,1,0
BRF:74
BRH:39
end_of_record
TN:
SF:src/middleware/monitoring/healthCheck.js
FN:13,(anonymous_0)
FN:22,(anonymous_1)
FN:37,(anonymous_2)
FN:44,(anonymous_3)
FN:70,(anonymous_4)
FN:90,(anonymous_5)
FN:94,(anonymous_6)
FN:95,(anonymous_7)
FN:116,(anonymous_8)
FN:159,(anonymous_9)
FN:191,(anonymous_10)
FN:229,(anonymous_11)
FN:251,(anonymous_12)
FN:273,(anonymous_13)
FN:328,(anonymous_14)
FN:351,(anonymous_15)
FN:393,(anonymous_16)
FN:406,(anonymous_17)
FN:428,(anonymous_18)
FN:474,(anonymous_19)
FN:475,(anonymous_20)
FN:476,(anonymous_21)
FN:477,(anonymous_22)
FN:478,(anonymous_23)
FNF:24
FNH:4
FNDA:6,(anonymous_0)
FNDA:6,(anonymous_1)
FNDA:0,(anonymous_2)
FNDA:1,(anonymous_3)
FNDA:0,(anonymous_4)
FNDA:0,(anonymous_5)
FNDA:0,(anonymous_6)
FNDA:0,(anonymous_7)
FNDA:0,(anonymous_8)
FNDA:0,(anonymous_9)
FNDA:0,(anonymous_10)
FNDA:0,(anonymous_11)
FNDA:0,(anonymous_12)
FNDA:0,(anonymous_13)
FNDA:0,(anonymous_14)
FNDA:0,(anonymous_15)
FNDA:0,(anonymous_16)
FNDA:0,(anonymous_17)
FNDA:0,(anonymous_18)
FNDA:1,(anonymous_19)
FNDA:0,(anonymous_20)
FNDA:0,(anonymous_21)
FNDA:0,(anonymous_22)
FNDA:0,(anonymous_23)
DA:1,6
DA:2,6
DA:3,6
DA:4,6
DA:5,6
DA:14,6
DA:15,6
DA:16,6
DA:23,6
DA:24,6
DA:25,6
DA:26,6
DA:27,6
DA:28,6
DA:38,0
DA:45,1
DA:46,1
DA:48,1
DA:57,0
DA:59,0
DA:71,0
DA:72,0
DA:89,0
DA:91,0
DA:92,0
DA:95,0
DA:99,0
DA:104,0
DA:113,0
DA:116,0
DA:117,0
DA:118,0
DA:119,0
DA:120,0
DA:121,0
DA:123,0
DA:128,0
DA:129,0
DA:130,0
DA:131,0
DA:133,0
DA:136,0
DA:139,0
DA:147,0
DA:153,0
DA:160,0
DA:162,0
DA:164,0
DA:165,0
DA:172,0
DA:178,0
DA:180,0
DA:192,0
DA:194,0
DA:197,0
DA:198,0
DA:205,0
DA:216,0
DA:218,0
DA:230,0
DA:231,0
DA:233,0
DA:240,0
DA:252,0
DA:253,0
DA:255,0
DA:262,0
DA:274,0
DA:275,0
DA:276,0
DA:282,0
DA:298,0
DA:299,0
DA:303,0
DA:304,0
DA:308,0
DA:311,0
DA:317,0
DA:329,0
DA:330,0
DA:333,0
DA:339,0
DA:352,0
DA:353,0
DA:354,0
DA:356,0
DA:367,0
DA:368,0
DA:370,0
DA:371,0
DA:372,0
DA:373,0
DA:376,0
DA:382,0
DA:394,0
DA:398,0
DA:405,0
DA:406,0
DA:411,0
DA:417,0
DA:429,0
DA:430,0
DA:457,0
DA:459,0
DA:461,0
DA:470,6
DA:473,6
DA:474,1
DA:475,0
DA:476,0
DA:477,0
DA:478,0
DA:481,6
LF:113
LH:21
BRDA:53,0,0,1
BRDA:53,0,1,1
BRDA:54,1,0,1
BRDA:54,1,1,0
BRDA:77,2,0,0
BRDA:77,2,1,0
BRDA:78,3,0,0
BRDA:78,3,1,0
BRDA:100,4,0,0
BRDA:100,4,1,0
BRDA:118,5,0,0
BRDA:118,5,1,0
BRDA:120,6,0,0
BRDA:120,6,1,0
BRDA:128,7,0,0
BRDA:128,7,1,0
BRDA:130,8,0,0
BRDA:130,8,1,0
BRDA:147,9,0,0
BRDA:147,9,1,0
BRDA:149,10,0,0
BRDA:149,10,1,0
BRDA:164,11,0,0
BRDA:164,11,1,0
BRDA:197,12,0,0
BRDA:197,12,1,0
BRDA:256,13,0,0
BRDA:256,13,1,0
BRDA:299,14,0,0
BRDA:299,14,1,0
BRDA:300,15,0,0
BRDA:300,15,1,0
BRDA:304,16,0,0
BRDA:304,16,1,0
BRDA:305,17,0,0
BRDA:305,17,1,0
BRDA:358,18,0,0
BRDA:358,18,1,0
BRDA:370,19,0,0
BRDA:370,19,1,0
BRDA:372,20,0,0
BRDA:372,20,1,0
BRDA:405,21,0,0
BRDA:405,21,1,0
BRDA:453,22,0,0
BRDA:453,22,1,0
BRF:46
BRH:3
end_of_record
TN:
SF:src/middleware/monitoring/metricsCollector.js
FN:10,(anonymous_0)
FN:27,(anonymous_1)
FN:74,(anonymous_2)
FN:86,(anonymous_3)
FN:92,(anonymous_4)
FN:104,(anonymous_5)
FN:116,(anonymous_6)
FN:132,(anonymous_7)
FN:143,(anonymous_8)
FN:169,(anonymous_9)
FN:184,(anonymous_10)
FN:188,(anonymous_11)
FN:203,(anonymous_12)
FN:209,(anonymous_13)
FN:210,(anonymous_14)
FN:217,(anonymous_15)
FN:218,(anonymous_16)
FN:229,(anonymous_17)
FN:258,(anonymous_18)
FN:280,(anonymous_19)
FN:296,(anonymous_20)
FN:301,(anonymous_21)
FN:309,(anonymous_22)
FN:323,(anonymous_23)
FN:327,(anonymous_24)
FN:334,(anonymous_25)
FN:356,(anonymous_26)
FN:427,(anonymous_27)
FN:478,(anonymous_28)
FN:479,(anonymous_29)
FN:492,(anonymous_30)
FN:493,(anonymous_31)
FNF:32
FNH:21
FNDA:6,(anonymous_0)
FNDA:6,(anonymous_1)
FNDA:78,(anonymous_2)
FNDA:18,(anonymous_3)
FNDA:216,(anonymous_4)
FNDA:18,(anonymous_5)
FNDA:169,(anonymous_6)
FNDA:104,(anonymous_7)
FNDA:720,(anonymous_8)
FNDA:10,(anonymous_9)
FNDA:0,(anonymous_10)
FNDA:0,(anonymous_11)
FNDA:283,(anonymous_12)
FNDA:442,(anonymous_13)
FNDA:723,(anonymous_14)
FNDA:6,(anonymous_15)
FNDA:104,(anonymous_16)
FNDA:104,(anonymous_17)
FNDA:0,(anonymous_18)
FNDA:0,(anonymous_19)
FNDA:0,(anonymous_20)
FNDA:0,(anonymous_21)
FNDA:0,(anonymous_22)
FNDA:0,(anonymous_23)
FNDA:0,(anonymous_24)
FNDA:2,(anonymous_25)
FNDA:0,(anonymous_26)
FNDA:2,(anonymous_27)
FNDA:6,(anonymous_28)
FNDA:2,(anonymous_29)
FNDA:6,(anonymous_30)
FNDA:0,(anonymous_31)
DA:1,6
DA:2,6
DA:11,6
DA:12,6
DA:13,6
DA:14,6
DA:15,6
DA:17,6
DA:18,6
DA:20,6
DA:21,6
DA:29,6
DA:30,6
DA:34,6
DA:37,6
DA:38,6
DA:42,6
DA:45,6
DA:46,6
DA:47,6
DA:53,6
DA:54,6
DA:55,6
DA:56,6
DA:57,6
DA:60,6
DA:61,6
DA:62,6
DA:65,6
DA:66,6
DA:68,6
DA:75,78
DA:91,18
DA:92,216
DA:105,18
DA:117,169
DA:118,169
DA:119,0
DA:120,0
DA:123,169
DA:124,169
DA:125,169
DA:126,169
DA:133,104
DA:134,104
DA:135,0
DA:136,0
DA:139,104
DA:140,104
DA:141,60
DA:143,720
DA:150,104
DA:153,104
DA:154,1248
DA:155,796
DA:159,104
DA:160,104
DA:162,104
DA:163,104
DA:170,10
DA:171,10
DA:172,0
DA:173,0
DA:176,10
DA:177,10
DA:178,10
DA:185,0
DA:186,0
DA:188,0
DA:189,0
DA:190,0
DA:191,0
DA:192,0
DA:193,0
DA:194,0
DA:196,0
DA:204,283
DA:205,2
DA:208,281
DA:209,442
DA:210,723
DA:218,6
DA:219,104
DA:222,104
DA:228,104
DA:229,104
DA:230,104
DA:233,104
DA:240,104
DA:241,65
DA:248,104
DA:251,104
DA:259,0
DA:264,0
DA:269,0
DA:270,0
DA:281,0
DA:283,0
DA:284,0
DA:286,0
DA:297,0
DA:298,0
DA:302,0
DA:303,0
DA:305,0
DA:310,0
DA:315,0
DA:316,0
DA:324,0
DA:328,0
DA:335,2
DA:337,2
DA:338,2
DA:339,2
DA:340,2
DA:341,2
DA:344,2
DA:345,2
DA:347,0
DA:357,0
DA:360,0
DA:361,0
DA:362,0
DA:364,0
DA:365,0
DA:367,0
DA:368,0
DA:369,0
DA:372,0
DA:376,0
DA:377,0
DA:378,0
DA:380,0
DA:381,0
DA:382,0
DA:384,0
DA:385,0
DA:387,0
DA:388,0
DA:390,0
DA:391,0
DA:394,0
DA:397,0
DA:398,0
DA:399,0
DA:402,0
DA:406,0
DA:407,0
DA:408,0
DA:410,0
DA:411,0
DA:413,0
DA:414,0
DA:415,0
DA:418,0
DA:421,0
DA:428,2
DA:437,2
DA:438,26
DA:446,2
DA:447,6
DA:454,6
DA:455,31
DA:464,2
DA:465,6
DA:472,2
DA:479,6
DA:480,2
DA:483,2
DA:484,2
DA:493,6
DA:494,0
DA:495,0
DA:497,0
DA:498,0
DA:499,0
DA:501,0
DA:505,0
DA:508,0
DA:509,0
DA:516,6
DA:518,6
LF:182
LH:101
BRDA:89,0,0,18
BRDA:116,1,0,0
BRDA:116,2,0,169
BRDA:118,3,0,0
BRDA:118,3,1,169
BRDA:124,4,0,169
BRDA:124,4,1,81
BRDA:132,5,0,0
BRDA:134,6,0,0
BRDA:134,6,1,104
BRDA:140,7,0,60
BRDA:140,7,1,44
BRDA:154,8,0,796
BRDA:154,8,1,452
BRDA:169,9,0,2
BRDA:171,10,0,0
BRDA:171,10,1,10
BRDA:184,11,0,0
BRDA:190,12,0,0
BRDA:190,12,1,0
BRDA:204,13,0,2
BRDA:204,13,1,281
BRDA:204,14,0,283
BRDA:204,14,1,283
BRDA:224,15,0,104
BRDA:224,15,1,104
BRDA:235,16,0,104
BRDA:235,16,1,7
BRDA:240,17,0,65
BRDA:240,17,1,39
BRDA:243,18,0,65
BRDA:243,18,1,7
BRDA:258,19,0,0
BRDA:269,20,0,0
BRDA:269,20,1,0
BRDA:280,21,0,0
BRDA:280,22,0,0
BRDA:283,23,0,0
BRDA:283,23,1,0
BRDA:288,24,0,0
BRDA:288,24,1,0
BRDA:302,25,0,0
BRDA:302,25,1,0
BRDA:309,26,0,0
BRDA:312,27,0,0
BRDA:312,27,1,0
BRDA:315,28,0,0
BRDA:315,28,1,0
BRDA:364,29,0,0
BRDA:364,29,1,0
BRDA:368,30,0,0
BRDA:368,30,1,0
BRDA:380,31,0,0
BRDA:380,31,1,0
BRDA:388,32,0,0
BRDA:388,32,1,0
BRDA:391,33,0,0
BRDA:391,33,1,0
BRDA:397,34,0,0
BRDA:397,34,1,0
BRDA:410,35,0,0
BRDA:410,35,1,0
BRDA:414,36,0,0
BRDA:414,36,1,0
BRDA:483,37,0,2
BRDA:483,37,1,0
BRDA:495,38,0,0
BRDA:495,38,1,0
BRDA:497,39,0,0
BRDA:497,39,1,0
BRDA:497,40,0,0
BRDA:497,40,1,0
BRF:72
BRH:25
end_of_record
TN:
SF:src/middleware/security/authMiddleware.js
FN:14,(anonymous_0)
FN:32,(anonymous_1)
FN:57,(anonymous_2)
FN:66,(anonymous_3)
FN:82,(anonymous_4)
FN:97,(anonymous_5)
FN:122,(anonymous_6)
FN:160,(anonymous_7)
FN:198,(anonymous_8)
FN:207,(anonymous_9)
FN:217,(anonymous_10)
FN:234,(anonymous_11)
FN:291,(anonymous_12)
FN:325,(anonymous_13)
FN:326,(anonymous_14)
FN:362,(anonymous_15)
FN:415,(anonymous_16)
FN:416,(anonymous_17)
FN:478,(anonymous_18)
FN:565,(anonymous_19)
FN:605,(anonymous_20)
FN:615,(anonymous_21)
FNF:22
FNH:0
FNDA:0,(anonymous_0)
FNDA:0,(anonymous_1)
FNDA:0,(anonymous_2)
FNDA:0,(anonymous_3)
FNDA:0,(anonymous_4)
FNDA:0,(anonymous_5)
FNDA:0,(anonymous_6)
FNDA:0,(anonymous_7)
FNDA:0,(anonymous_8)
FNDA:0,(anonymous_9)
FNDA:0,(anonymous_10)
FNDA:0,(anonymous_11)
FNDA:0,(anonymous_12)
FNDA:0,(anonymous_13)
FNDA:0,(anonymous_14)
FNDA:0,(anonymous_15)
FNDA:0,(anonymous_16)
FNDA:0,(anonymous_17)
FNDA:0,(anonymous_18)
FNDA:0,(anonymous_19)
FNDA:0,(anonymous_20)
FNDA:0,(anonymous_21)
DA:1,0
DA:2,0
DA:3,0
DA:4,0
DA:5,0
DA:6,0
DA:15,0
DA:16,0
DA:18,0
DA:19,0
DA:22,0
DA:23,0
DA:26,0
DA:33,0
DA:39,0
DA:46,0
DA:58,0
DA:67,0
DA:68,0
DA:69,0
DA:71,0
DA:72,0
DA:83,0
DA:84,0
DA:86,0
DA:87,0
DA:98,0
DA:99,0
DA:106,0
DA:112,0
DA:113,0
DA:123,0
DA:124,0
DA:125,0
DA:132,0
DA:139,0
DA:147,0
DA:149,0
DA:150,0
DA:161,0
DA:163,0
DA:164,0
DA:170,0
DA:171,0
DA:175,0
DA:176,0
DA:179,0
DA:181,0
DA:182,0
DA:183,0
DA:184,0
DA:185,0
DA:186,0
DA:188,0
DA:189,0
DA:199,0
DA:200,0
DA:208,0
DA:209,0
DA:210,0
DA:219,0
DA:220,0
DA:221,0
DA:225,0
DA:234,0
DA:235,0
DA:236,0
DA:238,0
DA:239,0
DA:242,0
DA:243,0
DA:246,0
DA:255,0
DA:262,0
DA:264,0
DA:271,0
DA:272,0
DA:278,0
DA:291,0
DA:292,0
DA:293,0
DA:295,0
DA:296,0
DA:297,0
DA:299,0
DA:308,0
DA:311,0
DA:315,0
DA:325,0
DA:326,0
DA:327,0
DA:328,0
DA:329,0
DA:332,0
DA:333,0
DA:336,0
DA:339,0
DA:344,0
DA:345,0
DA:353,0
DA:361,0
DA:362,0
DA:363,0
DA:366,0
DA:367,0
DA:375,0
DA:384,0
DA:391,0
DA:393,0
DA:394,0
DA:400,0
DA:401,0
DA:415,0
DA:416,0
DA:417,0
DA:418,0
DA:419,0
DA:422,0
DA:423,0
DA:424,0
DA:432,0
DA:433,0
DA:437,0
DA:438,0
DA:439,0
DA:447,0
DA:454,0
DA:456,0
DA:457,0
DA:463,0
DA:464,0
DA:478,0
DA:479,0
DA:480,0
DA:482,0
DA:483,0
DA:490,0
DA:493,0
DA:494,0
DA:495,0
DA:503,0
DA:506,0
DA:514,0
DA:515,0
DA:517,0
DA:520,0
DA:527,0
DA:533,0
DA:539,0
DA:545,0
DA:546,0
DA:552,0
DA:565,0
DA:566,0
DA:567,0
DA:570,0
DA:571,0
DA:575,0
DA:576,0
DA:577,0
DA:578,0
DA:581,0
DA:587,0
DA:592,0
DA:594,0
DA:595,0
DA:606,0
DA:616,0
DA:617,0
DA:619,0
DA:620,0
DA:621,0
DA:622,0
DA:626,0
DA:633,0
LF:175
LH:0
BRDA:15,0,0,0
BRDA:15,0,1,0
BRDA:17,1,0,0
BRDA:17,1,1,0
BRDA:18,2,0,0
BRDA:18,2,1,0
BRDA:19,3,0,0
BRDA:19,3,1,0
BRDA:34,4,0,0
BRDA:34,4,1,0
BRDA:68,5,0,0
BRDA:68,5,1,0
BRDA:97,6,0,0
BRDA:107,7,0,0
BRDA:107,7,1,0
BRDA:160,8,0,0
BRDA:163,9,0,0
BRDA:163,9,1,0
BRDA:170,10,0,0
BRDA:170,10,1,0
BRDA:175,11,0,0
BRDA:175,11,1,0
BRDA:181,12,0,0
BRDA:181,12,1,0
BRDA:183,13,0,0
BRDA:183,13,1,0
BRDA:185,14,0,0
BRDA:185,14,1,0
BRDA:220,15,0,0
BRDA:220,15,1,0
BRDA:238,16,0,0
BRDA:238,16,1,0
BRDA:238,17,0,0
BRDA:238,17,1,0
BRDA:250,18,0,0
BRDA:250,18,1,0
BRDA:271,19,0,0
BRDA:271,19,1,0
BRDA:295,20,0,0
BRDA:295,20,1,0
BRDA:295,21,0,0
BRDA:295,21,1,0
BRDA:303,22,0,0
BRDA:303,22,1,0
BRDA:325,23,0,0
BRDA:325,24,0,0
BRDA:328,25,0,0
BRDA:328,25,1,0
BRDA:333,26,0,0
BRDA:333,26,1,0
BRDA:336,27,0,0
BRDA:336,27,1,0
BRDA:339,28,0,0
BRDA:339,28,1,0
BRDA:344,29,0,0
BRDA:344,29,1,0
BRDA:344,30,0,0
BRDA:344,30,1,0
BRDA:361,31,0,0
BRDA:361,31,1,0
BRDA:366,32,0,0
BRDA:366,32,1,0
BRDA:393,33,0,0
BRDA:393,33,1,0
BRDA:418,34,0,0
BRDA:418,34,1,0
BRDA:423,35,0,0
BRDA:423,35,1,0
BRDA:432,36,0,0
BRDA:432,36,1,0
BRDA:438,37,0,0
BRDA:438,37,1,0
BRDA:456,38,0,0
BRDA:456,38,1,0
BRDA:482,39,0,0
BRDA:482,39,1,0
BRDA:494,40,0,0
BRDA:494,40,1,0
BRDA:515,41,0,0
BRDA:515,41,1,0
BRDA:545,42,0,0
BRDA:545,42,1,0
BRDA:570,43,0,0
BRDA:570,43,1,0
BRDA:570,44,0,0
BRDA:570,44,1,0
BRDA:575,45,0,0
BRDA:575,45,1,0
BRDA:620,46,0,0
BRDA:620,46,1,0
BRF:90
BRH:0
end_of_record
TN:
SF:src/middleware/security/rateLimiter.js
FN:17,(anonymous_0)
FN:38,(anonymous_1)
FN:42,(anonymous_2)
FN:46,(anonymous_3)
FN:73,(anonymous_4)
FN:75,(anonymous_5)
FN:100,(anonymous_6)
FN:101,(anonymous_7)
FN:125,(anonymous_8)
FN:126,(anonymous_9)
FN:127,(anonymous_10)
FN:151,(anonymous_11)
FN:152,(anonymous_12)
FN:176,(anonymous_13)
FN:177,(anonymous_14)
FN:178,(anonymous_15)
FN:200,(anonymous_16)
FN:214,(anonymous_17)
FN:216,(anonymous_18)
FN:234,createCustomLimiter
FN:239,(anonymous_20)
FN:241,(anonymous_21)
FN:264,createRoleLimiter
FN:265,(anonymous_23)
FN:272,(anonymous_24)
FN:288,createAdaptiveLimiter
FN:289,(anonymous_26)
FN:305,(anonymous_27)
FN:322,getSystemLoad
FN:339,createWebSocketLimiter
FN:344,(anonymous_30)
FN:352,(anonymous_31)
FN:374,(anonymous_32)
FN:376,(anonymous_33)
FNF:34
FNH:0
FNDA:0,(anonymous_0)
FNDA:0,(anonymous_1)
FNDA:0,(anonymous_2)
FNDA:0,(anonymous_3)
FNDA:0,(anonymous_4)
FNDA:0,(anonymous_5)
FNDA:0,(anonymous_6)
FNDA:0,(anonymous_7)
FNDA:0,(anonymous_8)
FNDA:0,(anonymous_9)
FNDA:0,(anonymous_10)
FNDA:0,(anonymous_11)
FNDA:0,(anonymous_12)
FNDA:0,(anonymous_13)
FNDA:0,(anonymous_14)
FNDA:0,(anonymous_15)
FNDA:0,(anonymous_16)
FNDA:0,(anonymous_17)
FNDA:0,(anonymous_18)
FNDA:0,createCustomLimiter
FNDA:0,(anonymous_20)
FNDA:0,(anonymous_21)
FNDA:0,createRoleLimiter
FNDA:0,(anonymous_23)
FNDA:0,(anonymous_24)
FNDA:0,createAdaptiveLimiter
FNDA:0,(anonymous_26)
FNDA:0,(anonymous_27)
FNDA:0,getSystemLoad
FNDA:0,createWebSocketLimiter
FNDA:0,(anonymous_30)
FNDA:0,(anonymous_31)
FNDA:0,(anonymous_32)
FNDA:0,(anonymous_33)
DA:1,6
DA:2,6
DA:3,6
DA:12,6
DA:13,6
DA:14,6
DA:15,6
DA:16,6
DA:17,0
DA:19,0
DA:21,6
DA:22,6
DA:28,6
DA:40,0
DA:44,0
DA:47,0
DA:53,0
DA:63,6
DA:73,0
DA:76,0
DA:82,0
DA:92,6
DA:100,0
DA:102,0
DA:107,0
DA:117,6
DA:125,0
DA:126,0
DA:128,0
DA:133,0
DA:143,6
DA:151,0
DA:153,0
DA:158,0
DA:168,6
DA:176,0
DA:177,0
DA:179,0
DA:184,0
DA:194,6
DA:200,0
DA:206,6
DA:215,0
DA:217,0
DA:222,0
DA:235,0
DA:240,0
DA:242,0
DA:249,0
DA:256,0
DA:265,0
DA:266,0
DA:267,0
DA:270,0
DA:272,0
DA:279,0
DA:289,0
DA:290,0
DA:292,0
DA:295,0
DA:296,0
DA:297,0
DA:298,0
DA:299,0
DA:302,0
DA:305,0
DA:308,0
DA:311,0
DA:312,0
DA:323,0
DA:326,0
DA:327,0
DA:328,0
DA:330,0
DA:340,0
DA:341,0
DA:342,0
DA:344,0
DA:345,0
DA:346,0
DA:349,0
DA:350,0
DA:352,0
DA:353,0
DA:356,0
DA:358,0
DA:359,0
DA:365,0
DA:366,0
DA:370,0
DA:371,0
DA:374,0
DA:375,0
DA:376,0
DA:377,0
DA:378,0
DA:379,0
DA:383,0
DA:388,6
LF:99
LH:19
BRDA:40,0,0,0
BRDA:40,0,1,0
BRDA:44,1,0,0
BRDA:44,1,1,0
BRDA:125,2,0,0
BRDA:125,2,1,0
BRDA:151,3,0,0
BRDA:151,3,1,0
BRDA:176,4,0,0
BRDA:176,4,1,0
BRDA:200,5,0,0
BRDA:200,5,1,0
BRDA:215,6,0,0
BRDA:215,6,1,0
BRDA:240,7,0,0
BRDA:240,7,1,0
BRDA:250,8,0,0
BRDA:250,8,1,0
BRDA:251,9,0,0
BRDA:251,9,1,0
BRDA:266,10,0,0
BRDA:266,10,1,0
BRDA:267,11,0,0
BRDA:267,11,1,0
BRDA:267,11,2,0
BRDA:272,12,0,0
BRDA:272,12,1,0
BRDA:296,13,0,0
BRDA:296,13,1,0
BRDA:298,14,0,0
BRDA:298,14,1,0
BRDA:305,15,0,0
BRDA:305,15,1,0
BRDA:339,16,0,0
BRDA:341,17,0,0
BRDA:341,17,1,0
BRDA:342,18,0,0
BRDA:342,18,1,0
BRDA:345,19,0,0
BRDA:345,19,1,0
BRDA:349,20,0,0
BRDA:349,20,1,0
BRDA:356,21,0,0
BRDA:356,21,1,0
BRDA:358,22,0,0
BRDA:358,22,1,0
BRDA:375,23,0,0
BRDA:375,23,1,0
BRDA:377,24,0,0
BRDA:377,24,1,0
BRF:50
BRH:0
end_of_record
TN:
SF:src/middleware/security/securityMiddleware.js
FN:14,(anonymous_0)
FN:40,(anonymous_1)
FN:122,(anonymous_2)
FN:136,(anonymous_3)
FN:201,(anonymous_4)
FN:226,(anonymous_5)
FN:274,(anonymous_6)
FN:325,(anonymous_7)
FN:363,(anonymous_8)
FN:379,(anonymous_9)
FN:414,(anonymous_10)
FN:430,(anonymous_11)
FN:439,(anonymous_12)
FN:464,(anonymous_13)
FN:480,(anonymous_14)
FN:497,(anonymous_15)
FN:505,(anonymous_16)
FN:519,(anonymous_17)
FN:537,(anonymous_18)
FN:553,(anonymous_19)
FN:573,(anonymous_20)
FN:586,(anonymous_21)
FN:610,(anonymous_22)
FN:627,(anonymous_23)
FN:637,(anonymous_24)
FN:660,(anonymous_25)
FN:666,(anonymous_26)
FN:682,(anonymous_27)
FN:705,(anonymous_28)
FN:720,(anonymous_29)
FN:742,(anonymous_30)
FN:755,(anonymous_31)
FN:772,(anonymous_32)
FN:788,(anonymous_33)
FN:805,(anonymous_34)
FN:807,(anonymous_35)
FN:851,(anonymous_36)
FN:861,(anonymous_37)
FNF:38
FNH:19
FNDA:1,(anonymous_0)
FNDA:0,(anonymous_1)
FNDA:2,(anonymous_2)
FNDA:0,(anonymous_3)
FNDA:0,(anonymous_4)
FNDA:2,(anonymous_5)
FNDA:2,(anonymous_6)
FNDA:0,(anonymous_7)
FNDA:0,(anonymous_8)
FNDA:0,(anonymous_9)
FNDA:0,(anonymous_10)
FNDA:0,(anonymous_11)
FNDA:0,(anonymous_12)
FNDA:0,(anonymous_13)
FNDA:7,(anonymous_14)
FNDA:0,(anonymous_15)
FNDA:6,(anonymous_16)
FNDA:2,(anonymous_17)
FNDA:16,(anonymous_18)
FNDA:16,(anonymous_19)
FNDA:8,(anonymous_20)
FNDA:6,(anonymous_21)
FNDA:2,(anonymous_22)
FNDA:2,(anonymous_23)
FNDA:0,(anonymous_24)
FNDA:0,(anonymous_25)
FNDA:0,(anonymous_26)
FNDA:0,(anonymous_27)
FNDA:2,(anonymous_28)
FNDA:2,(anonymous_29)
FNDA:22,(anonymous_30)
FNDA:0,(anonymous_31)
FNDA:0,(anonymous_32)
FNDA:0,(anonymous_33)
FNDA:1,(anonymous_34)
FNDA:0,(anonymous_35)
FNDA:1,(anonymous_36)
FNDA:2,(anonymous_37)
DA:1,1
DA:2,1
DA:3,1
DA:4,1
DA:5,1
DA:6,1
DA:15,1
DA:16,1
DA:17,1
DA:20,1
DA:31,1
DA:34,1
DA:41,0
DA:123,2
DA:136,0
DA:202,0
DA:226,1
DA:227,2
DA:230,2
DA:231,0
DA:233,0
DA:242,2
DA:243,2
DA:244,1
DA:246,1
DA:248,1
DA:250,1
DA:256,1
DA:264,0
DA:268,1
DA:274,1
DA:275,2
DA:276,2
DA:277,2
DA:280,2
DA:282,2
DA:283,2
DA:285,2
DA:301,2
DA:302,2
DA:303,0
DA:305,0
DA:311,0
DA:319,2
DA:325,1
DA:327,0
DA:328,0
DA:332,0
DA:333,0
DA:336,0
DA:337,0
DA:339,0
DA:344,0
DA:351,0
DA:357,0
DA:364,0
DA:365,0
DA:367,0
DA:373,0
DA:379,1
DA:380,0
DA:382,0
DA:383,0
DA:387,0
DA:388,0
DA:392,0
DA:393,0
DA:396,0
DA:398,0
DA:404,0
DA:414,1
DA:416,0
DA:417,0
DA:418,0
DA:421,0
DA:422,0
DA:424,0
DA:430,1
DA:431,0
DA:432,0
DA:435,0
DA:436,0
DA:438,0
DA:439,0
DA:440,0
DA:441,0
DA:447,0
DA:455,0
DA:458,0
DA:464,0
DA:465,0
DA:466,0
DA:468,0
DA:474,0
DA:481,7
DA:485,7
DA:486,7
DA:487,7
DA:489,7
DA:491,7
DA:498,0
DA:506,6
DA:520,2
DA:521,2
DA:522,2
DA:523,2
DA:526,2
DA:537,16
DA:538,0
DA:542,2
DA:553,16
DA:554,0
DA:558,2
DA:567,2
DA:573,8
DA:574,1
DA:578,2
DA:586,6
DA:587,1
DA:591,2
DA:592,0
DA:596,2
DA:597,2
DA:598,2
DA:600,0
DA:603,2
DA:611,2
DA:616,2
DA:617,2
DA:618,2
DA:620,2
DA:630,2
DA:638,0
DA:640,0
DA:641,0
DA:645,0
DA:646,0
DA:647,0
DA:651,0
DA:653,0
DA:661,0
DA:662,0
DA:665,0
DA:666,0
DA:669,0
DA:670,0
DA:671,0
DA:672,0
DA:675,0
DA:683,0
DA:684,0
DA:688,0
DA:691,0
DA:692,0
DA:696,0
DA:698,0
DA:706,2
DA:709,2
DA:710,2
DA:711,2
DA:713,2
DA:721,2
DA:722,0
DA:725,2
DA:728,2
DA:742,2
DA:743,22
DA:744,0
DA:748,2
DA:756,0
DA:758,0
DA:765,0
DA:773,0
DA:775,0
DA:781,0
DA:790,0
DA:791,0
DA:795,0
DA:796,0
DA:798,0
DA:807,1
DA:808,0
DA:809,0
DA:812,0
DA:813,0
DA:814,0
DA:819,0
DA:820,0
DA:821,0
DA:826,0
DA:827,0
DA:828,0
DA:833,0
DA:834,0
DA:835,0
DA:839,0
DA:840,0
DA:845,1
DA:852,1
DA:853,1
DA:854,1
DA:862,2
DA:872,1
LF:203
LH:90
BRDA:21,0,0,1
BRDA:21,0,1,1
BRDA:22,1,0,1
BRDA:22,1,1,1
BRDA:23,2,0,1
BRDA:23,2,1,1
BRDA:24,3,0,1
BRDA:24,3,1,1
BRDA:26,4,0,1
BRDA:26,4,1,1
BRDA:27,5,0,1
BRDA:27,5,1,1
BRDA:230,6,0,0
BRDA:230,6,1,2
BRDA:243,7,0,1
BRDA:243,7,1,1
BRDA:243,8,0,2
BRDA:243,8,1,1
BRDA:246,9,0,1
BRDA:246,9,1,0
BRDA:276,10,0,2
BRDA:276,10,1,2
BRDA:282,11,0,2
BRDA:282,11,1,0
BRDA:286,12,0,2
BRDA:286,12,1,2
BRDA:301,13,0,2
BRDA:301,13,1,0
BRDA:302,14,0,0
BRDA:302,14,1,2
BRDA:327,15,0,0
BRDA:327,15,1,0
BRDA:332,16,0,0
BRDA:332,16,1,0
BRDA:332,17,0,0
BRDA:332,17,1,0
BRDA:336,18,0,0
BRDA:336,18,1,0
BRDA:339,19,0,0
BRDA:339,19,1,0
BRDA:340,20,0,0
BRDA:340,20,1,0
BRDA:340,20,2,0
BRDA:345,21,0,0
BRDA:345,21,1,0
BRDA:382,22,0,0
BRDA:382,22,1,0
BRDA:387,23,0,0
BRDA:387,23,1,0
BRDA:392,24,0,0
BRDA:392,24,1,0
BRDA:416,25,0,0
BRDA:416,25,1,0
BRDA:417,26,0,0
BRDA:417,26,1,0
BRDA:431,27,0,0
BRDA:431,27,1,0
BRDA:435,28,0,0
BRDA:435,28,1,0
BRDA:438,29,0,0
BRDA:438,29,1,0
BRDA:440,30,0,0
BRDA:440,30,1,0
BRDA:458,31,0,0
BRDA:458,31,1,0
BRDA:459,32,0,0
BRDA:459,32,1,0
BRDA:465,33,0,0
BRDA:465,33,1,0
BRDA:480,34,0,0
BRDA:481,35,0,7
BRDA:481,35,1,2
BRDA:507,36,0,6
BRDA:507,36,1,5
BRDA:507,36,2,0
BRDA:507,36,3,0
BRDA:507,36,4,0
BRDA:521,37,0,2
BRDA:521,37,1,2
BRDA:537,38,0,0
BRDA:537,38,1,2
BRDA:553,39,0,0
BRDA:553,39,1,2
BRDA:573,40,0,1
BRDA:573,40,1,1
BRDA:586,41,0,1
BRDA:586,41,1,1
BRDA:591,42,0,0
BRDA:591,42,1,2
BRDA:591,43,0,2
BRDA:591,43,1,2
BRDA:598,44,0,0
BRDA:598,44,1,2
BRDA:611,45,0,2
BRDA:611,45,1,1
BRDA:640,46,0,0
BRDA:640,46,1,0
BRDA:640,47,0,0
BRDA:640,47,1,0
BRDA:645,48,0,0
BRDA:645,48,1,0
BRDA:661,49,0,0
BRDA:661,49,1,0
BRDA:661,50,0,0
BRDA:661,50,1,0
BRDA:665,51,0,0
BRDA:665,51,1,0
BRDA:683,52,0,0
BRDA:683,52,1,0
BRDA:691,53,0,0
BRDA:691,53,1,0
BRDA:721,54,0,0
BRDA:721,54,1,2
BRDA:721,55,0,2
BRDA:721,55,1,2
BRDA:743,56,0,0
BRDA:743,56,1,22
BRDA:762,57,0,0
BRDA:762,57,1,0
BRDA:777,58,0,0
BRDA:777,58,1,0
BRDA:790,59,0,0
BRDA:790,59,1,0
BRDA:790,60,0,0
BRDA:790,60,1,0
BRDA:795,61,0,0
BRDA:795,61,1,0
BRDA:813,62,0,0
BRDA:813,62,1,0
BRDA:820,63,0,0
BRDA:820,63,1,0
BRDA:827,64,0,0
BRDA:827,64,1,0
BRDA:835,65,0,0
BRDA:835,65,1,0
BRDA:836,66,0,0
BRDA:836,66,1,0
BRDA:852,67,0,1
BRDA:852,67,1,0
BRF:139
BRH:48
end_of_record
TN:
SF:src/middleware/validation/inputValidator.js
FN:11,(anonymous_0)
FN:34,(anonymous_1)
FN:48,(anonymous_2)
FN:57,(anonymous_3)
FN:65,(anonymous_4)
FN:73,(anonymous_5)
FN:85,(anonymous_6)
FN:93,(anonymous_7)
FN:110,(anonymous_8)
FN:123,(anonymous_9)
FN:171,(anonymous_10)
FN:190,(anonymous_11)
FN:248,(anonymous_12)
FN:318,(anonymous_13)
FN:354,(anonymous_14)
FN:390,(anonymous_15)
FN:417,(anonymous_16)
FN:418,(anonymous_17)
FN:433,(anonymous_18)
FN:498,(anonymous_19)
FN:532,(anonymous_20)
FN:539,(anonymous_21)
FN:607,(anonymous_22)
FN:610,(anonymous_23)
FN:620,(anonymous_24)
FNF:25
FNH:0
FNDA:0,(anonymous_0)
FNDA:0,(anonymous_1)
FNDA:0,(anonymous_2)
FNDA:0,(anonymous_3)
FNDA:0,(anonymous_4)
FNDA:0,(anonymous_5)
FNDA:0,(anonymous_6)
FNDA:0,(anonymous_7)
FNDA:0,(anonymous_8)
FNDA:0,(anonymous_9)
FNDA:0,(anonymous_10)
FNDA:0,(anonymous_11)
FNDA:0,(anonymous_12)
FNDA:0,(anonymous_13)
FNDA:0,(anonymous_14)
FNDA:0,(anonymous_15)
FNDA:0,(anonymous_16)
FNDA:0,(anonymous_17)
FNDA:0,(anonymous_18)
FNDA:0,(anonymous_19)
FNDA:0,(anonymous_20)
FNDA:0,(anonymous_21)
FNDA:0,(anonymous_22)
FNDA:0,(anonymous_23)
FNDA:0,(anonymous_24)
DA:1,0
DA:2,0
DA:3,0
DA:13,0
DA:27,0
DA:35,0
DA:49,0
DA:50,0
DA:51,0
DA:53,0
DA:58,0
DA:59,0
DA:61,0
DA:66,0
DA:67,0
DA:69,0
DA:74,0
DA:75,0
DA:78,0
DA:79,0
DA:81,0
DA:86,0
DA:87,0
DA:89,0
DA:94,0
DA:95,0
DA:96,0
DA:99,0
DA:111,0
DA:113,0
DA:117,0
DA:124,0
DA:172,0
DA:191,0
DA:249,0
DA:319,0
DA:355,0
DA:391,0
DA:418,0
DA:419,0
DA:420,0
DA:422,0
DA:423,0
DA:426,0
DA:432,0
DA:433,0
DA:439,0
DA:447,0
DA:455,0
DA:458,0
DA:462,0
DA:470,0
DA:472,0
DA:478,0
DA:479,0
DA:485,0
DA:499,0
DA:500,0
DA:503,0
DA:505,0
DA:506,0
DA:508,0
DA:511,0
DA:514,0
DA:515,0
DA:517,0
DA:518,0
DA:520,0
DA:524,0
DA:537,0
DA:539,0
DA:540,0
DA:541,0
DA:542,0
DA:545,0
DA:547,0
DA:548,0
DA:556,0
DA:557,0
DA:565,0
DA:566,0
DA:569,0
DA:577,0
DA:579,0
DA:585,0
DA:586,0
DA:592,0
DA:608,0
DA:610,0
DA:611,0
DA:612,0
DA:613,0
DA:614,0
DA:617,0
DA:618,0
DA:620,0
DA:621,0
DA:623,0
DA:626,0
DA:628,0
DA:629,0
DA:637,0
DA:644,0
DA:645,0
DA:647,0
DA:648,0
DA:654,0
LF:107
LH:0
BRDA:50,0,0,0
BRDA:50,0,1,0
BRDA:50,1,0,0
BRDA:50,1,1,0
BRDA:50,1,2,0
BRDA:58,2,0,0
BRDA:58,2,1,0
BRDA:66,3,0,0
BRDA:66,3,1,0
BRDA:74,4,0,0
BRDA:74,4,1,0
BRDA:78,5,0,0
BRDA:78,5,1,0
BRDA:86,6,0,0
BRDA:86,6,1,0
BRDA:95,7,0,0
BRDA:95,7,1,0
BRDA:95,8,0,0
BRDA:95,8,1,0
BRDA:95,8,2,0
BRDA:417,9,0,0
BRDA:422,10,0,0
BRDA:422,10,1,0
BRDA:432,11,0,0
BRDA:432,11,1,0
BRDA:458,12,0,0
BRDA:458,12,1,0
BRDA:459,13,0,0
BRDA:459,13,1,0
BRDA:459,13,2,0
BRDA:478,14,0,0
BRDA:478,14,1,0
BRDA:499,15,0,0
BRDA:499,15,1,0
BRDA:499,16,0,0
BRDA:499,16,1,0
BRDA:506,17,0,0
BRDA:506,17,1,0
BRDA:514,18,0,0
BRDA:514,18,1,0
BRDA:517,19,0,0
BRDA:517,19,1,0
BRDA:517,20,0,0
BRDA:517,20,1,0
BRDA:532,21,0,0
BRDA:534,22,0,0
BRDA:535,23,0,0
BRDA:536,24,0,0
BRDA:541,25,0,0
BRDA:541,25,1,0
BRDA:541,26,0,0
BRDA:541,26,1,0
BRDA:545,27,0,0
BRDA:545,27,1,0
BRDA:547,28,0,0
BRDA:547,28,1,0
BRDA:556,29,0,0
BRDA:556,29,1,0
BRDA:565,30,0,0
BRDA:565,30,1,0
BRDA:585,31,0,0
BRDA:585,31,1,0
BRDA:607,32,0,0
BRDA:607,33,0,0
BRDA:612,34,0,0
BRDA:612,34,1,0
BRDA:617,35,0,0
BRDA:617,35,1,0
BRDA:628,36,0,0
BRDA:628,36,1,0
BRF:70
BRH:0
end_of_record
TN:
SF:src/models/Loan.js
FN:427,(anonymous_0)
FN:432,(anonymous_1)
FN:437,(anonymous_2)
FN:445,(anonymous_3)
FN:450,(anonymous_4)
FN:461,(anonymous_5)
FN:505,(anonymous_6)
FN:527,(anonymous_7)
FN:564,(anonymous_8)
FN:598,(anonymous_9)
FN:616,(anonymous_10)
FN:649,(anonymous_11)
FN:668,(anonymous_12)
FN:683,(anonymous_13)
FN:700,(anonymous_14)
FN:709,(anonymous_15)
FN:718,(anonymous_16)
FN:725,(anonymous_17)
FN:733,(anonymous_18)
FN:743,(anonymous_19)
FNF:20
FNH:13
FNDA:11,(anonymous_0)
FNDA:11,(anonymous_1)
FNDA:10,(anonymous_2)
FNDA:10,(anonymous_3)
FNDA:44,(anonymous_4)
FNDA:33,(anonymous_5)
FNDA:17,(anonymous_6)
FNDA:0,(anonymous_7)
FNDA:0,(anonymous_8)
FNDA:2,(anonymous_9)
FNDA:1,(anonymous_10)
FNDA:0,(anonymous_11)
FNDA:0,(anonymous_12)
FNDA:1,(anonymous_13)
FNDA:1,(anonymous_14)
FNDA:0,(anonymous_15)
FNDA:1,(anonymous_16)
FNDA:0,(anonymous_17)
FNDA:0,(anonymous_18)
FNDA:1,(anonymous_19)
DA:1,6
DA:2,6
DA:3,6
DA:9,6
DA:403,6
DA:404,6
DA:405,6
DA:406,6
DA:407,6
DA:408,6
DA:409,6
DA:410,6
DA:411,6
DA:414,6
DA:415,6
DA:416,6
DA:419,6
DA:427,6
DA:428,11
DA:429,11
DA:432,6
DA:433,11
DA:434,11
DA:437,6
DA:438,10
DA:439,0
DA:440,0
DA:441,0
DA:442,0
DA:445,6
DA:446,10
DA:447,0
DA:450,6
DA:451,44
DA:457,44
DA:461,6
DA:463,33
DA:464,0
DA:465,0
DA:466,0
DA:472,33
DA:473,33
DA:474,33
DA:475,33
DA:478,33
DA:479,33
DA:484,33
DA:485,0
DA:486,0
DA:487,0
DA:492,33
DA:493,0
DA:494,0
DA:495,0
DA:496,0
DA:501,33
DA:505,6
DA:506,17
DA:508,15
DA:509,15
DA:511,15
DA:512,14
DA:513,14
DA:514,0
DA:515,0
DA:516,0
DA:519,0
DA:527,6
DA:528,0
DA:531,0
DA:532,0
DA:533,0
DA:537,0
DA:540,0
DA:542,0
DA:555,0
DA:556,0
DA:559,0
DA:561,0
DA:564,6
DA:565,0
DA:566,0
DA:567,0
DA:571,0
DA:575,0
DA:577,0
DA:579,0
DA:581,0
DA:582,0
DA:584,0
DA:585,0
DA:587,0
DA:588,0
DA:590,0
DA:591,0
DA:594,0
DA:595,0
DA:598,6
DA:599,2
DA:601,2
DA:602,2
DA:603,2
DA:605,2
DA:606,0
DA:610,2
DA:613,2
DA:616,6
DA:617,1
DA:618,1
DA:619,1
DA:621,1
DA:622,1
DA:623,1
DA:627,1
DA:628,12
DA:629,12
DA:630,12
DA:632,12
DA:634,12
DA:643,12
DA:646,1
DA:649,6
DA:656,0
DA:665,0
DA:668,6
DA:673,0
DA:680,0
DA:683,6
DA:684,1
DA:687,1
DA:688,1
DA:689,1
DA:692,1
DA:693,1
DA:696,1
DA:700,6
DA:701,1
DA:702,1
DA:703,1
DA:709,6
DA:710,0
DA:711,0
DA:712,0
DA:718,6
DA:719,1
DA:720,1
DA:725,6
DA:726,0
DA:727,0
DA:733,6
DA:734,0
DA:735,0
DA:737,0
DA:743,6
DA:744,1
DA:746,1
DA:759,6
LF:157
LH:97
BRDA:428,0,0,0
BRDA:428,0,1,11
BRDA:429,1,0,11
BRDA:429,1,1,11
BRDA:433,2,0,0
BRDA:433,2,1,11
BRDA:433,3,0,11
BRDA:433,3,1,11
BRDA:434,4,0,11
BRDA:434,4,1,11
BRDA:438,5,0,10
BRDA:438,5,1,0
BRDA:446,6,0,10
BRDA:446,6,1,0
BRDA:457,7,0,44
BRDA:457,7,1,0
BRDA:463,8,0,0
BRDA:463,8,1,33
BRDA:463,9,0,33
BRDA:463,9,1,33
BRDA:472,10,0,33
BRDA:472,10,1,0
BRDA:472,11,0,33
BRDA:472,11,1,33
BRDA:472,11,2,33
BRDA:472,11,3,33
BRDA:480,12,0,33
BRDA:480,12,1,0
BRDA:484,13,0,0
BRDA:484,13,1,33
BRDA:484,14,0,33
BRDA:484,14,1,0
BRDA:485,15,0,0
BRDA:485,15,1,0
BRDA:485,16,0,0
BRDA:485,16,1,0
BRDA:492,17,0,0
BRDA:492,17,1,33
BRDA:495,18,0,0
BRDA:495,18,1,0
BRDA:495,19,0,0
BRDA:495,19,1,0
BRDA:506,20,0,2
BRDA:506,20,1,15
BRDA:508,21,0,10
BRDA:508,21,1,5
BRDA:512,22,0,14
BRDA:512,22,1,0
BRDA:512,23,0,14
BRDA:512,23,1,14
BRDA:515,24,0,0
BRDA:515,24,1,0
BRDA:540,25,0,0
BRDA:540,25,1,0
BRDA:549,26,0,0
BRDA:549,26,1,0
BRDA:556,27,0,0
BRDA:556,27,1,0
BRDA:565,28,0,0
BRDA:565,28,1,0
BRDA:565,29,0,0
BRDA:565,29,1,0
BRDA:571,30,0,0
BRDA:571,30,1,0
BRDA:573,31,0,0
BRDA:573,31,1,0
BRDA:575,32,0,0
BRDA:575,32,1,0
BRDA:579,33,0,0
BRDA:579,33,1,0
BRDA:579,33,2,0
BRDA:579,33,3,0
BRDA:599,34,0,0
BRDA:599,34,1,2
BRDA:599,35,0,2
BRDA:599,35,1,2
BRDA:599,35,2,2
BRDA:603,36,0,0
BRDA:603,36,1,2
BRDA:605,37,0,0
BRDA:605,37,1,2
BRDA:619,38,0,0
BRDA:619,38,1,1
BRDA:624,39,0,1
BRDA:624,39,1,1
BRDA:624,39,2,1
BRDA:643,40,0,1
BRDA:643,40,1,11
BRDA:671,41,0,0
BRDA:692,42,0,1
BRDA:692,42,1,0
BRDA:700,43,0,1
BRDA:702,44,0,0
BRDA:702,44,1,1
BRDA:709,45,0,0
BRDA:711,46,0,0
BRDA:711,46,1,0
BRDA:718,47,0,1
BRDA:733,48,0,0
BRDA:743,49,0,0
BRDA:744,50,0,1
BRDA:744,50,1,0
BRF:102
BRH:47
end_of_record
TN:
SF:src/models/LoanModel.js
FNF:0
FNH:0
DA:1,0
LF:1
LH:0
BRF:0
BRH:0
end_of_record
TN:
SF:src/models/User.js
FN:325,(anonymous_0)
FN:329,(anonymous_1)
FN:344,(anonymous_2)
FN:348,(anonymous_3)
FN:353,(anonymous_4)
FN:402,(anonymous_5)
FN:436,(anonymous_6)
FN:440,(anonymous_7)
FN:450,(anonymous_8)
FN:460,(anonymous_9)
FN:470,(anonymous_10)
FN:492,(anonymous_11)
FN:498,(anonymous_12)
FN:516,(anonymous_13)
FN:517,(anonymous_14)
FN:521,(anonymous_15)
FN:528,(anonymous_16)
FN:536,(anonymous_17)
FN:551,(anonymous_18)
FN:570,(anonymous_19)
FN:574,(anonymous_20)
FN:578,(anonymous_21)
FN:582,(anonymous_22)
FN:586,(anonymous_23)
FNF:24
FNH:20
FNDA:31,(anonymous_0)
FNDA:31,(anonymous_1)
FNDA:56,(anonymous_2)
FNDA:32,(anonymous_3)
FNDA:220,(anonymous_4)
FNDA:98,(anonymous_5)
FNDA:13,(anonymous_6)
FNDA:1,(anonymous_7)
FNDA:12,(anonymous_8)
FNDA:1,(anonymous_9)
FNDA:1,(anonymous_10)
FNDA:1,(anonymous_11)
FNDA:8,(anonymous_12)
FNDA:1,(anonymous_13)
FNDA:1,(anonymous_14)
FNDA:0,(anonymous_15)
FNDA:1,(anonymous_16)
FNDA:0,(anonymous_17)
FNDA:1,(anonymous_18)
FNDA:2,(anonymous_19)
FNDA:1,(anonymous_20)
FNDA:0,(anonymous_21)
FNDA:1,(anonymous_22)
FNDA:0,(anonymous_23)
DA:1,7
DA:2,7
DA:3,7
DA:4,7
DA:5,7
DA:11,7
DA:311,7
DA:312,7
DA:313,7
DA:314,7
DA:315,7
DA:316,7
DA:317,7
DA:318,7
DA:321,7
DA:322,7
DA:325,7
DA:326,31
DA:329,7
DA:330,31
DA:331,22
DA:332,22
DA:333,22
DA:334,22
DA:335,22
DA:339,0
DA:341,22
DA:344,7
DA:345,56
DA:348,7
DA:349,32
DA:353,7
DA:355,220
DA:356,199
DA:357,199
DA:358,0
DA:363,220
DA:364,196
DA:365,196
DA:366,196
DA:370,220
DA:377,199
DA:379,199
DA:380,199
DA:382,199
DA:383,199
DA:385,199
DA:386,199
DA:388,199
DA:389,1
DA:393,199
DA:394,132
DA:398,220
DA:402,7
DA:403,98
DA:405,73
DA:406,73
DA:408,73
DA:409,75
DA:410,69
DA:411,69
DA:412,58
DA:414,69
DA:415,58
DA:417,69
DA:418,58
DA:420,69
DA:421,0
DA:425,69
DA:426,0
DA:429,0
DA:436,7
DA:437,13
DA:440,7
DA:441,1
DA:442,1
DA:446,1
DA:447,1
DA:450,7
DA:451,12
DA:452,12
DA:456,12
DA:457,12
DA:460,7
DA:461,1
DA:462,1
DA:466,1
DA:467,1
DA:470,7
DA:472,1
DA:473,0
DA:479,1
DA:482,1
DA:486,0
DA:489,1
DA:492,7
DA:493,1
DA:498,7
DA:499,8
DA:509,8
DA:510,2
DA:513,8
DA:516,7
DA:517,1
DA:518,1
DA:521,7
DA:524,0
DA:525,0
DA:528,7
DA:535,1
DA:536,0
DA:540,1
DA:548,1
DA:551,7
DA:552,1
DA:555,1
DA:556,1
DA:557,1
DA:558,1
DA:559,1
DA:560,1
DA:561,1
DA:562,1
DA:563,1
DA:564,1
DA:566,1
DA:570,7
DA:571,2
DA:574,7
DA:575,1
DA:578,7
DA:579,0
DA:582,7
DA:583,1
DA:586,7
DA:587,0
DA:594,7
LF:137
LH:125
BRDA:330,0,0,9
BRDA:330,0,1,22
BRDA:335,1,0,0
BRDA:335,1,1,22
BRDA:336,2,0,22
BRDA:336,2,1,22
BRDA:336,2,2,0
BRDA:345,3,0,56
BRDA:345,3,1,1
BRDA:355,4,0,199
BRDA:355,4,1,21
BRDA:355,5,0,220
BRDA:355,5,1,199
BRDA:357,6,0,0
BRDA:357,6,1,199
BRDA:363,7,0,196
BRDA:363,7,1,24
BRDA:370,8,0,199
BRDA:370,8,1,21
BRDA:371,9,0,220
BRDA:371,9,1,21
BRDA:371,9,2,21
BRDA:371,9,3,21
BRDA:371,9,4,21
BRDA:379,10,0,199
BRDA:379,10,1,0
BRDA:382,11,0,199
BRDA:382,11,1,0
BRDA:385,12,0,199
BRDA:385,12,1,0
BRDA:388,13,0,1
BRDA:388,13,1,198
BRDA:388,14,0,199
BRDA:388,14,1,1
BRDA:393,15,0,132
BRDA:393,15,1,67
BRDA:393,16,0,199
BRDA:393,16,1,132
BRDA:403,17,0,25
BRDA:403,17,1,73
BRDA:405,18,0,19
BRDA:405,18,1,54
BRDA:409,19,0,69
BRDA:409,19,1,6
BRDA:409,20,0,75
BRDA:409,20,1,75
BRDA:411,21,0,58
BRDA:411,21,1,11
BRDA:414,22,0,58
BRDA:414,22,1,11
BRDA:417,23,0,58
BRDA:417,23,1,11
BRDA:420,24,0,0
BRDA:420,24,1,69
BRDA:425,25,0,0
BRDA:425,25,1,69
BRDA:425,26,0,69
BRDA:425,26,1,32
BRDA:472,27,0,0
BRDA:472,27,1,1
BRDA:472,28,0,1
BRDA:472,28,1,0
BRDA:482,29,0,0
BRDA:482,29,1,1
BRDA:483,30,0,1
BRDA:483,30,1,0
BRDA:484,31,0,0
BRDA:484,31,1,0
BRDA:509,32,0,2
BRDA:509,32,1,6
BRF:70
BRH:56
end_of_record
TN:
SF:src/models/UserModel.js
FNF:0
FNH:0
DA:1,0
LF:1
LH:0
BRF:0
BRH:0
end_of_record
TN:
SF:src/routes/adminRoutes.js
FNF:0
FNH:0
DA:1,6
DA:2,6
DA:3,6
DA:22,6
DA:25,6
DA:26,6
DA:29,6
DA:30,6
DA:31,6
DA:32,6
DA:35,6
DA:36,6
DA:37,6
DA:40,6
DA:41,6
DA:42,6
DA:44,6
LF:17
LH:17
BRF:0
BRH:0
end_of_record
TN:
SF:src/routes/authRoutes.js
FN:7,(anonymous_0)
FN:8,(anonymous_1)
FN:9,(anonymous_2)
FN:10,(anonymous_3)
FN:15,(anonymous_4)
FN:16,(anonymous_5)
FN:19,(anonymous_6)
FN:22,(anonymous_7)
FN:25,(anonymous_8)
FNF:9
FNH:6
FNDA:21,(anonymous_0)
FNDA:21,(anonymous_1)
FNDA:2,(anonymous_2)
FNDA:4,(anonymous_3)
FNDA:3,(anonymous_4)
FNDA:0,(anonymous_5)
FNDA:1,(anonymous_6)
FNDA:0,(anonymous_7)
FNDA:0,(anonymous_8)
DA:1,6
DA:2,6
DA:3,6
DA:4,6
DA:7,21
DA:8,21
DA:9,6
DA:10,6
DA:11,4
DA:15,6
DA:16,6
DA:17,0
DA:19,6
DA:20,1
DA:22,6
DA:23,0
DA:25,6
DA:26,0
DA:29,6
LF:19
LH:16
BRF:0
BRH:0
end_of_record
TN:
SF:src/routes/loanRoutes.js
FNF:0
FNH:0
DA:1,6
DA:2,6
DA:3,6
DA:4,6
DA:7,6
DA:12,6
DA:19,6
DA:20,6
DA:23,6
DA:24,6
DA:30,6
LF:11
LH:11
BRF:0
BRH:0
end_of_record
TN:
SF:src/routes/userRoutes.js
FNF:0
FNH:0
DA:1,6
DA:2,6
DA:3,6
DA:12,6
DA:14,6
DA:15,6
DA:18,6
DA:19,6
DA:22,6
DA:23,6
DA:25,6
LF:11
LH:11
BRF:0
BRH:0
end_of_record
TN:
SF:src/security/authService.js
FN:23,(anonymous_0)
FN:24,(anonymous_1)
FN:25,(anonymous_2)
FN:27,(anonymous_3)
FN:29,(anonymous_4)
FN:30,(anonymous_5)
FN:36,(anonymous_6)
FN:37,(anonymous_7)
FN:39,(anonymous_8)
FN:51,(anonymous_9)
FN:81,(anonymous_10)
FN:211,(anonymous_11)
FN:375,(anonymous_12)
FN:426,(anonymous_13)
FN:450,(anonymous_14)
FN:491,(anonymous_15)
FN:534,(anonymous_16)
FN:571,(anonymous_17)
FN:599,(anonymous_18)
FN:611,(anonymous_19)
FN:630,(anonymous_20)
FN:645,(anonymous_21)
FN:661,(anonymous_22)
FN:671,(anonymous_23)
FN:679,(anonymous_24)
FN:694,(anonymous_25)
FN:726,(anonymous_26)
FN:772,(anonymous_27)
FN:789,(anonymous_28)
FNF:29
FNH:12
FNDA:0,(anonymous_0)
FNDA:0,(anonymous_1)
FNDA:0,(anonymous_2)
FNDA:0,(anonymous_3)
FNDA:0,(anonymous_4)
FNDA:0,(anonymous_5)
FNDA:0,(anonymous_6)
FNDA:0,(anonymous_7)
FNDA:0,(anonymous_8)
FNDA:7,(anonymous_9)
FNDA:18,(anonymous_10)
FNDA:21,(anonymous_11)
FNDA:2,(anonymous_12)
FNDA:0,(anonymous_13)
FNDA:0,(anonymous_14)
FNDA:0,(anonymous_15)
FNDA:0,(anonymous_16)
FNDA:14,(anonymous_17)
FNDA:0,(anonymous_18)
FNDA:14,(anonymous_19)
FNDA:13,(anonymous_20)
FNDA:21,(anonymous_21)
FNDA:3,(anonymous_22)
FNDA:0,(anonymous_23)
FNDA:0,(anonymous_24)
FNDA:0,(anonymous_25)
FNDA:17,(anonymous_26)
FNDA:18,(anonymous_27)
FNDA:18,(anonymous_28)
DA:1,6
DA:2,6
DA:3,6
DA:4,6
DA:5,6
DA:6,6
DA:7,6
DA:8,6
DA:9,6
DA:10,6
DA:14,6
DA:15,6
DA:17,0
DA:21,0
DA:22,0
DA:23,0
DA:24,0
DA:26,0
DA:27,0
DA:29,0
DA:31,0
DA:32,0
DA:33,0
DA:34,0
DA:37,0
DA:41,0
DA:52,7
DA:54,7
DA:57,7
DA:58,7
DA:59,7
DA:60,7
DA:61,7
DA:62,7
DA:65,7
DA:70,0
DA:82,18
DA:95,18
DA:98,18
DA:105,18
DA:106,3
DA:117,3
DA:124,15
DA:125,15
DA:126,2
DA:134,13
DA:155,13
DA:158,11
DA:159,11
DA:162,11
DA:165,11
DA:168,11
DA:180,11
DA:187,11
DA:194,2
DA:199,2
DA:212,21
DA:213,21
DA:216,21
DA:219,21
DA:226,19
DA:227,9
DA:228,9
DA:238,9
DA:245,10
DA:246,8
DA:247,4
DA:248,4
DA:259,4
DA:266,4
DA:267,1
DA:278,1
DA:285,3
DA:286,0
DA:287,0
DA:295,0
DA:296,0
DA:297,0
DA:298,0
DA:309,0
DA:317,3
DA:320,3
DA:321,3
DA:322,3
DA:325,3
DA:328,3
DA:331,3
DA:344,3
DA:351,3
DA:357,4
DA:362,4
DA:376,2
DA:378,2
DA:381,0
DA:382,0
DA:384,0
DA:385,0
DA:389,0
DA:390,0
DA:394,0
DA:398,0
DA:401,0
DA:402,0
DA:409,0
DA:411,0
DA:416,2
DA:417,2
DA:427,0
DA:428,0
DA:429,0
DA:430,0
DA:436,0
DA:438,0
DA:440,0
DA:441,0
DA:451,0
DA:452,0
DA:453,0
DA:454,0
DA:458,0
DA:465,0
DA:468,0
DA:469,0
DA:472,0
DA:474,0
DA:480,0
DA:481,0
DA:492,0
DA:493,0
DA:494,0
DA:495,0
DA:499,0
DA:502,0
DA:509,0
DA:510,0
DA:514,0
DA:515,0
DA:516,0
DA:517,0
DA:519,0
DA:521,0
DA:523,0
DA:524,0
DA:535,0
DA:536,0
DA:537,0
DA:541,0
DA:544,0
DA:551,0
DA:552,0
DA:556,0
DA:558,0
DA:562,0
DA:572,14
DA:579,14
DA:585,14
DA:591,14
DA:600,0
DA:601,0
DA:612,14
DA:613,14
DA:621,14
DA:622,14
DA:631,13
DA:632,13
DA:634,13
DA:635,9
DA:638,13
DA:646,21
DA:647,21
DA:649,21
DA:650,0
DA:651,0
DA:662,3
DA:663,3
DA:672,0
DA:673,0
DA:674,0
DA:678,0
DA:679,0
DA:682,0
DA:683,0
DA:685,0
DA:695,0
DA:696,0
DA:697,0
DA:699,0
DA:700,0
DA:703,0
DA:705,0
DA:706,0
DA:711,0
DA:715,0
DA:717,0
DA:727,17
DA:728,17
DA:730,17
DA:731,17
DA:732,17
DA:733,17
DA:734,17
DA:736,17
DA:737,3
DA:738,3
DA:741,17
DA:742,3
DA:743,3
DA:746,17
DA:747,3
DA:748,3
DA:751,17
DA:752,0
DA:753,0
DA:756,17
DA:757,3
DA:758,3
DA:761,17
DA:773,18
DA:774,18
DA:775,18
DA:776,18
DA:777,18
DA:778,18
DA:779,18
DA:780,18
DA:781,18
DA:790,18
DA:791,18
DA:793,18
DA:795,1
DA:797,1
DA:799,1
DA:801,15
DA:803,0
DA:808,6
DA:810,6
DA:811,6
DA:812,6
LF:238
LH:132
BRDA:23,0,0,0
BRDA:23,0,1,0
BRDA:31,1,0,0
BRDA:31,1,1,0
BRDA:41,2,0,0
BRDA:41,2,1,0
BRDA:53,3,0,7
BRDA:53,3,1,0
BRDA:55,4,0,7
BRDA:55,4,1,0
BRDA:57,5,0,7
BRDA:57,5,1,0
BRDA:58,6,0,7
BRDA:58,6,1,0
BRDA:59,7,0,7
BRDA:59,7,1,7
BRDA:60,8,0,7
BRDA:60,8,1,7
BRDA:65,9,0,0
BRDA:65,9,1,7
BRDA:66,10,0,7
BRDA:66,10,1,0
BRDA:66,10,2,0
BRDA:105,11,0,3
BRDA:105,11,1,15
BRDA:125,12,0,2
BRDA:125,12,1,13
BRDA:143,13,0,13
BRDA:143,13,1,10
BRDA:226,14,0,9
BRDA:226,14,1,10
BRDA:246,15,0,4
BRDA:246,15,1,4
BRDA:266,16,0,1
BRDA:266,16,1,3
BRDA:266,17,0,4
BRDA:266,17,1,2
BRDA:285,18,0,0
BRDA:285,18,1,3
BRDA:286,19,0,0
BRDA:286,19,1,0
BRDA:296,20,0,0
BRDA:296,20,1,0
BRDA:384,21,0,0
BRDA:384,21,1,0
BRDA:390,22,0,0
BRDA:390,22,1,0
BRDA:391,23,0,0
BRDA:391,23,1,0
BRDA:391,23,2,0
BRDA:428,24,0,0
BRDA:428,24,1,0
BRDA:453,25,0,0
BRDA:453,25,1,0
BRDA:494,26,0,0
BRDA:494,26,1,0
BRDA:494,27,0,0
BRDA:494,27,1,0
BRDA:509,28,0,0
BRDA:509,28,1,0
BRDA:536,29,0,0
BRDA:536,29,1,0
BRDA:536,30,0,0
BRDA:536,30,1,0
BRDA:551,31,0,0
BRDA:551,31,1,0
BRDA:634,32,0,9
BRDA:634,32,1,4
BRDA:649,33,0,0
BRDA:649,33,1,21
BRDA:649,34,0,21
BRDA:649,34,1,7
BRDA:697,35,0,0
BRDA:697,35,1,0
BRDA:703,36,0,0
BRDA:703,36,1,0
BRDA:736,37,0,3
BRDA:736,37,1,14
BRDA:741,38,0,3
BRDA:741,38,1,14
BRDA:746,39,0,3
BRDA:746,39,1,14
BRDA:751,40,0,0
BRDA:751,40,1,17
BRDA:756,41,0,3
BRDA:756,41,1,14
BRDA:773,42,0,18
BRDA:773,42,1,0
BRDA:793,43,0,1
BRDA:793,43,1,1
BRDA:793,43,2,1
BRDA:793,43,3,15
BRDA:793,43,4,0
BRF:93
BRH:44
end_of_record
TN:
SF:src/services/blockchainService.js
FN:9,(anonymous_0)
FN:13,(anonymous_1)
FN:18,(anonymous_2)
FN:26,(anonymous_3)
FN:31,(anonymous_4)
FN:41,(anonymous_5)
FN:49,(anonymous_6)
FNF:7
FNH:1
FNDA:6,(anonymous_0)
FNDA:0,(anonymous_1)
FNDA:0,(anonymous_2)
FNDA:0,(anonymous_3)
FNDA:0,(anonymous_4)
FNDA:0,(anonymous_5)
FNDA:0,(anonymous_6)
DA:6,6
DA:10,6
DA:14,0
DA:15,0
DA:19,0
DA:20,0
DA:27,0
DA:28,0
DA:32,0
DA:36,0
DA:42,0
DA:43,0
DA:50,0
DA:51,0
DA:57,6
LF:15
LH:3
BRF:0
BRH:0
end_of_record
TN:
SF:src/services/creditScoringService.js
FN:11,(anonymous_0)
FN:40,(anonymous_1)
FN:158,(anonymous_2)
FN:193,(anonymous_3)
FN:241,(anonymous_4)
FN:261,(anonymous_5)
FN:280,(anonymous_6)
FN:311,(anonymous_7)
FN:368,(anonymous_8)
FN:385,(anonymous_9)
FN:421,(anonymous_10)
FN:438,(anonymous_11)
FN:496,(anonymous_12)
FN:531,(anonymous_13)
FN:582,(anonymous_14)
FNF:15
FNH:1
FNDA:6,(anonymous_0)
FNDA:0,(anonymous_1)
FNDA:0,(anonymous_2)
FNDA:0,(anonymous_3)
FNDA:0,(anonymous_4)
FNDA:0,(anonymous_5)
FNDA:0,(anonymous_6)
FNDA:0,(anonymous_7)
FNDA:0,(anonymous_8)
FNDA:0,(anonymous_9)
FNDA:0,(anonymous_10)
FNDA:0,(anonymous_11)
FNDA:0,(anonymous_12)
FNDA:0,(anonymous_13)
FNDA:0,(anonymous_14)
DA:1,6
DA:2,6
DA:3,6
DA:4,6
DA:12,6
DA:15,6
DA:23,6
DA:30,6
DA:31,6
DA:32,6
DA:41,0
DA:48,0
DA:51,0
DA:52,0
DA:53,0
DA:57,0
DA:60,0
DA:68,0
DA:72,0
DA:75,0
DA:78,0
DA:87,0
DA:90,0
DA:99,0
DA:106,0
DA:113,0
DA:130,0
DA:141,0
DA:143,0
DA:149,0
DA:160,0
DA:163,0
DA:164,0
DA:165,0
DA:166,0
DA:170,0
DA:171,0
DA:174,0
DA:175,0
DA:179,0
DA:199,0
DA:200,0
DA:204,0
DA:206,0
DA:207,0
DA:209,0
DA:215,0
DA:220,0
DA:227,0
DA:228,0
DA:230,0
DA:242,0
DA:243,0
DA:245,0
DA:246,0
DA:250,0
DA:253,0
DA:262,0
DA:272,0
DA:281,0
DA:283,0
DA:288,0
DA:289,0
DA:292,0
DA:293,0
DA:294,0
DA:295,0
DA:297,0
DA:298,0
DA:299,0
DA:301,0
DA:303,0
DA:304,0
DA:305,0
DA:309,0
DA:311,0
DA:314,0
DA:317,0
DA:318,0
DA:322,0
DA:323,0
DA:328,0
DA:329,0
DA:330,0
DA:333,0
DA:335,0
DA:340,0
DA:341,0
DA:345,0
DA:346,0
DA:348,0
DA:349,0
DA:350,0
DA:351,0
DA:353,0
DA:355,0
DA:359,0
DA:369,0
DA:370,0
DA:371,0
DA:374,0
DA:375,0
DA:377,0
DA:392,0
DA:395,0
DA:396,0
DA:397,0
DA:398,0
DA:401,0
DA:402,0
DA:403,0
DA:406,0
DA:407,0
DA:410,0
DA:422,0
DA:423,0
DA:424,0
DA:425,0
DA:426,0
DA:427,0
DA:429,0
DA:440,0
DA:443,0
DA:444,0
DA:451,0
DA:452,0
DA:459,0
DA:460,0
DA:467,0
DA:468,0
DA:469,0
DA:476,0
DA:477,0
DA:483,0
DA:498,0
DA:505,0
DA:508,0
DA:509,0
DA:510,0
DA:511,0
DA:512,0
DA:513,0
DA:517,0
DA:518,0
DA:519,0
DA:520,0
DA:523,0
DA:532,0
DA:533,0
DA:535,0
DA:536,0
DA:537,0
DA:545,0
DA:546,0
DA:554,0
DA:555,0
DA:563,0
DA:564,0
DA:573,0
DA:583,0
DA:584,0
DA:585,0
DA:586,0
DA:589,0
DA:591,0
DA:593,0
DA:594,0
DA:596,0
DA:597,0
DA:599,0
DA:600,0
DA:602,0
DA:603,0
DA:605,0
DA:606,0
DA:608,0
DA:612,0
DA:617,0
DA:618,0
DA:619,0
DA:622,0
DA:633,0
DA:640,0
DA:649,6
LF:184
LH:11
BRDA:47,0,0,0
BRDA:52,1,0,0
BRDA:52,1,1,0
BRDA:160,2,0,0
BRDA:160,2,1,0
BRDA:163,3,0,0
BRDA:163,3,1,0
BRDA:165,4,0,0
BRDA:165,4,1,0
BRDA:170,5,0,0
BRDA:170,5,1,0
BRDA:174,6,0,0
BRDA:174,6,1,0
BRDA:199,7,0,0
BRDA:199,7,1,0
BRDA:199,8,0,0
BRDA:199,8,1,0
BRDA:207,9,0,0
BRDA:207,9,1,0
BRDA:207,10,0,0
BRDA:207,10,1,0
BRDA:243,11,0,0
BRDA:243,11,1,0
BRDA:245,12,0,0
BRDA:245,12,1,0
BRDA:272,13,0,0
BRDA:272,13,1,0
BRDA:288,14,0,0
BRDA:288,14,1,0
BRDA:298,15,0,0
BRDA:298,15,1,0
BRDA:301,16,0,0
BRDA:301,16,1,0
BRDA:304,17,0,0
BRDA:304,17,1,0
BRDA:309,18,0,0
BRDA:309,18,1,0
BRDA:309,19,0,0
BRDA:309,19,1,0
BRDA:317,20,0,0
BRDA:317,20,1,0
BRDA:322,21,0,0
BRDA:322,21,1,0
BRDA:329,22,0,0
BRDA:329,22,1,0
BRDA:340,23,0,0
BRDA:340,23,1,0
BRDA:401,24,0,0
BRDA:401,24,1,0
BRDA:422,25,0,0
BRDA:422,25,1,0
BRDA:424,26,0,0
BRDA:424,26,1,0
BRDA:426,27,0,0
BRDA:426,27,1,0
BRDA:443,28,0,0
BRDA:443,28,1,0
BRDA:451,29,0,0
BRDA:451,29,1,0
BRDA:459,30,0,0
BRDA:459,30,1,0
BRDA:459,31,0,0
BRDA:459,31,1,0
BRDA:468,32,0,0
BRDA:468,32,1,0
BRDA:476,33,0,0
BRDA:476,33,1,0
BRDA:505,34,0,0
BRDA:505,34,1,0
BRDA:508,35,0,0
BRDA:508,35,1,0
BRDA:508,36,0,0
BRDA:508,36,1,0
BRDA:510,37,0,0
BRDA:510,37,1,0
BRDA:510,38,0,0
BRDA:510,38,1,0
BRDA:512,39,0,0
BRDA:512,39,1,0
BRDA:512,40,0,0
BRDA:512,40,1,0
BRDA:517,41,0,0
BRDA:517,41,1,0
BRDA:519,42,0,0
BRDA:519,42,1,0
BRDA:535,43,0,0
BRDA:535,43,1,0
BRDA:536,44,0,0
BRDA:536,44,1,0
BRDA:545,45,0,0
BRDA:545,45,1,0
BRDA:554,46,0,0
BRDA:554,46,1,0
BRDA:563,47,0,0
BRDA:563,47,1,0
BRDA:582,48,0,0
BRDA:585,49,0,0
BRDA:585,49,1,0
BRDA:591,50,0,0
BRDA:591,50,1,0
BRDA:591,50,2,0
BRDA:591,50,3,0
BRDA:591,50,4,0
BRDA:591,50,5,0
BRDA:614,51,0,0
BRDA:614,51,1,0
BRF:106
BRH:0
end_of_record
TN:
SF:src/services/fileUploadService.js
FN:16,(anonymous_0)
FN:50,(anonymous_1)
FN:74,(anonymous_2)
FN:76,(anonymous_3)
FN:83,(anonymous_4)
FN:84,(anonymous_5)
FN:86,(anonymous_6)
FN:100,(anonymous_7)
FN:110,(anonymous_8)
FN:112,(anonymous_9)
FN:119,(anonymous_10)
FN:120,(anonymous_11)
FN:122,(anonymous_12)
FN:136,(anonymous_13)
FN:146,(anonymous_14)
FN:148,(anonymous_15)
FN:155,(anonymous_16)
FN:156,(anonymous_17)
FN:158,(anonymous_18)
FN:172,(anonymous_19)
FN:183,(anonymous_20)
FN:210,(anonymous_21)
FN:229,(anonymous_22)
FN:248,(anonymous_23)
FN:260,(anonymous_24)
FN:273,(anonymous_25)
FN:357,(anonymous_26)
FN:426,(anonymous_27)
FN:467,(anonymous_28)
FN:490,(anonymous_29)
FN:508,(anonymous_30)
FN:529,(anonymous_31)
FN:547,(anonymous_32)
FN:582,(anonymous_33)
FN:591,(anonymous_34)
FN:600,(anonymous_35)
FN:650,(anonymous_36)
FN:667,(anonymous_37)
FN:693,(anonymous_38)
FNF:39
FNH:0
FNDA:0,(anonymous_0)
FNDA:0,(anonymous_1)
FNDA:0,(anonymous_2)
FNDA:0,(anonymous_3)
FNDA:0,(anonymous_4)
FNDA:0,(anonymous_5)
FNDA:0,(anonymous_6)
FNDA:0,(anonymous_7)
FNDA:0,(anonymous_8)
FNDA:0,(anonymous_9)
FNDA:0,(anonymous_10)
FNDA:0,(anonymous_11)
FNDA:0,(anonymous_12)
FNDA:0,(anonymous_13)
FNDA:0,(anonymous_14)
FNDA:0,(anonymous_15)
FNDA:0,(anonymous_16)
FNDA:0,(anonymous_17)
FNDA:0,(anonymous_18)
FNDA:0,(anonymous_19)
FNDA:0,(anonymous_20)
FNDA:0,(anonymous_21)
FNDA:0,(anonymous_22)
FNDA:0,(anonymous_23)
FNDA:0,(anonymous_24)
FNDA:0,(anonymous_25)
FNDA:0,(anonymous_26)
FNDA:0,(anonymous_27)
FNDA:0,(anonymous_28)
FNDA:0,(anonymous_29)
FNDA:0,(anonymous_30)
FNDA:0,(anonymous_31)
FNDA:0,(anonymous_32)
FNDA:0,(anonymous_33)
FNDA:0,(anonymous_34)
FNDA:0,(anonymous_35)
FNDA:0,(anonymous_36)
FNDA:0,(anonymous_37)
FNDA:0,(anonymous_38)
DA:1,0
DA:2,0
DA:3,0
DA:4,0
DA:5,0
DA:6,0
DA:7,0
DA:8,0
DA:9,0
DA:17,0
DA:18,0
DA:21,0
DA:44,0
DA:51,0
DA:52,0
DA:53,0
DA:54,0
DA:57,0
DA:60,0
DA:64,0
DA:75,0
DA:77,0
DA:82,0
DA:83,0
DA:84,0
DA:87,0
DA:88,0
DA:89,0
DA:90,0
DA:94,0
DA:101,0
DA:111,0
DA:113,0
DA:118,0
DA:119,0
DA:120,0
DA:123,0
DA:124,0
DA:125,0
DA:126,0
DA:130,0
DA:137,0
DA:147,0
DA:149,0
DA:154,0
DA:155,0
DA:156,0
DA:159,0
DA:160,0
DA:161,0
DA:162,0
DA:166,0
DA:173,0
DA:184,0
DA:193,0
DA:194,0
DA:198,0
DA:199,0
DA:202,0
DA:211,0
DA:217,0
DA:218,0
DA:221,0
DA:230,0
DA:236,0
DA:237,0
DA:240,0
DA:249,0
DA:259,0
DA:261,0
DA:274,0
DA:276,0
DA:277,0
DA:278,0
DA:279,0
DA:283,0
DA:284,0
DA:285,0
DA:289,0
DA:292,0
DA:293,0
DA:294,0
DA:295,0
DA:299,0
DA:314,0
DA:323,0
DA:330,0
DA:335,0
DA:342,0
DA:344,0
DA:358,0
DA:360,0
DA:361,0
DA:362,0
DA:363,0
DA:367,0
DA:370,0
DA:373,0
DA:374,0
DA:375,0
DA:376,0
DA:379,0
DA:393,0
DA:401,0
DA:406,0
DA:412,0
DA:414,0
DA:429,0
DA:430,0
DA:433,0
DA:435,0
DA:439,0
DA:440,0
DA:446,0
DA:447,0
DA:448,0
DA:452,0
DA:454,0
DA:458,0
DA:468,0
DA:475,0
DA:477,0
DA:481,0
DA:491,0
DA:492,0
DA:493,0
DA:495,0
DA:499,0
DA:509,0
DA:510,0
DA:511,0
DA:512,0
DA:513,0
DA:514,0
DA:516,0
DA:520,0
DA:530,0
DA:531,0
DA:532,0
DA:534,0
DA:538,0
DA:548,0
DA:550,0
DA:553,0
DA:554,0
DA:558,0
DA:559,0
DA:563,0
DA:564,0
DA:567,0
DA:569,0
DA:573,0
DA:584,0
DA:590,0
DA:591,0
DA:601,0
DA:602,0
DA:608,0
DA:610,0
DA:612,0
DA:619,0
DA:636,0
DA:638,0
DA:642,0
DA:651,0
DA:652,0
DA:654,0
DA:668,0
DA:669,0
DA:670,0
DA:671,0
DA:672,0
DA:673,0
DA:674,0
DA:675,0
DA:677,0
DA:678,0
DA:681,0
DA:685,0
DA:694,0
DA:695,0
DA:696,0
DA:701,0
DA:706,0
DA:714,0
LF:185
LH:0
BRDA:38,0,0,0
BRDA:38,0,1,0
BRDA:39,1,0,0
BRDA:39,1,1,0
BRDA:80,2,0,0
BRDA:80,2,1,0
BRDA:80,2,2,0
BRDA:193,3,0,0
[...]
FN:641,(anonymous_19)
FN:663,(anonymous_20)
FN:677,(anonymous_21)
FN:691,(anonymous_22)
FN:705,(anonymous_23)
FN:706,(anonymous_24)
FN:708,(anonymous_25)
FN:737,(anonymous_26)
FN:762,(anonymous_27)
FN:780,(anonymous_28)
FN:798,(anonymous_29)
FN:816,(anonymous_30)
FN:834,(anonymous_31)
FNF:32
FNH:0
FNDA:0,(anonymous_0)
FNDA:0,(anonymous_1)
FNDA:0,(anonymous_2)
FNDA:0,(anonymous_3)
FNDA:0,(anonymous_4)
FNDA:0,(anonymous_5)
FNDA:0,(anonymous_6)
FNDA:0,(anonymous_7)
FNDA:0,(anonymous_8)
FNDA:0,(anonymous_9)
FNDA:0,(anonymous_10)
FNDA:0,(anonymous_11)
FNDA:0,(anonymous_12)
FNDA:0,(anonymous_13)
FNDA:0,(anonymous_14)
FNDA:0,(anonymous_15)
FNDA:0,(anonymous_16)
FNDA:0,(anonymous_17)
FNDA:0,(anonymous_18)
FNDA:0,(anonymous_19)
FNDA:0,(anonymous_20)
FNDA:0,(anonymous_21)
FNDA:0,(anonymous_22)
FNDA:0,(anonymous_23)
FNDA:0,(anonymous_24)
FNDA:0,(anonymous_25)
FNDA:0,(anonymous_26)
FNDA:0,(anonymous_27)
FNDA:0,(anonymous_28)
FNDA:0,(anonymous_29)
FNDA:0,(anonymous_30)
FNDA:0,(anonymous_31)
DA:1,0
DA:2,0
DA:3,0
DA:4,0
DA:13,0
DA:27,0
DA:40,0
DA:47,0
DA:48,0
DA:65,0
DA:66,0
DA:72,0
DA:75,0
DA:82,0
DA:83,0
DA:85,0
DA:91,0
DA:95,0
DA:101,0
DA:107,0
DA:113,0
DA:115,0
DA:122,0
DA:126,0
DA:144,0
DA:145,0
DA:151,0
DA:154,0
DA:165,0
DA:166,0
DA:169,0
DA:175,0
DA:180,0
DA:186,0
DA:196,0
DA:202,0
DA:204,0
DA:211,0
DA:219,0
DA:237,0
DA:238,0
DA:245,0
DA:248,0
DA:259,0
DA:267,0
DA:270,0
DA:282,0
DA:283,0
DA:286,0
DA:292,0
DA:294,0
DA:301,0
DA:310,0
DA:332,0
DA:333,0
DA:340,0
DA:343,0
DA:351,0
DA:353,0
DA:354,0
DA:356,0
DA:357,0
DA:359,0
DA:360,0
DA:362,0
DA:363,0
DA:365,0
DA:369,0
DA:375,0
DA:381,0
DA:383,0
DA:389,0
DA:406,0
DA:415,0
DA:417,0
DA:418,0
DA:426,0
DA:427,0
DA:435,0
DA:441,0
DA:442,0
DA:451,0
DA:452,0
DA:454,0
DA:455,0
DA:468,0
DA:469,0
DA:470,0
DA:473,0
DA:474,0
DA:481,0
DA:482,0
DA:495,0
DA:496,0
DA:498,0
DA:499,0
DA:507,0
DA:511,0
DA:519,0
DA:520,0
DA:535,0
DA:556,0
DA:577,0
DA:592,0
DA:605,0
DA:624,0
DA:642,0
DA:644,0
DA:645,0
DA:652,0
DA:666,0
DA:680,0
DA:694,0
DA:706,0
DA:707,0
DA:708,0
DA:711,0
DA:712,0
DA:714,0
DA:715,0
DA:716,0
DA:717,0
DA:718,0
DA:719,0
DA:722,0
DA:738,0
DA:740,0
DA:747,0
DA:765,0
DA:783,0
DA:801,0
DA:819,0
DA:835,0
DA:846,0
DA:850,0
LF:135
LH:0
BRDA:16,0,0,0
BRDA:16,0,1,0
BRDA:22,1,0,0
BRDA:22,1,1,0
BRDA:30,2,0,0
BRDA:30,2,1,0
BRDA:35,3,0,0
BRDA:35,3,1,0
BRDA:42,4,0,0
BRDA:42,4,1,0
BRDA:43,5,0,0
BRDA:43,5,1,0
BRDA:44,6,0,0
BRDA:44,6,1,0
BRDA:282,7,0,0
BRDA:282,7,1,0
BRDA:282,8,0,0
BRDA:282,8,1,0
BRDA:351,9,0,0
BRDA:351,9,1,0
BRDA:351,9,2,0
BRDA:351,9,3,0
BRDA:351,9,4,0
BRDA:417,10,0,0
BRDA:417,10,1,0
BRDA:426,11,0,0
BRDA:426,11,1,0
BRDA:441,12,0,0
BRDA:441,12,1,0
BRDA:454,13,0,0
BRDA:454,13,1,0
BRDA:470,14,0,0
BRDA:470,14,1,0
BRDA:473,15,0,0
BRDA:473,15,1,0
BRDA:481,16,0,0
BRDA:481,16,1,0
BRDA:498,17,0,0
BRDA:498,17,1,0
BRDA:507,18,0,0
BRDA:507,18,1,0
BRDA:508,19,0,0
BRDA:508,19,1,0
BRDA:519,20,0,0
BRDA:519,20,1,0
BRDA:629,21,0,0
BRDA:629,21,1,0
BRDA:644,22,0,0
BRDA:644,22,1,0
BRDA:714,23,0,0
BRDA:714,23,1,0
BRDA:717,24,0,0
BRDA:717,24,1,0
BRF:53
BRH:0
end_of_record
TN:
SF:src/services/notification/notificationService.js
FN:13,(anonymous_0)
FN:65,(anonymous_1)
FN:125,(anonymous_2)
FN:170,(anonymous_3)
FN:230,(anonymous_4)
FN:262,(anonymous_5)
FN:327,(anonymous_6)
FN:348,(anonymous_7)
FN:405,(anonymous_8)
FN:430,(anonymous_9)
FN:433,(anonymous_10)
FN:450,(anonymous_11)
FN:453,(anonymous_12)
FN:480,(anonymous_13)
FN:483,(anonymous_14)
FN:497,(anonymous_15)
FN:506,(anonymous_16)
FN:513,(anonymous_17)
FN:540,(anonymous_18)
FN:588,(anonymous_19)
FN:608,(anonymous_20)
FN:632,(anonymous_21)
FN:654,(anonymous_22)
FN:681,(anonymous_23)
FN:703,(anonymous_24)
FN:707,(anonymous_25)
FN:719,(anonymous_26)
FN:736,(anonymous_27)
FN:755,(anonymous_28)
FN:775,(anonymous_29)
FN:787,(anonymous_30)
FN:798,(anonymous_31)
FN:804,(anonymous_32)
FN:811,(anonymous_33)
FN:817,(anonymous_34)
FN:823,(anonymous_35)
FNF:36
FNH:0
FNDA:0,(anonymous_0)
FNDA:0,(anonymous_1)
FNDA:0,(anonymous_2)
FNDA:0,(anonymous_3)
FNDA:0,(anonymous_4)
FNDA:0,(anonymous_5)
FNDA:0,(anonymous_6)
FNDA:0,(anonymous_7)
FNDA:0,(anonymous_8)
FNDA:0,(anonymous_9)
FNDA:0,(anonymous_10)
FNDA:0,(anonymous_11)
FNDA:0,(anonymous_12)
FNDA:0,(anonymous_13)
FNDA:0,(anonymous_14)
FNDA:0,(anonymous_15)
FNDA:0,(anonymous_16)
FNDA:0,(anonymous_17)
FNDA:0,(anonymous_18)
FNDA:0,(anonymous_19)
FNDA:0,(anonymous_20)
FNDA:0,(anonymous_21)
FNDA:0,(anonymous_22)
FNDA:0,(anonymous_23)
FNDA:0,(anonymous_24)
FNDA:0,(anonymous_25)
FNDA:0,(anonymous_26)
FNDA:0,(anonymous_27)
FNDA:0,(anonymous_28)
FNDA:0,(anonymous_29)
FNDA:0,(anonymous_30)
FNDA:0,(anonymous_31)
FNDA:0,(anonymous_32)
FNDA:0,(anonymous_33)
FNDA:0,(anonymous_34)
FNDA:0,(anonymous_35)
DA:1,0
DA:2,0
DA:3,0
DA:4,0
DA:5,0
DA:14,0
DA:15,0
DA:16,0
DA:17,0
DA:20,0
DA:59,0
DA:66,0
DA:68,0
DA:69,0
DA:83,0
DA:84,0
DA:88,0
DA:89,0
DA:93,0
DA:97,0
DA:98,0
DA:103,0
DA:106,0
DA:108,0
DA:112,0
DA:126,0
DA:127,0
DA:132,0
DA:133,0
DA:141,0
DA:144,0
DA:145,0
DA:146,0
DA:154,0
DA:160,0
DA:170,0
DA:171,0
DA:175,0
DA:182,0
DA:188,0
DA:195,0
DA:203,0
DA:210,0
DA:231,0
DA:232,0
DA:237,0
DA:238,0
DA:246,0
DA:249,0
DA:250,0
DA:251,0
DA:259,0
DA:262,0
DA:263,0
DA:271,0
DA:278,0
DA:284,0
DA:291,0
DA:299,0
DA:306,0
DA:328,0
DA:329,0
DA:335,0
DA:338,0
DA:348,0
DA:349,0
DA:353,0
DA:359,0
DA:364,0
DA:371,0
DA:378,0
DA:384,0
DA:406,0
DA:407,0
DA:414,0
DA:416,0
DA:417,0
DA:420,0
DA:424,0
DA:431,0
DA:434,0
DA:440,0
DA:444,0
DA:451,0
DA:454,0
DA:460,0
DA:464,0
DA:468,0
DA:473,0
DA:481,0
DA:484,0
DA:490,0
DA:493,0
DA:497,0
DA:503,0
DA:506,0
DA:512,0
DA:513,0
DA:518,0
DA:525,0
DA:541,0
DA:542,0
DA:544,0
DA:546,0
DA:547,0
DA:548,0
DA:550,0
DA:553,0
DA:554,0
DA:556,0
DA:563,0
DA:570,0
DA:576,0
DA:589,0
DA:590,0
DA:598,0
DA:599,0
DA:600,0
DA:609,0
DA:610,0
DA:618,0
DA:619,0
DA:620,0
DA:633,0
DA:634,0
DA:641,0
DA:642,0
DA:655,0
DA:661,0
DA:668,0
DA:669,0
DA:684,0
DA:694,0
DA:696,0
DA:704,0
DA:707,0
DA:708,0
DA:709,0
DA:712,0
DA:720,0
DA:729,0
DA:737,0
DA:748,0
DA:758,0
DA:759,0
DA:760,0
DA:762,0
DA:764,0
DA:765,0
DA:766,0
DA:775,0
DA:780,0
DA:788,0
DA:795,0
DA:799,0
DA:800,0
DA:801,0
DA:805,0
DA:806,0
DA:807,0
DA:808,0
DA:812,0
DA:813,0
DA:814,0
DA:818,0
DA:819,0
DA:820,0
DA:824,0
DA:825,0
DA:826,0
DA:830,0
LF:171
LH:0
BRDA:68,0,0,0
BRDA:68,0,1,0
BRDA:71,1,0,0
BRDA:71,1,1,0
BRDA:88,2,0,0
BRDA:88,2,1,0
BRDA:88,3,0,0
BRDA:88,3,1,0
BRDA:97,4,0,0
BRDA:97,4,1,0
BRDA:97,5,0,0
BRDA:97,5,1,0
BRDA:99,6,0,0
BRDA:99,6,1,0
BRDA:132,7,0,0
BRDA:132,7,1,0
BRDA:145,8,0,0
BRDA:145,8,1,0
BRDA:161,9,0,0
BRDA:161,9,1,0
BRDA:237,10,0,0
BRDA:237,10,1,0
BRDA:250,11,0,0
BRDA:250,11,1,0
BRDA:341,12,0,0
BRDA:341,12,1,0
BRDA:342,13,0,0
BRDA:342,13,1,0
BRDA:343,14,0,0
BRDA:343,14,1,0
BRDA:420,15,0,0
BRDA:420,15,1,0
BRDA:421,16,0,0
BRDA:421,16,1,0
BRDA:440,17,0,0
BRDA:440,17,1,0
BRDA:441,18,0,0
BRDA:441,18,1,0
BRDA:460,19,0,0
BRDA:460,19,1,0
BRDA:461,20,0,0
BRDA:461,20,1,0
BRDA:544,21,0,0
BRDA:544,21,1,0
BRDA:544,21,2,0
BRDA:546,22,0,0
BRDA:546,22,1,0
BRDA:589,23,0,0
BRDA:589,23,1,0
BRDA:589,24,0,0
BRDA:589,24,1,0
BRDA:599,25,0,0
BRDA:599,25,1,0
BRDA:609,26,0,0
BRDA:609,26,1,0
BRDA:609,27,0,0
BRDA:609,27,1,0
BRDA:619,28,0,0
BRDA:619,28,1,0
BRDA:633,29,0,0
BRDA:633,29,1,0
BRDA:633,30,0,0
BRDA:633,30,1,0
BRDA:633,30,2,0
BRDA:641,31,0,0
BRDA:641,31,1,0
BRDA:641,32,0,0
BRDA:641,32,1,0
BRDA:655,33,0,0
BRDA:655,33,1,0
BRDA:656,34,0,0
BRDA:656,34,1,0
BRDA:656,34,2,0
BRDA:656,34,3,0
BRDA:668,35,0,0
BRDA:668,35,1,0
BRDA:668,36,0,0
BRDA:668,36,1,0
BRDA:707,37,0,0
BRDA:707,37,1,0
BRDA:729,38,0,0
BRDA:729,38,1,0
BRDA:748,39,0,0
BRDA:748,39,1,0
BRDA:764,40,0,0
BRDA:764,40,1,0
BRDA:800,41,0,0
BRDA:800,41,1,0
BRDA:805,42,0,0
BRDA:805,42,1,0
BRF:90
BRH:0
end_of_record
TN:
SF:src/utils/complianceMonitor.js
FN:10,(anonymous_0)
FN:42,(anonymous_1)
FN:129,(anonymous_2)
FN:193,(anonymous_3)
FN:263,(anonymous_4)
FN:322,(anonymous_5)
FN:403,(anonymous_6)
FN:494,(anonymous_7)
FN:512,(anonymous_8)
FN:536,(anonymous_9)
FN:558,(anonymous_10)
FN:592,(anonymous_11)
FN:594,(anonymous_12)
FN:611,(anonymous_13)
FN:634,(anonymous_14)
FN:657,(anonymous_15)
FN:679,(anonymous_16)
FN:705,(anonymous_17)
FN:708,(anonymous_18)
FN:720,(anonymous_19)
FN:728,(anonymous_20)
FN:739,(anonymous_21)
FN:746,(anonymous_22)
FN:757,(anonymous_23)
FN:760,(anonymous_24)
FN:768,(anonymous_25)
FN:781,(anonymous_26)
FN:800,(anonymous_27)
FN:821,(anonymous_28)
FN:825,(anonymous_29)
FN:835,(anonymous_30)
FN:838,(anonymous_31)
FN:839,(anonymous_32)
FN:840,(anonymous_33)
FN:842,(anonymous_34)
FN:852,(anonymous_35)
FN:856,(anonymous_36)
FN:866,(anonymous_37)
FN:876,(anonymous_38)
FN:885,(anonymous_39)
FN:890,(anonymous_40)
FNF:41
FNH:0
FNDA:0,(anonymous_0)
FNDA:0,(anonymous_1)
FNDA:0,(anonymous_2)
FNDA:0,(anonymous_3)
FNDA:0,(anonymous_4)
FNDA:0,(anonymous_5)
FNDA:0,(anonymous_6)
FNDA:0,(anonymous_7)
FNDA:0,(anonymous_8)
FNDA:0,(anonymous_9)
FNDA:0,(anonymous_10)
FNDA:0,(anonymous_11)
FNDA:0,(anonymous_12)
FNDA:0,(anonymous_13)
FNDA:0,(anonymous_14)
FNDA:0,(anonymous_15)
FNDA:0,(anonymous_16)
FNDA:0,(anonymous_17)
FNDA:0,(anonymous_18)
FNDA:0,(anonymous_19)
FNDA:0,(anonymous_20)
FNDA:0,(anonymous_21)
FNDA:0,(anonymous_22)
FNDA:0,(anonymous_23)
FNDA:0,(anonymous_24)
FNDA:0,(anonymous_25)
FNDA:0,(anonymous_26)
FNDA:0,(anonymous_27)
FNDA:0,(anonymous_28)
FNDA:0,(anonymous_29)
FNDA:0,(anonymous_30)
FNDA:0,(anonymous_31)
FNDA:0,(anonymous_32)
FNDA:0,(anonymous_33)
FNDA:0,(anonymous_34)
FNDA:0,(anonymous_35)
FNDA:0,(anonymous_36)
FNDA:0,(anonymous_37)
FNDA:0,(anonymous_38)
FNDA:0,(anonymous_39)
FNDA:0,(anonymous_40)
DA:1,0
DA:2,0
DA:11,0
DA:12,0
DA:13,0
DA:14,0
DA:17,0
DA:32,0
DA:35,0
DA:44,0
DA:70,0
DA:79,0
DA:116,0
DA:130,0
DA:131,0
DA:132,0
DA:135,0
DA:142,0
DA:155,0
DA:158,0
DA:167,0
DA:170,0
DA:172,0
DA:178,0
DA:185,0
DA:194,0
DA:195,0
DA:196,0
DA:199,0
DA:202,0
DA:205,0
DA:208,0
DA:221,0
DA:224,0
DA:233,0
DA:237,0
DA:240,0
DA:249,0
DA:254,0
DA:264,0
DA:265,0
DA:266,0
DA:269,0
DA:272,0
DA:275,0
DA:278,0
DA:291,0
DA:294,0
DA:302,0
DA:309,0
DA:314,0
DA:323,0
DA:331,0
DA:333,0
DA:334,0
DA:337,0
DA:340,0
DA:346,0
DA:351,0
DA:355,0
DA:376,0
DA:386,0
DA:388,0
DA:393,0
DA:404,0
DA:405,0
DA:406,0
DA:409,0
DA:412,0
DA:426,0
DA:430,0
DA:432,0
DA:433,0
DA:435,0
DA:439,0
DA:441,0
DA:442,0
DA:444,0
DA:448,0
DA:450,0
DA:451,0
DA:453,0
DA:457,0
DA:458,0
DA:459,0
DA:462,0
DA:473,0
DA:480,0
DA:486,0
DA:498,0
DA:499,0
DA:500,0
DA:505,0
DA:513,0
DA:516,0
DA:517,0
DA:526,0
DA:527,0
DA:536,0
DA:537,0
DA:538,0
DA:544,0
DA:559,0
DA:560,0
DA:563,0
DA:564,0
DA:572,0
DA:575,0
DA:576,0
DA:579,0
DA:580,0
DA:583,0
DA:584,0
DA:593,0
DA:594,0
DA:596,0
DA:597,0
DA:602,0
DA:603,0
DA:612,0
DA:615,0
DA:616,0
DA:620,0
DA:621,0
DA:624,0
DA:635,0
DA:638,0
DA:639,0
DA:643,0
DA:644,0
DA:647,0
DA:658,0
DA:661,0
DA:662,0
DA:663,0
DA:666,0
DA:667,0
DA:670,0
DA:671,0
DA:672,0
DA:680,0
DA:689,0
DA:698,0
DA:706,0
DA:707,0
DA:708,0
DA:711,0
DA:712,0
DA:721,0
DA:728,0
DA:729,0
DA:732,0
DA:740,0
DA:746,0
DA:747,0
DA:750,0
DA:759,0
DA:761,0
DA:767,0
DA:769,0
DA:774,0
DA:782,0
DA:783,0
DA:785,0
DA:786,0
DA:787,0
DA:791,0
DA:801,0
DA:802,0
DA:804,0
DA:805,0
DA:807,0
DA:808,0
DA:810,0
DA:822,0
DA:823,0
DA:825,0
DA:826,0
DA:827,0
DA:836,0
DA:838,0
DA:839,0
DA:840,0
DA:842,0
DA:853,0
DA:855,0
DA:856,0
DA:859,0
DA:869,0
DA:879,0
DA:886,0
DA:887,0
DA:889,0
DA:890,0
DA:893,0
DA:904,0
LF:196
LH:0
BRDA:19,0,0,0
BRDA:19,0,1,0
BRDA:22,1,0,0
BRDA:22,1,1,0
BRDA:129,2,0,0
BRDA:233,3,0,0
BRDA:233,3,1,0
BRDA:234,4,0,0
BRDA:234,4,1,0
BRDA:243,5,0,0
BRDA:243,5,1,0
BRDA:329,6,0,0
BRDA:330,7,0,0
BRDA:346,8,0,0
BRDA:346,8,1,0
BRDA:351,9,0,0
BRDA:351,9,1,0
BRDA:364,10,0,0
BRDA:364,10,1,0
BRDA:419,11,0,0
BRDA:419,11,1,0
BRDA:430,12,0,0
BRDA:430,12,1,0
BRDA:430,12,2,0
BRDA:430,12,3,0
BRDA:430,12,4,0
BRDA:430,12,5,0
BRDA:499,13,0,0
BRDA:499,13,1,0
BRDA:516,14,0,0
BRDA:516,14,1,0
BRDA:526,15,0,0
BRDA:526,15,1,0
BRDA:560,16,0,0
BRDA:560,16,1,0
BRDA:563,17,0,0
BRDA:563,17,1,0
BRDA:563,18,0,0
BRDA:563,18,1,0
BRDA:575,19,0,0
BRDA:575,19,1,0
BRDA:575,20,0,0
BRDA:575,20,1,0
BRDA:579,21,0,0
BRDA:579,21,1,0
BRDA:579,22,0,0
BRDA:579,22,1,0
BRDA:583,23,0,0
BRDA:583,23,1,0
BRDA:583,24,0,0
BRDA:583,24,1,0
BRDA:596,25,0,0
BRDA:596,25,1,0
BRDA:602,26,0,0
BRDA:602,26,1,0
BRDA:615,27,0,0
BRDA:615,27,1,0
BRDA:620,28,0,0
BRDA:620,28,1,0
BRDA:625,29,0,0
BRDA:625,29,1,0
BRDA:638,30,0,0
BRDA:638,30,1,0
BRDA:643,31,0,0
BRDA:643,31,1,0
BRDA:648,32,0,0
BRDA:648,32,1,0
BRDA:661,33,0,0
BRDA:661,33,1,0
BRDA:662,34,0,0
BRDA:662,34,1,0
BRDA:663,35,0,0
BRDA:663,35,1,0
BRDA:666,36,0,0
BRDA:666,36,1,0
BRDA:667,37,0,0
BRDA:667,37,1,0
BRDA:670,38,0,0
BRDA:670,38,1,0
BRDA:671,39,0,0
BRDA:671,39,1,0
BRDA:711,40,0,0
BRDA:711,40,1,0
BRDA:786,41,0,0
BRDA:786,41,1,0
BRDA:827,42,0,0
BRDA:827,42,1,0
BRDA:842,43,0,0
BRDA:842,43,1,0
BRDA:853,44,0,0
BRDA:853,44,1,0
BRDA:856,45,0,0
BRDA:856,45,1,0
BRF:93
BRH:0
end_of_record
TN:
SF:src/utils/logger.js
FN:24,(anonymous_0)
FN:48,(anonymous_1)
FN:84,(anonymous_2)
FN:127,(anonymous_3)
FN:237,(anonymous_4)
FN:288,(anonymous_5)
FN:329,(anonymous_6)
FN:341,(anonymous_7)
FN:363,(anonymous_8)
FN:368,(anonymous_9)
FN:384,(anonymous_10)
FN:386,(anonymous_11)
FN:387,(anonymous_12)
FN:388,(anonymous_13)
FN:393,(anonymous_14)
FN:405,(anonymous_15)
FN:415,(anonymous_16)
FN:426,(anonymous_17)
FN:438,(anonymous_18)
FN:448,(anonymous_19)
FN:458,(anonymous_20)
FN:468,(anonymous_21)
FN:476,(anonymous_22)
FN:486,(anonymous_23)
FN:496,(anonymous_24)
FN:506,(anonymous_25)
FN:519,(anonymous_26)
FN:531,(anonymous_27)
FN:541,(anonymous_28)
FN:554,(anonymous_29)
FN:572,(anonymous_30)
FN:581,(anonymous_31)
FN:596,(anonymous_32)
FN:606,(anonymous_33)
FN:616,(anonymous_34)
FN:627,(anonymous_35)
FN:639,(anonymous_36)
FN:656,(anonymous_37)
FNF:38
FNH:16
FNDA:247,(anonymous_0)
FNDA:12,(anonymous_1)
FNDA:104,(anonymous_2)
FNDA:0,(anonymous_3)
FNDA:0,(anonymous_4)
FNDA:0,(anonymous_5)
FNDA:104,(anonymous_6)
FNDA:390,(anonymous_7)
FNDA:456,(anonymous_8)
FNDA:7076,(anonymous_9)
FNDA:0,(anonymous_10)
FNDA:50,(anonymous_11)
FNDA:16,(anonymous_12)
FNDA:12,(anonymous_13)
FNDA:0,(anonymous_14)
FNDA:0,(anonymous_15)
FNDA:0,(anonymous_16)
FNDA:4,(anonymous_17)
FNDA:0,(anonymous_18)
FNDA:0,(anonymous_19)
FNDA:1,(anonymous_20)
FNDA:0,(anonymous_21)
FNDA:7,(anonymous_22)
FNDA:0,(anonymous_23)
FNDA:0,(anonymous_24)
FNDA:0,(anonymous_25)
FNDA:104,(anonymous_26)
FNDA:0,(anonymous_27)
FNDA:0,(anonymous_28)
FNDA:0,(anonymous_29)
FNDA:0,(anonymous_30)
FNDA:0,(anonymous_31)
FNDA:0,(anonymous_32)
FNDA:0,(anonymous_33)
FNDA:0,(anonymous_34)
FNDA:0,(anonymous_35)
FNDA:104,(anonymous_36)
FNDA:104,(anonymous_37)
DA:1,8
DA:2,8
DA:3,8
DA:11,8
DA:12,8
DA:13,1
DA:17,8
DA:25,247
DA:35,247
DA:41,8
DA:59,12
DA:72,12
DA:78,8
DA:94,104
DA:106,104
DA:112,8
DA:128,0
DA:131,0
DA:184,8
DA:211,8
DA:229,8
DA:248,0
DA:261,0
DA:280,8
DA:298,0
DA:310,0
DA:329,8
DA:330,104
DA:341,8
DA:342,390
DA:344,390
DA:361,390
DA:363,390
DA:364,456
DA:365,573
DA:366,548
DA:368,7076
DA:369,46
DA:370,502
DA:371,66
DA:377,390
DA:378,390
DA:382,8
DA:385,0
DA:386,50
DA:387,16
DA:389,12
DA:394,0
DA:406,0
DA:416,0
DA:427,4
DA:439,0
DA:449,0
DA:459,1
DA:469,0
DA:477,7
DA:487,0
DA:497,0
DA:507,0
DA:521,104
DA:522,104
DA:532,0
DA:533,0
DA:542,0
DA:543,0
DA:562,0
DA:573,0
DA:582,0
DA:597,0
DA:607,0
DA:617,0
DA:628,0
DA:640,104
DA:641,104
DA:644,104
DA:647,104
DA:655,104
DA:656,104
DA:657,104
DA:660,104
DA:669,104
DA:670,65
DA:677,104
DA:680,104
DA:685,8
LF:85
LH:58
BRDA:12,0,0,1
BRDA:12,0,1,7
BRDA:28,1,0,247
BRDA:28,1,1,0
BRDA:30,2,0,247
BRDA:30,2,1,25
BRDA:31,3,0,247
BRDA:31,3,1,169
BRDA:64,4,0,12
BRDA:64,4,1,10
BRDA:65,5,0,12
BRDA:65,5,1,8
BRDA:66,6,0,12
BRDA:66,6,1,12
BRDA:67,7,0,12
BRDA:67,7,1,0
BRDA:68,8,0,12
BRDA:68,8,1,0
BRDA:113,9,0,8
BRDA:113,9,1,0
BRDA:117,10,0,8
BRDA:117,10,1,0
BRDA:118,11,0,8
BRDA:118,11,1,8
BRDA:128,12,0,0
BRDA:128,12,1,0
BRDA:189,13,0,8
BRDA:189,13,1,0
BRDA:216,14,0,8
BRDA:216,14,1,0
BRDA:253,15,0,0
BRDA:253,15,1,0
BRDA:254,16,0,0
BRDA:254,16,1,0
BRDA:255,17,0,0
BRDA:255,17,1,0
BRDA:256,18,0,0
BRDA:256,18,1,0
BRDA:257,19,0,0
BRDA:257,19,1,0
BRDA:267,20,0,8
BRDA:267,20,1,0
BRDA:303,21,0,0
BRDA:303,21,1,0
BRDA:304,22,0,0
BRDA:304,22,1,0
BRDA:305,23,0,0
BRDA:305,23,1,0
BRDA:306,24,0,0
BRDA:306,24,1,0
BRDA:316,25,0,8
BRDA:316,25,1,0
BRDA:331,26,0,104
BRDA:331,26,1,104
BRDA:331,26,2,104
BRDA:332,27,0,104
BRDA:332,27,1,104
BRDA:332,27,2,104
BRDA:333,28,0,104
BRDA:333,28,1,0
BRDA:333,28,2,0
BRDA:334,29,0,104
BRDA:334,29,1,104
BRDA:336,30,0,104
BRDA:336,30,1,0
BRDA:337,31,0,104
BRDA:337,31,1,104
BRDA:342,32,0,0
BRDA:342,32,1,390
BRDA:342,33,0,390
BRDA:342,33,1,390
BRDA:365,34,0,548
BRDA:365,34,1,25
BRDA:368,35,0,46
BRDA:368,35,1,502
BRDA:370,36,0,66
BRDA:370,36,1,436
BRDA:370,37,0,502
BRDA:370,37,1,74
BRDA:384,38,0,0
BRDA:386,39,0,25
BRDA:387,40,0,0
BRDA:388,41,0,0
BRDA:393,42,0,0
BRDA:393,43,0,0
BRDA:519,44,0,0
BRDA:521,45,0,0
BRDA:521,45,1,104
BRDA:521,46,0,0
BRDA:521,46,1,104
BRDA:531,47,0,0
BRDA:532,48,0,0
BRDA:532,48,1,0
BRDA:541,49,0,0
BRDA:542,50,0,0
BRDA:542,50,1,0
BRDA:542,51,0,0
BRDA:542,51,1,0
BRDA:558,52,0,0
BRDA:559,53,0,0
BRDA:560,54,0,0
BRDA:572,55,0,0
BRDA:581,56,0,0
BRDA:662,57,0,104
BRDA:662,57,1,0
BRDA:669,58,0,65
BRDA:669,58,1,39
BRF:107
BRH:52
end_of_record
TN:
SF:src/validators/inputValidator.js
FN:12,(anonymous_0)
FN:39,(anonymous_1)
FN:103,(anonymous_2)
FN:131,(anonymous_3)
FN:216,(anonymous_4)
FN:250,(anonymous_5)
FN:296,(anonymous_6)
FN:345,(anonymous_7)
FN:382,(anonymous_8)
FN:395,(anonymous_9)
FN:429,(anonymous_10)
FN:462,(anonymous_11)
FN:495,(anonymous_12)
FN:549,(anonymous_13)
FN:550,(anonymous_14)
FN:579,(anonymous_15)
FN:623,(anonymous_16)
FN:666,(anonymous_17)
FNF:18
FNH:0
FNDA:0,(anonymous_0)
FNDA:0,(anonymous_1)
FNDA:0,(anonymous_2)
FNDA:0,(anonymous_3)
FNDA:0,(anonymous_4)
FNDA:0,(anonymous_5)
FNDA:0,(anonymous_6)
FNDA:0,(anonymous_7)
FNDA:0,(anonymous_8)
FNDA:0,(anonymous_9)
FNDA:0,(anonymous_10)
FNDA:0,(anonymous_11)
FNDA:0,(anonymous_12)
FNDA:0,(anonymous_13)
FNDA:0,(anonymous_14)
FNDA:0,(anonymous_15)
FNDA:0,(anonymous_16)
FNDA:0,(anonymous_17)
DA:1,0
DA:2,0
DA:3,0
DA:4,0
DA:5,0
DA:13,0
DA:16,0
DA:27,0
DA:40,0
DA:95,0
DA:104,0
DA:123,0
DA:132,0
DA:208,0
DA:217,0
DA:242,0
DA:251,0
DA:288,0
DA:297,0
DA:337,0
DA:346,0
DA:372,0
DA:383,0
DA:385,0
DA:388,0
DA:394,0
DA:395,0
DA:402,0
DA:408,0
DA:416,0
DA:417,0
DA:419,0
DA:427,0
DA:429,0
DA:437,0
DA:443,0
DA:449,0
DA:463,0
DA:464,0
DA:467,0
DA:469,0
DA:470,0
DA:472,0
DA:475,0
DA:476,0
DA:479,0
DA:480,0
DA:482,0
DA:486,0
DA:496,0
DA:499,0
DA:506,0
DA:514,0
DA:516,0
DA:517,0
DA:518,0
DA:521,0
DA:522,0
DA:524,0
DA:532,0
DA:533,0
DA:536,0
DA:550,0
DA:551,0
DA:552,0
DA:553,0
DA:554,0
DA:559,0
DA:562,0
DA:563,0
DA:564,0
DA:569,0
DA:570,0
DA:581,0
DA:590,0
DA:591,0
DA:592,0
DA:593,0
DA:598,0
DA:603,0
DA:604,0
DA:605,0
DA:606,0
DA:607,0
DA:612,0
DA:624,0
DA:625,0
DA:628,0
DA:639,0
DA:641,0
DA:642,0
DA:643,0
DA:648,0
DA:649,0
DA:650,0
DA:653,0
DA:654,0
DA:657,0
DA:671,0
DA:673,0
DA:675,0
DA:676,0
DA:677,0
DA:681,0
DA:682,0
DA:689,0
DA:690,0
DA:697,0
DA:700,0
DA:701,0
DA:708,0
DA:715,0
DA:716,0
DA:717,0
DA:721,0
DA:725,0
DA:733,0
DA:735,0
DA:736,0
DA:737,0
LF:120
LH:0
BRDA:394,0,0,0
BRDA:394,0,1,0
BRDA:417,1,0,0
BRDA:417,1,1,0
BRDA:463,2,0,0
BRDA:463,2,1,0
BRDA:463,3,0,0
BRDA:463,3,1,0
BRDA:470,4,0,0
BRDA:470,4,1,0
BRDA:475,5,0,0
BRDA:475,5,1,0
BRDA:477,6,0,0
BRDA:477,6,1,0
BRDA:479,7,0,0
BRDA:479,7,1,0
BRDA:479,8,0,0
BRDA:479,8,1,0
BRDA:522,9,0,0
BRDA:522,9,1,0
BRDA:532,10,0,0
BRDA:532,10,1,0
BRDA:532,11,0,0
BRDA:532,11,1,0
BRDA:551,12,0,0
BRDA:551,12,1,0
BRDA:553,13,0,0
BRDA:553,13,1,0
BRDA:562,14,0,0
BRDA:562,14,1,0
BRDA:562,15,0,0
BRDA:562,15,1,0
BRDA:590,16,0,0
BRDA:590,16,1,0
BRDA:592,17,0,0
BRDA:592,17,1,0
BRDA:603,18,0,0
BRDA:603,18,1,0
BRDA:603,19,0,0
BRDA:603,19,1,0
BRDA:606,20,0,0
BRDA:606,20,1,0
BRDA:624,21,0,0
BRDA:624,21,1,0
BRDA:624,22,0,0
BRDA:624,22,1,0
BRDA:642,23,0,0
BRDA:642,23,1,0
BRDA:648,24,0,0
BRDA:648,24,1,0
BRDA:653,25,0,0
BRDA:653,25,1,0
BRDA:666,26,0,0
BRDA:668,27,0,0
BRDA:669,28,0,0
BRDA:670,29,0,0
BRDA:675,30,0,0
BRDA:675,30,1,0
BRDA:681,31,0,0
BRDA:681,31,1,0
BRDA:689,32,0,0
BRDA:689,32,1,0
BRDA:700,33,0,0
BRDA:700,33,1,0
BRDA:716,34,0,0
BRDA:716,34,1,0
BRF:66
BRH:0
end_of_record
